Listening for transport dt_socket at address: 1044
0    [main] INFO  org.eclipse.jetty.util.log  – Logging initialized @6302ms
189  [main] INFO  org.eclipse.jetty.server.Server  – jetty-9.2.9.v20150224
209  [main] WARN  org.eclipse.jetty.server.handler.RequestLogHandler  – !RequestLog
212  [main] INFO  org.eclipse.jetty.deploy.providers.ScanningAppProvider  – Deployment monitor [file:/Users/jie/Documents/data/infosense/dumpling/solr_trunk/solr/server/contexts/] at interval 0
687  [main] INFO  org.eclipse.jetty.webapp.StandardDescriptorProcessor  – NO JSP Support for /solr, did not find org.apache.jasper.servlet.JspServlet
701  [main] WARN  org.eclipse.jetty.security.SecurityHandler  – ServletContext@o.e.j.w.WebAppContext@7e07db1f{/solr,file:/Users/jie/Documents/data/infosense/dumpling/solr_trunk/solr/server/solr-webapp/webapp/,STARTING}{/solr.war} has uncovered http methods for path: /
727  [main] INFO  org.apache.solr.servlet.SolrDispatchFilter  – SolrDispatchFilter.init()WebAppClassLoader=904058452@35e2d654
738  [main] INFO  org.apache.solr.core.SolrResourceLoader  – JNDI not configured for solr (NoInitialContextEx)
738  [main] INFO  org.apache.solr.core.SolrResourceLoader  – using system property solr.solr.home: /Users/jie/Documents/data/infosense/dumpling/solr_trunk/solr/server/solr
739  [main] INFO  org.apache.solr.core.SolrResourceLoader  – new SolrResourceLoader for directory: '/Users/jie/Documents/data/infosense/dumpling/solr_trunk/solr/server/solr/'
822  [main] INFO  org.apache.solr.core.SolrXmlConfig  – Loading container configuration from /Users/jie/Documents/data/infosense/dumpling/solr_trunk/solr/server/solr/solr.xml
885  [main] INFO  org.apache.solr.core.CoresLocator  – Config-defined core root directory: /Users/jie/Documents/data/infosense/dumpling/solr_trunk/solr/server/solr
901  [main] INFO  org.apache.solr.core.CoreContainer  – New CoreContainer 1355887174
902  [main] INFO  org.apache.solr.core.CoreContainer  – Loading cores into CoreContainer [instanceDir=/Users/jie/Documents/data/infosense/dumpling/solr_trunk/solr/server/solr/]
902  [main] INFO  org.apache.solr.core.CoreContainer  – loading shared library: /Users/jie/Documents/data/infosense/dumpling/solr_trunk/solr/server/solr/lib
902  [main] WARN  org.apache.solr.core.SolrResourceLoader  – Can't find (or read) directory to add to classloader: lib (resolved as: /Users/jie/Documents/data/infosense/dumpling/solr_trunk/solr/server/solr/lib).
918  [main] INFO  org.apache.solr.handler.component.HttpShardHandlerFactory  – Setting socketTimeout to: 600000
918  [main] INFO  org.apache.solr.handler.component.HttpShardHandlerFactory  – Setting urlScheme to: null
922  [main] INFO  org.apache.solr.handler.component.HttpShardHandlerFactory  – Setting connTimeout to: 60000
922  [main] INFO  org.apache.solr.handler.component.HttpShardHandlerFactory  – Setting maxConnectionsPerHost to: 20
922  [main] INFO  org.apache.solr.handler.component.HttpShardHandlerFactory  – Setting maxConnections to: 10000
922  [main] INFO  org.apache.solr.handler.component.HttpShardHandlerFactory  – Setting corePoolSize to: 0
923  [main] INFO  org.apache.solr.handler.component.HttpShardHandlerFactory  – Setting maximumPoolSize to: 2147483647
923  [main] INFO  org.apache.solr.handler.component.HttpShardHandlerFactory  – Setting maxThreadIdleTime to: 5
923  [main] INFO  org.apache.solr.handler.component.HttpShardHandlerFactory  – Setting sizeOfQueue to: -1
923  [main] INFO  org.apache.solr.handler.component.HttpShardHandlerFactory  – Setting fairnessPolicy to: false
923  [main] INFO  org.apache.solr.handler.component.HttpShardHandlerFactory  – Setting useRetries to: false
1049 [main] INFO  org.apache.solr.update.UpdateShardHandler  – Creating UpdateShardHandler HTTP client with params: socketTimeout=600000&connTimeout=60000&retry=true
1051 [main] INFO  org.apache.solr.logging.LogWatcher  – SLF4J impl is org.slf4j.impl.Log4jLoggerFactory
1052 [main] INFO  org.apache.solr.logging.LogWatcher  – Registering Log Listener [Log4j (org.slf4j.impl.Log4jLoggerFactory)]
1053 [main] INFO  org.apache.solr.core.CoreContainer  – Node Name: 
1080 [main] INFO  org.apache.solr.core.CoresLocator  – Looking for core definitions underneath /Users/jie/Documents/data/infosense/dumpling/solr_trunk/solr/server/solr
1084 [main] INFO  org.apache.solr.core.CoresLocator  – Found 0 core definitions
1086 [main] INFO  org.apache.solr.servlet.SolrDispatchFilter  – user.dir=/Users/jie/Documents/data/infosense/dumpling/solr_trunk/solr/server
1086 [main] INFO  org.apache.solr.servlet.SolrDispatchFilter  – SolrDispatchFilter.init() done
1098 [main] INFO  org.eclipse.jetty.server.handler.ContextHandler  – Started o.e.j.w.WebAppContext@7e07db1f{/solr,file:/Users/jie/Documents/data/infosense/dumpling/solr_trunk/solr/server/solr-webapp/webapp/,AVAILABLE}{/solr.war}
1108 [main] INFO  org.eclipse.jetty.server.ServerConnector  – Started ServerConnector@1cbf6e72{HTTP/1.1}{0.0.0.0:8983}
1109 [main] INFO  org.eclipse.jetty.server.Server  – Started @7414ms
9068 [qtp477289012-16] INFO  org.apache.solr.handler.admin.CoreAdminHandler  – core create command schema=schema.xml&dataDir=data&name=cmu&indexInfo=false&action=CREATE&collection=&shard=&wt=json&instanceDir=cmu&config=solrconfig.xml&_=1426187629442
CORE DESCRIPTOR: {name=cmu, config=solrconfig.xml, instanceDir=cmu, loadOnStartup=true, absoluteInstDir=/Users/jie/Documents/data/infosense/dumpling/solr_trunk/solr/server/solr/cmu/, schema=schema.xml, transient=false, dataDir=data}
9071 [qtp477289012-16] INFO  org.apache.solr.core.SolrResourceLoader  – new SolrResourceLoader for directory: '/Users/jie/Documents/data/infosense/dumpling/solr_trunk/solr/server/solr/cmu/'
9155 [qtp477289012-16] INFO  org.apache.solr.core.SolrConfig  – current version of requestparams : -1
9163 [qtp477289012-16] INFO  org.apache.solr.core.SolrConfig  – Adding specified lib dirs to ClassLoader
9166 [qtp477289012-16] INFO  org.apache.solr.core.SolrResourceLoader  – Adding 'file:/Users/jie/Documents/data/infosense/dumpling/solr_trunk/solr/dist/solr-dataimporthandler-6.0.0-SNAPSHOT.jar' to classloader
9166 [qtp477289012-16] INFO  org.apache.solr.core.SolrResourceLoader  – Adding 'file:/Users/jie/Documents/data/infosense/dumpling/solr_trunk/solr/dist/solr-dataimporthandler-extras-6.0.0-SNAPSHOT.jar' to classloader
9169 [qtp477289012-16] INFO  org.apache.solr.core.SolrResourceLoader  – Adding 'file:/Users/jie/Documents/data/infosense/dumpling/solr_trunk/solr/contrib/extraction/lib/apache-mime4j-core-0.7.2.jar' to classloader
9170 [qtp477289012-16] INFO  org.apache.solr.core.SolrResourceLoader  – Adding 'file:/Users/jie/Documents/data/infosense/dumpling/solr_trunk/solr/contrib/extraction/lib/apache-mime4j-dom-0.7.2.jar' to classloader
9170 [qtp477289012-16] INFO  org.apache.solr.core.SolrResourceLoader  – Adding 'file:/Users/jie/Documents/data/infosense/dumpling/solr_trunk/solr/contrib/extraction/lib/aspectjrt-1.8.0.jar' to classloader
9171 [qtp477289012-16] INFO  org.apache.solr.core.SolrResourceLoader  – Adding 'file:/Users/jie/Documents/data/infosense/dumpling/solr_trunk/solr/contrib/extraction/lib/bcmail-jdk15-1.45.jar' to classloader
9171 [qtp477289012-16] INFO  org.apache.solr.core.SolrResourceLoader  – Adding 'file:/Users/jie/Documents/data/infosense/dumpling/solr_trunk/solr/contrib/extraction/lib/bcprov-jdk15-1.45.jar' to classloader
9172 [qtp477289012-16] INFO  org.apache.solr.core.SolrResourceLoader  – Adding 'file:/Users/jie/Documents/data/infosense/dumpling/solr_trunk/solr/contrib/extraction/lib/boilerpipe-1.1.0.jar' to classloader
9172 [qtp477289012-16] INFO  org.apache.solr.core.SolrResourceLoader  – Adding 'file:/Users/jie/Documents/data/infosense/dumpling/solr_trunk/solr/contrib/extraction/lib/commons-compress-1.8.1.jar' to classloader
9172 [qtp477289012-16] INFO  org.apache.solr.core.SolrResourceLoader  – Adding 'file:/Users/jie/Documents/data/infosense/dumpling/solr_trunk/solr/contrib/extraction/lib/fontbox-1.8.8.jar' to classloader
9173 [qtp477289012-16] INFO  org.apache.solr.core.SolrResourceLoader  – Adding 'file:/Users/jie/Documents/data/infosense/dumpling/solr_trunk/solr/contrib/extraction/lib/icu4j-54.1.jar' to classloader
9173 [qtp477289012-16] INFO  org.apache.solr.core.SolrResourceLoader  – Adding 'file:/Users/jie/Documents/data/infosense/dumpling/solr_trunk/solr/contrib/extraction/lib/isoparser-1.0.2.jar' to classloader
9173 [qtp477289012-16] INFO  org.apache.solr.core.SolrResourceLoader  – Adding 'file:/Users/jie/Documents/data/infosense/dumpling/solr_trunk/solr/contrib/extraction/lib/java-libpst-0.8.1.jar' to classloader
9174 [qtp477289012-16] INFO  org.apache.solr.core.SolrResourceLoader  – Adding 'file:/Users/jie/Documents/data/infosense/dumpling/solr_trunk/solr/contrib/extraction/lib/jdom-1.0.jar' to classloader
9174 [qtp477289012-16] INFO  org.apache.solr.core.SolrResourceLoader  – Adding 'file:/Users/jie/Documents/data/infosense/dumpling/solr_trunk/solr/contrib/extraction/lib/jempbox-1.8.8.jar' to classloader
9174 [qtp477289012-16] INFO  org.apache.solr.core.SolrResourceLoader  – Adding 'file:/Users/jie/Documents/data/infosense/dumpling/solr_trunk/solr/contrib/extraction/lib/jhighlight-1.0.jar' to classloader
9175 [qtp477289012-16] INFO  org.apache.solr.core.SolrResourceLoader  – Adding 'file:/Users/jie/Documents/data/infosense/dumpling/solr_trunk/solr/contrib/extraction/lib/jmatio-1.0.jar' to classloader
9175 [qtp477289012-16] INFO  org.apache.solr.core.SolrResourceLoader  – Adding 'file:/Users/jie/Documents/data/infosense/dumpling/solr_trunk/solr/contrib/extraction/lib/juniversalchardet-1.0.3.jar' to classloader
9175 [qtp477289012-16] INFO  org.apache.solr.core.SolrResourceLoader  – Adding 'file:/Users/jie/Documents/data/infosense/dumpling/solr_trunk/solr/contrib/extraction/lib/metadata-extractor-2.6.2.jar' to classloader
9176 [qtp477289012-16] INFO  org.apache.solr.core.SolrResourceLoader  – Adding 'file:/Users/jie/Documents/data/infosense/dumpling/solr_trunk/solr/contrib/extraction/lib/pdfbox-1.8.8.jar' to classloader
9176 [qtp477289012-16] INFO  org.apache.solr.core.SolrResourceLoader  – Adding 'file:/Users/jie/Documents/data/infosense/dumpling/solr_trunk/solr/contrib/extraction/lib/poi-3.11.jar' to classloader
9176 [qtp477289012-16] INFO  org.apache.solr.core.SolrResourceLoader  – Adding 'file:/Users/jie/Documents/data/infosense/dumpling/solr_trunk/solr/contrib/extraction/lib/poi-ooxml-3.11.jar' to classloader
9177 [qtp477289012-16] INFO  org.apache.solr.core.SolrResourceLoader  – Adding 'file:/Users/jie/Documents/data/infosense/dumpling/solr_trunk/solr/contrib/extraction/lib/poi-ooxml-schemas-3.11.jar' to classloader
9177 [qtp477289012-16] INFO  org.apache.solr.core.SolrResourceLoader  – Adding 'file:/Users/jie/Documents/data/infosense/dumpling/solr_trunk/solr/contrib/extraction/lib/poi-scratchpad-3.11.jar' to classloader
9177 [qtp477289012-16] INFO  org.apache.solr.core.SolrResourceLoader  – Adding 'file:/Users/jie/Documents/data/infosense/dumpling/solr_trunk/solr/contrib/extraction/lib/rome-1.0.jar' to classloader
9177 [qtp477289012-16] INFO  org.apache.solr.core.SolrResourceLoader  – Adding 'file:/Users/jie/Documents/data/infosense/dumpling/solr_trunk/solr/contrib/extraction/lib/tagsoup-1.2.1.jar' to classloader
9177 [qtp477289012-16] INFO  org.apache.solr.core.SolrResourceLoader  – Adding 'file:/Users/jie/Documents/data/infosense/dumpling/solr_trunk/solr/contrib/extraction/lib/tika-core-1.7.jar' to classloader
9177 [qtp477289012-16] INFO  org.apache.solr.core.SolrResourceLoader  – Adding 'file:/Users/jie/Documents/data/infosense/dumpling/solr_trunk/solr/contrib/extraction/lib/tika-java7-1.7.jar' to classloader
9178 [qtp477289012-16] INFO  org.apache.solr.core.SolrResourceLoader  – Adding 'file:/Users/jie/Documents/data/infosense/dumpling/solr_trunk/solr/contrib/extraction/lib/tika-parsers-1.7.jar' to classloader
9178 [qtp477289012-16] INFO  org.apache.solr.core.SolrResourceLoader  – Adding 'file:/Users/jie/Documents/data/infosense/dumpling/solr_trunk/solr/contrib/extraction/lib/tika-xmp-1.7.jar' to classloader
9178 [qtp477289012-16] INFO  org.apache.solr.core.SolrResourceLoader  – Adding 'file:/Users/jie/Documents/data/infosense/dumpling/solr_trunk/solr/contrib/extraction/lib/vorbis-java-core-0.6.jar' to classloader
9178 [qtp477289012-16] INFO  org.apache.solr.core.SolrResourceLoader  – Adding 'file:/Users/jie/Documents/data/infosense/dumpling/solr_trunk/solr/contrib/extraction/lib/vorbis-java-tika-0.6.jar' to classloader
9178 [qtp477289012-16] INFO  org.apache.solr.core.SolrResourceLoader  – Adding 'file:/Users/jie/Documents/data/infosense/dumpling/solr_trunk/solr/contrib/extraction/lib/xercesImpl-2.9.1.jar' to classloader
9178 [qtp477289012-16] INFO  org.apache.solr.core.SolrResourceLoader  – Adding 'file:/Users/jie/Documents/data/infosense/dumpling/solr_trunk/solr/contrib/extraction/lib/xmlbeans-2.6.0.jar' to classloader
9179 [qtp477289012-16] INFO  org.apache.solr.core.SolrResourceLoader  – Adding 'file:/Users/jie/Documents/data/infosense/dumpling/solr_trunk/solr/contrib/extraction/lib/xmpcore-5.1.2.jar' to classloader
9179 [qtp477289012-16] INFO  org.apache.solr.core.SolrResourceLoader  – Adding 'file:/Users/jie/Documents/data/infosense/dumpling/solr_trunk/solr/contrib/extraction/lib/xz-1.5.jar' to classloader
9179 [qtp477289012-16] INFO  org.apache.solr.core.SolrResourceLoader  – Adding 'file:/Users/jie/Documents/data/infosense/dumpling/solr_trunk/solr/dist/solr-cell-6.0.0-SNAPSHOT.jar' to classloader
9180 [qtp477289012-16] INFO  org.apache.solr.core.SolrResourceLoader  – Adding 'file:/Users/jie/Documents/data/infosense/dumpling/solr_trunk/solr/contrib/clustering/lib/attributes-binder-1.2.1.jar' to classloader
9180 [qtp477289012-16] INFO  org.apache.solr.core.SolrResourceLoader  – Adding 'file:/Users/jie/Documents/data/infosense/dumpling/solr_trunk/solr/contrib/clustering/lib/carrot2-mini-3.9.0.jar' to classloader
9181 [qtp477289012-16] INFO  org.apache.solr.core.SolrResourceLoader  – Adding 'file:/Users/jie/Documents/data/infosense/dumpling/solr_trunk/solr/contrib/clustering/lib/hppc-0.5.2.jar' to classloader
9181 [qtp477289012-16] INFO  org.apache.solr.core.SolrResourceLoader  – Adding 'file:/Users/jie/Documents/data/infosense/dumpling/solr_trunk/solr/contrib/clustering/lib/jackson-core-asl-1.9.13.jar' to classloader
9181 [qtp477289012-16] INFO  org.apache.solr.core.SolrResourceLoader  – Adding 'file:/Users/jie/Documents/data/infosense/dumpling/solr_trunk/solr/contrib/clustering/lib/jackson-mapper-asl-1.9.13.jar' to classloader
9181 [qtp477289012-16] INFO  org.apache.solr.core.SolrResourceLoader  – Adding 'file:/Users/jie/Documents/data/infosense/dumpling/solr_trunk/solr/contrib/clustering/lib/mahout-collections-1.0.jar' to classloader
9181 [qtp477289012-16] INFO  org.apache.solr.core.SolrResourceLoader  – Adding 'file:/Users/jie/Documents/data/infosense/dumpling/solr_trunk/solr/contrib/clustering/lib/mahout-math-0.6.jar' to classloader
9181 [qtp477289012-16] INFO  org.apache.solr.core.SolrResourceLoader  – Adding 'file:/Users/jie/Documents/data/infosense/dumpling/solr_trunk/solr/contrib/clustering/lib/simple-xml-2.7.jar' to classloader
9182 [qtp477289012-16] INFO  org.apache.solr.core.SolrResourceLoader  – Adding 'file:/Users/jie/Documents/data/infosense/dumpling/solr_trunk/solr/dist/solr-clustering-6.0.0-SNAPSHOT.jar' to classloader
9182 [qtp477289012-16] INFO  org.apache.solr.core.SolrResourceLoader  – Adding 'file:/Users/jie/Documents/data/infosense/dumpling/solr_trunk/solr/contrib/langid/lib/jsonic-1.2.7.jar' to classloader
9183 [qtp477289012-16] INFO  org.apache.solr.core.SolrResourceLoader  – Adding 'file:/Users/jie/Documents/data/infosense/dumpling/solr_trunk/solr/contrib/langid/lib/langdetect-1.1-20120112.jar' to classloader
9184 [qtp477289012-16] INFO  org.apache.solr.core.SolrResourceLoader  – Adding 'file:/Users/jie/Documents/data/infosense/dumpling/solr_trunk/solr/dist/solr-langid-6.0.0-SNAPSHOT.jar' to classloader
9184 [qtp477289012-16] INFO  org.apache.solr.core.SolrResourceLoader  – Adding 'file:/Users/jie/Documents/data/infosense/dumpling/solr_trunk/solr/contrib/velocity/lib/commons-beanutils-1.8.3.jar' to classloader
9185 [qtp477289012-16] INFO  org.apache.solr.core.SolrResourceLoader  – Adding 'file:/Users/jie/Documents/data/infosense/dumpling/solr_trunk/solr/contrib/velocity/lib/commons-collections-3.2.1.jar' to classloader
9186 [qtp477289012-16] INFO  org.apache.solr.core.SolrResourceLoader  – Adding 'file:/Users/jie/Documents/data/infosense/dumpling/solr_trunk/solr/contrib/velocity/lib/velocity-1.7.jar' to classloader
9186 [qtp477289012-16] INFO  org.apache.solr.core.SolrResourceLoader  – Adding 'file:/Users/jie/Documents/data/infosense/dumpling/solr_trunk/solr/contrib/velocity/lib/velocity-tools-2.0.jar' to classloader
9188 [qtp477289012-16] INFO  org.apache.solr.core.SolrResourceLoader  – Adding 'file:/Users/jie/Documents/data/infosense/dumpling/solr_trunk/solr/dist/solr-velocity-6.0.0-SNAPSHOT.jar' to classloader
9267 [qtp477289012-16] INFO  org.apache.solr.update.SolrIndexConfig  – IndexWriter infoStream solr logging is enabled
9277 [qtp477289012-16] INFO  org.apache.solr.core.SolrConfig  – Using Lucene MatchVersion: 5.0.0
9410 [qtp477289012-16] INFO  org.apache.solr.core.Config  – Loaded SolrConfig: solrconfig.xml
9417 [qtp477289012-16] INFO  org.apache.solr.schema.IndexSchema  – Reading Solr Schema from /Users/jie/Documents/data/infosense/dumpling/solr_trunk/solr/server/solr/cmu/conf/schema.xml
9488 [qtp477289012-16] INFO  org.apache.solr.schema.IndexSchema  – [cmu] Schema name=example-DIH-solr
9588 [qtp477289012-16] WARN  org.apache.solr.schema.FieldTypePluginLoader  – TokenizerFactory is using deprecated 5.0.0 emulation. You should at some point declare and reindex to at least 6.0, because 5.x emulation is deprecated and will be removed in 7.0
9594 [qtp477289012-16] WARN  org.apache.solr.schema.FieldTypePluginLoader  – TokenizerFactory is using deprecated 5.0.0 emulation. You should at some point declare and reindex to at least 6.0, because 5.x emulation is deprecated and will be removed in 7.0
9595 [qtp477289012-16] WARN  org.apache.solr.schema.FieldTypePluginLoader  – TokenFilterFactory is using deprecated 5.0.0 emulation. You should at some point declare and reindex to at least 6.0, because 5.x emulation is deprecated and will be removed in 7.0
9596 [qtp477289012-16] WARN  org.apache.solr.schema.FieldTypePluginLoader  – TokenFilterFactory is using deprecated 5.0.0 emulation. You should at some point declare and reindex to at least 6.0, because 5.x emulation is deprecated and will be removed in 7.0
9598 [qtp477289012-16] WARN  org.apache.solr.schema.FieldTypePluginLoader  – TokenFilterFactory is using deprecated 5.0.0 emulation. You should at some point declare and reindex to at least 6.0, because 5.x emulation is deprecated and will be removed in 7.0
9601 [qtp477289012-16] WARN  org.apache.solr.schema.FieldTypePluginLoader  – TokenizerFactory is using deprecated 5.0.0 emulation. You should at some point declare and reindex to at least 6.0, because 5.x emulation is deprecated and will be removed in 7.0
9602 [qtp477289012-16] WARN  org.apache.solr.schema.FieldTypePluginLoader  – TokenFilterFactory is using deprecated 5.0.0 emulation. You should at some point declare and reindex to at least 6.0, because 5.x emulation is deprecated and will be removed in 7.0
9604 [qtp477289012-16] WARN  org.apache.solr.schema.FieldTypePluginLoader  – TokenFilterFactory is using deprecated 5.0.0 emulation. You should at some point declare and reindex to at least 6.0, because 5.x emulation is deprecated and will be removed in 7.0
9608 [qtp477289012-16] WARN  org.apache.solr.schema.FieldTypePluginLoader  – TokenizerFactory is using deprecated 5.0.0 emulation. You should at some point declare and reindex to at least 6.0, because 5.x emulation is deprecated and will be removed in 7.0
9609 [qtp477289012-16] WARN  org.apache.solr.schema.FieldTypePluginLoader  – TokenFilterFactory is using deprecated 5.0.0 emulation. You should at some point declare and reindex to at least 6.0, because 5.x emulation is deprecated and will be removed in 7.0
9610 [qtp477289012-16] WARN  org.apache.solr.schema.FieldTypePluginLoader  – TokenFilterFactory is using deprecated 5.0.0 emulation. You should at some point declare and reindex to at least 6.0, because 5.x emulation is deprecated and will be removed in 7.0
9610 [qtp477289012-16] WARN  org.apache.solr.schema.FieldTypePluginLoader  – TokenFilterFactory is using deprecated 5.0.0 emulation. You should at some point declare and reindex to at least 6.0, because 5.x emulation is deprecated and will be removed in 7.0
9611 [qtp477289012-16] WARN  org.apache.solr.schema.FieldTypePluginLoader  – TokenFilterFactory is using deprecated 5.0.0 emulation. You should at some point declare and reindex to at least 6.0, because 5.x emulation is deprecated and will be removed in 7.0
9612 [qtp477289012-16] WARN  org.apache.solr.schema.FieldTypePluginLoader  – TokenFilterFactory is using deprecated 5.0.0 emulation. You should at some point declare and reindex to at least 6.0, because 5.x emulation is deprecated and will be removed in 7.0
9614 [qtp477289012-16] WARN  org.apache.solr.schema.FieldTypePluginLoader  – TokenFilterFactory is using deprecated 5.0.0 emulation. You should at some point declare and reindex to at least 6.0, because 5.x emulation is deprecated and will be removed in 7.0
9617 [qtp477289012-16] WARN  org.apache.solr.schema.FieldTypePluginLoader  – TokenizerFactory is using deprecated 5.0.0 emulation. You should at some point declare and reindex to at least 6.0, because 5.x emulation is deprecated and will be removed in 7.0
9618 [qtp477289012-16] WARN  org.apache.solr.schema.FieldTypePluginLoader  – TokenFilterFactory is using deprecated 5.0.0 emulation. You should at some point declare and reindex to at least 6.0, because 5.x emulation is deprecated and will be removed in 7.0
9618 [qtp477289012-16] WARN  org.apache.solr.schema.FieldTypePluginLoader  – TokenFilterFactory is using deprecated 5.0.0 emulation. You should at some point declare and reindex to at least 6.0, because 5.x emulation is deprecated and will be removed in 7.0
9619 [qtp477289012-16] WARN  org.apache.solr.schema.FieldTypePluginLoader  – TokenFilterFactory is using deprecated 5.0.0 emulation. You should at some point declare and reindex to at least 6.0, because 5.x emulation is deprecated and will be removed in 7.0
9619 [qtp477289012-16] WARN  org.apache.solr.schema.FieldTypePluginLoader  – TokenFilterFactory is using deprecated 5.0.0 emulation. You should at some point declare and reindex to at least 6.0, because 5.x emulation is deprecated and will be removed in 7.0
9620 [qtp477289012-16] WARN  org.apache.solr.schema.FieldTypePluginLoader  – TokenFilterFactory is using deprecated 5.0.0 emulation. You should at some point declare and reindex to at least 6.0, because 5.x emulation is deprecated and will be removed in 7.0
9622 [qtp477289012-16] WARN  org.apache.solr.schema.FieldTypePluginLoader  – TokenizerFactory is using deprecated 5.0.0 emulation. You should at some point declare and reindex to at least 6.0, because 5.x emulation is deprecated and will be removed in 7.0
9623 [qtp477289012-16] WARN  org.apache.solr.schema.FieldTypePluginLoader  – TokenFilterFactory is using deprecated 5.0.0 emulation. You should at some point declare and reindex to at least 6.0, because 5.x emulation is deprecated and will be removed in 7.0
9624 [qtp477289012-16] WARN  org.apache.solr.schema.FieldTypePluginLoader  – TokenFilterFactory is using deprecated 5.0.0 emulation. You should at some point declare and reindex to at least 6.0, because 5.x emulation is deprecated and will be removed in 7.0
9624 [qtp477289012-16] WARN  org.apache.solr.schema.FieldTypePluginLoader  – TokenFilterFactory is using deprecated 5.0.0 emulation. You should at some point declare and reindex to at least 6.0, because 5.x emulation is deprecated and will be removed in 7.0
9626 [qtp477289012-16] WARN  org.apache.solr.schema.FieldTypePluginLoader  – TokenFilterFactory is using deprecated 5.0.0 emulation. You should at some point declare and reindex to at least 6.0, because 5.x emulation is deprecated and will be removed in 7.0
9627 [qtp477289012-16] WARN  org.apache.solr.schema.FieldTypePluginLoader  – TokenFilterFactory is using deprecated 5.0.0 emulation. You should at some point declare and reindex to at least 6.0, because 5.x emulation is deprecated and will be removed in 7.0
9627 [qtp477289012-16] WARN  org.apache.solr.schema.FieldTypePluginLoader  – TokenFilterFactory is using deprecated 5.0.0 emulation. You should at some point declare and reindex to at least 6.0, because 5.x emulation is deprecated and will be removed in 7.0
9630 [qtp477289012-16] WARN  org.apache.solr.schema.FieldTypePluginLoader  – TokenizerFactory is using deprecated 5.0.0 emulation. You should at some point declare and reindex to at least 6.0, because 5.x emulation is deprecated and will be removed in 7.0
9631 [qtp477289012-16] WARN  org.apache.solr.schema.FieldTypePluginLoader  – TokenFilterFactory is using deprecated 5.0.0 emulation. You should at some point declare and reindex to at least 6.0, because 5.x emulation is deprecated and will be removed in 7.0
9631 [qtp477289012-16] WARN  org.apache.solr.schema.FieldTypePluginLoader  – TokenFilterFactory is using deprecated 5.0.0 emulation. You should at some point declare and reindex to at least 6.0, because 5.x emulation is deprecated and will be removed in 7.0
9632 [qtp477289012-16] WARN  org.apache.solr.schema.FieldTypePluginLoader  – TokenFilterFactory is using deprecated 5.0.0 emulation. You should at some point declare and reindex to at least 6.0, because 5.x emulation is deprecated and will be removed in 7.0
9632 [qtp477289012-16] WARN  org.apache.solr.schema.FieldTypePluginLoader  – TokenFilterFactory is using deprecated 5.0.0 emulation. You should at some point declare and reindex to at least 6.0, because 5.x emulation is deprecated and will be removed in 7.0
9633 [qtp477289012-16] WARN  org.apache.solr.schema.FieldTypePluginLoader  – TokenFilterFactory is using deprecated 5.0.0 emulation. You should at some point declare and reindex to at least 6.0, because 5.x emulation is deprecated and will be removed in 7.0
9637 [qtp477289012-16] WARN  org.apache.solr.schema.FieldTypePluginLoader  – TokenizerFactory is using deprecated 5.0.0 emulation. You should at some point declare and reindex to at least 6.0, because 5.x emulation is deprecated and will be removed in 7.0
9637 [qtp477289012-16] WARN  org.apache.solr.schema.FieldTypePluginLoader  – TokenFilterFactory is using deprecated 5.0.0 emulation. You should at some point declare and reindex to at least 6.0, because 5.x emulation is deprecated and will be removed in 7.0
9638 [qtp477289012-16] WARN  org.apache.solr.schema.FieldTypePluginLoader  – TokenFilterFactory is using deprecated 5.0.0 emulation. You should at some point declare and reindex to at least 6.0, because 5.x emulation is deprecated and will be removed in 7.0
9639 [qtp477289012-16] WARN  org.apache.solr.schema.FieldTypePluginLoader  – TokenFilterFactory is using deprecated 5.0.0 emulation. You should at some point declare and reindex to at least 6.0, because 5.x emulation is deprecated and will be removed in 7.0
9639 [qtp477289012-16] WARN  org.apache.solr.schema.FieldTypePluginLoader  – TokenFilterFactory is using deprecated 5.0.0 emulation. You should at some point declare and reindex to at least 6.0, because 5.x emulation is deprecated and will be removed in 7.0
9640 [qtp477289012-16] WARN  org.apache.solr.schema.FieldTypePluginLoader  – TokenFilterFactory is using deprecated 5.0.0 emulation. You should at some point declare and reindex to at least 6.0, because 5.x emulation is deprecated and will be removed in 7.0
9640 [qtp477289012-16] WARN  org.apache.solr.schema.FieldTypePluginLoader  – TokenFilterFactory is using deprecated 5.0.0 emulation. You should at some point declare and reindex to at least 6.0, because 5.x emulation is deprecated and will be removed in 7.0
9643 [qtp477289012-16] WARN  org.apache.solr.schema.FieldTypePluginLoader  – TokenFilterFactory is using deprecated 5.0.0 emulation. You should at some point declare and reindex to at least 6.0, because 5.x emulation is deprecated and will be removed in 7.0
9648 [qtp477289012-16] WARN  org.apache.solr.schema.FieldTypePluginLoader  – TokenizerFactory is using deprecated 5.0.0 emulation. You should at some point declare and reindex to at least 6.0, because 5.x emulation is deprecated and will be removed in 7.0
9649 [qtp477289012-16] WARN  org.apache.solr.schema.FieldTypePluginLoader  – TokenFilterFactory is using deprecated 5.0.0 emulation. You should at some point declare and reindex to at least 6.0, because 5.x emulation is deprecated and will be removed in 7.0
9649 [qtp477289012-16] WARN  org.apache.solr.schema.FieldTypePluginLoader  – TokenFilterFactory is using deprecated 5.0.0 emulation. You should at some point declare and reindex to at least 6.0, because 5.x emulation is deprecated and will be removed in 7.0
9650 [qtp477289012-16] WARN  org.apache.solr.schema.FieldTypePluginLoader  – TokenFilterFactory is using deprecated 5.0.0 emulation. You should at some point declare and reindex to at least 6.0, because 5.x emulation is deprecated and will be removed in 7.0
9656 [qtp477289012-16] WARN  org.apache.solr.schema.FieldTypePluginLoader  – TokenizerFactory is using deprecated 5.0.0 emulation. You should at some point declare and reindex to at least 6.0, because 5.x emulation is deprecated and will be removed in 7.0
9658 [qtp477289012-16] WARN  org.apache.solr.schema.FieldTypePluginLoader  – TokenFilterFactory is using deprecated 5.0.0 emulation. You should at some point declare and reindex to at least 6.0, because 5.x emulation is deprecated and will be removed in 7.0
9660 [qtp477289012-16] WARN  org.apache.solr.schema.FieldTypePluginLoader  – TokenFilterFactory is using deprecated 5.0.0 emulation. You should at some point declare and reindex to at least 6.0, because 5.x emulation is deprecated and will be removed in 7.0
9661 [qtp477289012-16] WARN  org.apache.solr.schema.FieldTypePluginLoader  – TokenFilterFactory is using deprecated 5.0.0 emulation. You should at some point declare and reindex to at least 6.0, because 5.x emulation is deprecated and will be removed in 7.0
9671 [qtp477289012-16] WARN  org.apache.solr.schema.FieldTypePluginLoader  – TokenizerFactory is using deprecated 5.0.0 emulation. You should at some point declare and reindex to at least 6.0, because 5.x emulation is deprecated and will be removed in 7.0
9674 [qtp477289012-16] WARN  org.apache.solr.schema.FieldTypePluginLoader  – TokenFilterFactory is using deprecated 5.0.0 emulation. You should at some point declare and reindex to at least 6.0, because 5.x emulation is deprecated and will be removed in 7.0
9674 [qtp477289012-16] WARN  org.apache.solr.schema.FieldTypePluginLoader  – TokenFilterFactory is using deprecated 5.0.0 emulation. You should at some point declare and reindex to at least 6.0, because 5.x emulation is deprecated and will be removed in 7.0
9675 [qtp477289012-16] WARN  org.apache.solr.schema.FieldTypePluginLoader  – TokenFilterFactory is using deprecated 5.0.0 emulation. You should at some point declare and reindex to at least 6.0, because 5.x emulation is deprecated and will be removed in 7.0
9681 [qtp477289012-16] WARN  org.apache.solr.schema.FieldTypePluginLoader  – TokenizerFactory is using deprecated 5.0.0 emulation. You should at some point declare and reindex to at least 6.0, because 5.x emulation is deprecated and will be removed in 7.0
9682 [qtp477289012-16] WARN  org.apache.solr.schema.FieldTypePluginLoader  – TokenFilterFactory is using deprecated 5.0.0 emulation. You should at some point declare and reindex to at least 6.0, because 5.x emulation is deprecated and will be removed in 7.0
9687 [qtp477289012-16] WARN  org.apache.solr.schema.FieldTypePluginLoader  – TokenizerFactory is using deprecated 5.0.0 emulation. You should at some point declare and reindex to at least 6.0, because 5.x emulation is deprecated and will be removed in 7.0
9688 [qtp477289012-16] WARN  org.apache.solr.schema.FieldTypePluginLoader  – TokenFilterFactory is using deprecated 5.0.0 emulation. You should at some point declare and reindex to at least 6.0, because 5.x emulation is deprecated and will be removed in 7.0
9696 [qtp477289012-16] WARN  org.apache.solr.schema.FieldTypePluginLoader  – TokenizerFactory is using deprecated 5.0.0 emulation. You should at some point declare and reindex to at least 6.0, because 5.x emulation is deprecated and will be removed in 7.0
9697 [qtp477289012-16] WARN  org.apache.solr.schema.FieldTypePluginLoader  – TokenFilterFactory is using deprecated 5.0.0 emulation. You should at some point declare and reindex to at least 6.0, because 5.x emulation is deprecated and will be removed in 7.0
9699 [qtp477289012-16] WARN  org.apache.solr.schema.FieldTypePluginLoader  – TokenizerFactory is using deprecated 5.0.0 emulation. You should at some point declare and reindex to at least 6.0, because 5.x emulation is deprecated and will be removed in 7.0
9701 [qtp477289012-16] WARN  org.apache.solr.schema.FieldTypePluginLoader  – TokenizerFactory is using deprecated 5.0.0 emulation. You should at some point declare and reindex to at least 6.0, because 5.x emulation is deprecated and will be removed in 7.0
9704 [qtp477289012-16] WARN  org.apache.solr.schema.FieldTypePluginLoader  – TokenizerFactory is using deprecated 5.0.0 emulation. You should at some point declare and reindex to at least 6.0, because 5.x emulation is deprecated and will be removed in 7.0
9708 [qtp477289012-16] WARN  org.apache.solr.schema.FieldTypePluginLoader  – TokenizerFactory is using deprecated 5.0.0 emulation. You should at some point declare and reindex to at least 6.0, because 5.x emulation is deprecated and will be removed in 7.0
9810 [qtp477289012-16] WARN  org.apache.solr.schema.FieldTypePluginLoader  – TokenizerFactory is using deprecated 5.0.0 emulation. You should at some point declare and reindex to at least 6.0, because 5.x emulation is deprecated and will be removed in 7.0
9811 [qtp477289012-16] WARN  org.apache.solr.schema.FieldTypePluginLoader  – TokenFilterFactory is using deprecated 5.0.0 emulation. You should at some point declare and reindex to at least 6.0, because 5.x emulation is deprecated and will be removed in 7.0
9811 [qtp477289012-16] WARN  org.apache.solr.schema.FieldTypePluginLoader  – TokenFilterFactory is using deprecated 5.0.0 emulation. You should at some point declare and reindex to at least 6.0, because 5.x emulation is deprecated and will be removed in 7.0
9812 [qtp477289012-16] WARN  org.apache.solr.schema.FieldTypePluginLoader  – TokenFilterFactory is using deprecated 5.0.0 emulation. You should at some point declare and reindex to at least 6.0, because 5.x emulation is deprecated and will be removed in 7.0
9813 [qtp477289012-16] WARN  org.apache.solr.schema.FieldTypePluginLoader  – TokenFilterFactory is using deprecated 5.0.0 emulation. You should at some point declare and reindex to at least 6.0, because 5.x emulation is deprecated and will be removed in 7.0
9817 [qtp477289012-16] WARN  org.apache.solr.schema.FieldTypePluginLoader  – TokenizerFactory is using deprecated 5.0.0 emulation. You should at some point declare and reindex to at least 6.0, because 5.x emulation is deprecated and will be removed in 7.0
9817 [qtp477289012-16] WARN  org.apache.solr.schema.FieldTypePluginLoader  – TokenFilterFactory is using deprecated 5.0.0 emulation. You should at some point declare and reindex to at least 6.0, because 5.x emulation is deprecated and will be removed in 7.0
9818 [qtp477289012-16] WARN  org.apache.solr.schema.FieldTypePluginLoader  – TokenFilterFactory is using deprecated 5.0.0 emulation. You should at some point declare and reindex to at least 6.0, because 5.x emulation is deprecated and will be removed in 7.0
9818 [qtp477289012-16] WARN  org.apache.solr.schema.FieldTypePluginLoader  – TokenFilterFactory is using deprecated 5.0.0 emulation. You should at some point declare and reindex to at least 6.0, because 5.x emulation is deprecated and will be removed in 7.0
9823 [qtp477289012-16] WARN  org.apache.solr.schema.FieldTypePluginLoader  – TokenizerFactory is using deprecated 5.0.0 emulation. You should at some point declare and reindex to at least 6.0, because 5.x emulation is deprecated and will be removed in 7.0
9823 [qtp477289012-16] WARN  org.apache.solr.schema.FieldTypePluginLoader  – TokenFilterFactory is using deprecated 5.0.0 emulation. You should at some point declare and reindex to at least 6.0, because 5.x emulation is deprecated and will be removed in 7.0
9824 [qtp477289012-16] WARN  org.apache.solr.schema.FieldTypePluginLoader  – TokenFilterFactory is using deprecated 5.0.0 emulation. You should at some point declare and reindex to at least 6.0, because 5.x emulation is deprecated and will be removed in 7.0
9825 [qtp477289012-16] WARN  org.apache.solr.schema.FieldTypePluginLoader  – TokenFilterFactory is using deprecated 5.0.0 emulation. You should at some point declare and reindex to at least 6.0, because 5.x emulation is deprecated and will be removed in 7.0
9825 [qtp477289012-16] WARN  org.apache.solr.schema.FieldTypePluginLoader  – TokenFilterFactory is using deprecated 5.0.0 emulation. You should at some point declare and reindex to at least 6.0, because 5.x emulation is deprecated and will be removed in 7.0
9829 [qtp477289012-16] WARN  org.apache.solr.schema.FieldTypePluginLoader  – TokenizerFactory is using deprecated 5.0.0 emulation. You should at some point declare and reindex to at least 6.0, because 5.x emulation is deprecated and will be removed in 7.0
9829 [qtp477289012-16] WARN  org.apache.solr.schema.FieldTypePluginLoader  – TokenFilterFactory is using deprecated 5.0.0 emulation. You should at some point declare and reindex to at least 6.0, because 5.x emulation is deprecated and will be removed in 7.0
9830 [qtp477289012-16] WARN  org.apache.solr.schema.FieldTypePluginLoader  – TokenFilterFactory is using deprecated 5.0.0 emulation. You should at some point declare and reindex to at least 6.0, because 5.x emulation is deprecated and will be removed in 7.0
9830 [qtp477289012-16] WARN  org.apache.solr.schema.FieldTypePluginLoader  – TokenFilterFactory is using deprecated 5.0.0 emulation. You should at some point declare and reindex to at least 6.0, because 5.x emulation is deprecated and will be removed in 7.0
9833 [qtp477289012-16] WARN  org.apache.solr.schema.FieldTypePluginLoader  – TokenizerFactory is using deprecated 5.0.0 emulation. You should at some point declare and reindex to at least 6.0, because 5.x emulation is deprecated and will be removed in 7.0
9833 [qtp477289012-16] WARN  org.apache.solr.schema.FieldTypePluginLoader  – TokenFilterFactory is using deprecated 5.0.0 emulation. You should at some point declare and reindex to at least 6.0, because 5.x emulation is deprecated and will be removed in 7.0
9834 [qtp477289012-16] WARN  org.apache.solr.schema.FieldTypePluginLoader  – TokenFilterFactory is using deprecated 5.0.0 emulation. You should at some point declare and reindex to at least 6.0, because 5.x emulation is deprecated and will be removed in 7.0
9834 [qtp477289012-16] WARN  org.apache.solr.schema.FieldTypePluginLoader  – TokenFilterFactory is using deprecated 5.0.0 emulation. You should at some point declare and reindex to at least 6.0, because 5.x emulation is deprecated and will be removed in 7.0
9835 [qtp477289012-16] WARN  org.apache.solr.schema.FieldTypePluginLoader  – TokenFilterFactory is using deprecated 5.0.0 emulation. You should at some point declare and reindex to at least 6.0, because 5.x emulation is deprecated and will be removed in 7.0
9837 [qtp477289012-16] WARN  org.apache.solr.schema.FieldTypePluginLoader  – TokenizerFactory is using deprecated 5.0.0 emulation. You should at some point declare and reindex to at least 6.0, because 5.x emulation is deprecated and will be removed in 7.0
9838 [qtp477289012-16] WARN  org.apache.solr.schema.FieldTypePluginLoader  – TokenFilterFactory is using deprecated 5.0.0 emulation. You should at some point declare and reindex to at least 6.0, because 5.x emulation is deprecated and will be removed in 7.0
9838 [qtp477289012-16] WARN  org.apache.solr.schema.FieldTypePluginLoader  – TokenFilterFactory is using deprecated 5.0.0 emulation. You should at some point declare and reindex to at least 6.0, because 5.x emulation is deprecated and will be removed in 7.0
9838 [qtp477289012-16] WARN  org.apache.solr.schema.FieldTypePluginLoader  – TokenFilterFactory is using deprecated 5.0.0 emulation. You should at some point declare and reindex to at least 6.0, because 5.x emulation is deprecated and will be removed in 7.0
9841 [qtp477289012-16] WARN  org.apache.solr.schema.FieldTypePluginLoader  – TokenizerFactory is using deprecated 5.0.0 emulation. You should at some point declare and reindex to at least 6.0, because 5.x emulation is deprecated and will be removed in 7.0
9841 [qtp477289012-16] WARN  org.apache.solr.schema.FieldTypePluginLoader  – TokenFilterFactory is using deprecated 5.0.0 emulation. You should at some point declare and reindex to at least 6.0, because 5.x emulation is deprecated and will be removed in 7.0
9841 [qtp477289012-16] WARN  org.apache.solr.schema.FieldTypePluginLoader  – TokenFilterFactory is using deprecated 5.0.0 emulation. You should at some point declare and reindex to at least 6.0, because 5.x emulation is deprecated and will be removed in 7.0
9842 [qtp477289012-16] WARN  org.apache.solr.schema.FieldTypePluginLoader  – TokenFilterFactory is using deprecated 5.0.0 emulation. You should at some point declare and reindex to at least 6.0, because 5.x emulation is deprecated and will be removed in 7.0
9845 [qtp477289012-16] WARN  org.apache.solr.schema.FieldTypePluginLoader  – TokenizerFactory is using deprecated 5.0.0 emulation. You should at some point declare and reindex to at least 6.0, because 5.x emulation is deprecated and will be removed in 7.0
9845 [qtp477289012-16] WARN  org.apache.solr.schema.FieldTypePluginLoader  – TokenFilterFactory is using deprecated 5.0.0 emulation. You should at some point declare and reindex to at least 6.0, because 5.x emulation is deprecated and will be removed in 7.0
9846 [qtp477289012-16] WARN  org.apache.solr.schema.FieldTypePluginLoader  – TokenFilterFactory is using deprecated 5.0.0 emulation. You should at some point declare and reindex to at least 6.0, because 5.x emulation is deprecated and will be removed in 7.0
9846 [qtp477289012-16] WARN  org.apache.solr.schema.FieldTypePluginLoader  – TokenFilterFactory is using deprecated 5.0.0 emulation. You should at some point declare and reindex to at least 6.0, because 5.x emulation is deprecated and will be removed in 7.0
9847 [qtp477289012-16] WARN  org.apache.solr.schema.FieldTypePluginLoader  – TokenFilterFactory is using deprecated 5.0.0 emulation. You should at some point declare and reindex to at least 6.0, because 5.x emulation is deprecated and will be removed in 7.0
9850 [qtp477289012-16] WARN  org.apache.solr.schema.FieldTypePluginLoader  – TokenizerFactory is using deprecated 5.0.0 emulation. You should at some point declare and reindex to at least 6.0, because 5.x emulation is deprecated and will be removed in 7.0
9851 [qtp477289012-16] WARN  org.apache.solr.schema.FieldTypePluginLoader  – TokenFilterFactory is using deprecated 5.0.0 emulation. You should at some point declare and reindex to at least 6.0, because 5.x emulation is deprecated and will be removed in 7.0
9851 [qtp477289012-16] WARN  org.apache.solr.schema.FieldTypePluginLoader  – TokenFilterFactory is using deprecated 5.0.0 emulation. You should at some point declare and reindex to at least 6.0, because 5.x emulation is deprecated and will be removed in 7.0
9852 [qtp477289012-16] WARN  org.apache.solr.schema.FieldTypePluginLoader  – TokenFilterFactory is using deprecated 5.0.0 emulation. You should at some point declare and reindex to at least 6.0, because 5.x emulation is deprecated and will be removed in 7.0
9855 [qtp477289012-16] WARN  org.apache.solr.schema.FieldTypePluginLoader  – TokenizerFactory is using deprecated 5.0.0 emulation. You should at some point declare and reindex to at least 6.0, because 5.x emulation is deprecated and will be removed in 7.0
9855 [qtp477289012-16] WARN  org.apache.solr.schema.FieldTypePluginLoader  – TokenFilterFactory is using deprecated 5.0.0 emulation. You should at some point declare and reindex to at least 6.0, because 5.x emulation is deprecated and will be removed in 7.0
9855 [qtp477289012-16] WARN  org.apache.solr.schema.FieldTypePluginLoader  – TokenFilterFactory is using deprecated 5.0.0 emulation. You should at some point declare and reindex to at least 6.0, because 5.x emulation is deprecated and will be removed in 7.0
9856 [qtp477289012-16] WARN  org.apache.solr.schema.FieldTypePluginLoader  – TokenFilterFactory is using deprecated 5.0.0 emulation. You should at some point declare and reindex to at least 6.0, because 5.x emulation is deprecated and will be removed in 7.0
9860 [qtp477289012-16] WARN  org.apache.solr.schema.FieldTypePluginLoader  – TokenizerFactory is using deprecated 5.0.0 emulation. You should at some point declare and reindex to at least 6.0, because 5.x emulation is deprecated and will be removed in 7.0
9861 [qtp477289012-16] WARN  org.apache.solr.schema.FieldTypePluginLoader  – TokenFilterFactory is using deprecated 5.0.0 emulation. You should at some point declare and reindex to at least 6.0, because 5.x emulation is deprecated and will be removed in 7.0
9861 [qtp477289012-16] WARN  org.apache.solr.schema.FieldTypePluginLoader  – TokenFilterFactory is using deprecated 5.0.0 emulation. You should at some point declare and reindex to at least 6.0, because 5.x emulation is deprecated and will be removed in 7.0
9861 [qtp477289012-16] WARN  org.apache.solr.schema.FieldTypePluginLoader  – TokenFilterFactory is using deprecated 5.0.0 emulation. You should at some point declare and reindex to at least 6.0, because 5.x emulation is deprecated and will be removed in 7.0
9867 [qtp477289012-16] WARN  org.apache.solr.schema.FieldTypePluginLoader  – CharFilterFactory is using deprecated 5.0.0 emulation. You should at some point declare and reindex to at least 6.0, because 5.x emulation is deprecated and will be removed in 7.0
9870 [qtp477289012-16] WARN  org.apache.solr.schema.FieldTypePluginLoader  – TokenizerFactory is using deprecated 5.0.0 emulation. You should at some point declare and reindex to at least 6.0, because 5.x emulation is deprecated and will be removed in 7.0
9870 [qtp477289012-16] WARN  org.apache.solr.schema.FieldTypePluginLoader  – TokenFilterFactory is using deprecated 5.0.0 emulation. You should at some point declare and reindex to at least 6.0, because 5.x emulation is deprecated and will be removed in 7.0
9871 [qtp477289012-16] WARN  org.apache.solr.schema.FieldTypePluginLoader  – TokenFilterFactory is using deprecated 5.0.0 emulation. You should at some point declare and reindex to at least 6.0, because 5.x emulation is deprecated and will be removed in 7.0
9871 [qtp477289012-16] WARN  org.apache.solr.schema.FieldTypePluginLoader  – TokenFilterFactory is using deprecated 5.0.0 emulation. You should at some point declare and reindex to at least 6.0, because 5.x emulation is deprecated and will be removed in 7.0
9872 [qtp477289012-16] WARN  org.apache.solr.schema.FieldTypePluginLoader  – TokenFilterFactory is using deprecated 5.0.0 emulation. You should at some point declare and reindex to at least 6.0, because 5.x emulation is deprecated and will be removed in 7.0
9876 [qtp477289012-16] WARN  org.apache.solr.schema.FieldTypePluginLoader  – TokenizerFactory is using deprecated 5.0.0 emulation. You should at some point declare and reindex to at least 6.0, because 5.x emulation is deprecated and will be removed in 7.0
9877 [qtp477289012-16] WARN  org.apache.solr.schema.FieldTypePluginLoader  – TokenFilterFactory is using deprecated 5.0.0 emulation. You should at some point declare and reindex to at least 6.0, because 5.x emulation is deprecated and will be removed in 7.0
9877 [qtp477289012-16] WARN  org.apache.solr.schema.FieldTypePluginLoader  – TokenFilterFactory is using deprecated 5.0.0 emulation. You should at some point declare and reindex to at least 6.0, because 5.x emulation is deprecated and will be removed in 7.0
9877 [qtp477289012-16] WARN  org.apache.solr.schema.FieldTypePluginLoader  – TokenFilterFactory is using deprecated 5.0.0 emulation. You should at some point declare and reindex to at least 6.0, because 5.x emulation is deprecated and will be removed in 7.0
9881 [qtp477289012-16] WARN  org.apache.solr.schema.FieldTypePluginLoader  – TokenizerFactory is using deprecated 5.0.0 emulation. You should at some point declare and reindex to at least 6.0, because 5.x emulation is deprecated and will be removed in 7.0
9882 [qtp477289012-16] WARN  org.apache.solr.schema.FieldTypePluginLoader  – TokenFilterFactory is using deprecated 5.0.0 emulation. You should at some point declare and reindex to at least 6.0, because 5.x emulation is deprecated and will be removed in 7.0
9882 [qtp477289012-16] WARN  org.apache.solr.schema.FieldTypePluginLoader  – TokenFilterFactory is using deprecated 5.0.0 emulation. You should at some point declare and reindex to at least 6.0, because 5.x emulation is deprecated and will be removed in 7.0
9882 [qtp477289012-16] WARN  org.apache.solr.schema.FieldTypePluginLoader  – TokenFilterFactory is using deprecated 5.0.0 emulation. You should at some point declare and reindex to at least 6.0, because 5.x emulation is deprecated and will be removed in 7.0
9883 [qtp477289012-16] WARN  org.apache.solr.schema.FieldTypePluginLoader  – TokenFilterFactory is using deprecated 5.0.0 emulation. You should at some point declare and reindex to at least 6.0, because 5.x emulation is deprecated and will be removed in 7.0
9891 [qtp477289012-16] WARN  org.apache.solr.schema.FieldTypePluginLoader  – TokenizerFactory is using deprecated 5.0.0 emulation. You should at some point declare and reindex to at least 6.0, because 5.x emulation is deprecated and will be removed in 7.0
9891 [qtp477289012-16] WARN  org.apache.solr.schema.FieldTypePluginLoader  – TokenFilterFactory is using deprecated 5.0.0 emulation. You should at some point declare and reindex to at least 6.0, because 5.x emulation is deprecated and will be removed in 7.0
9892 [qtp477289012-16] WARN  org.apache.solr.schema.FieldTypePluginLoader  – TokenFilterFactory is using deprecated 5.0.0 emulation. You should at some point declare and reindex to at least 6.0, because 5.x emulation is deprecated and will be removed in 7.0
9892 [qtp477289012-16] WARN  org.apache.solr.schema.FieldTypePluginLoader  – TokenFilterFactory is using deprecated 5.0.0 emulation. You should at some point declare and reindex to at least 6.0, because 5.x emulation is deprecated and will be removed in 7.0
9893 [qtp477289012-16] WARN  org.apache.solr.schema.FieldTypePluginLoader  – TokenFilterFactory is using deprecated 5.0.0 emulation. You should at some point declare and reindex to at least 6.0, because 5.x emulation is deprecated and will be removed in 7.0
9893 [qtp477289012-16] WARN  org.apache.solr.schema.FieldTypePluginLoader  – TokenFilterFactory is using deprecated 5.0.0 emulation. You should at some point declare and reindex to at least 6.0, because 5.x emulation is deprecated and will be removed in 7.0
9895 [qtp477289012-16] WARN  org.apache.solr.schema.FieldTypePluginLoader  – TokenizerFactory is using deprecated 5.0.0 emulation. You should at some point declare and reindex to at least 6.0, because 5.x emulation is deprecated and will be removed in 7.0
9896 [qtp477289012-16] WARN  org.apache.solr.schema.FieldTypePluginLoader  – TokenFilterFactory is using deprecated 5.0.0 emulation. You should at some point declare and reindex to at least 6.0, because 5.x emulation is deprecated and will be removed in 7.0
9896 [qtp477289012-16] WARN  org.apache.solr.schema.FieldTypePluginLoader  – TokenFilterFactory is using deprecated 5.0.0 emulation. You should at some point declare and reindex to at least 6.0, because 5.x emulation is deprecated and will be removed in 7.0
9896 [qtp477289012-16] WARN  org.apache.solr.schema.FieldTypePluginLoader  – TokenFilterFactory is using deprecated 5.0.0 emulation. You should at some point declare and reindex to at least 6.0, because 5.x emulation is deprecated and will be removed in 7.0
9899 [qtp477289012-16] WARN  org.apache.solr.schema.FieldTypePluginLoader  – TokenizerFactory is using deprecated 5.0.0 emulation. You should at some point declare and reindex to at least 6.0, because 5.x emulation is deprecated and will be removed in 7.0
9899 [qtp477289012-16] WARN  org.apache.solr.schema.FieldTypePluginLoader  – TokenFilterFactory is using deprecated 5.0.0 emulation. You should at some point declare and reindex to at least 6.0, because 5.x emulation is deprecated and will be removed in 7.0
9900 [qtp477289012-16] WARN  org.apache.solr.schema.FieldTypePluginLoader  – TokenFilterFactory is using deprecated 5.0.0 emulation. You should at some point declare and reindex to at least 6.0, because 5.x emulation is deprecated and will be removed in 7.0
9900 [qtp477289012-16] WARN  org.apache.solr.schema.FieldTypePluginLoader  – TokenFilterFactory is using deprecated 5.0.0 emulation. You should at some point declare and reindex to at least 6.0, because 5.x emulation is deprecated and will be removed in 7.0
9901 [qtp477289012-16] WARN  org.apache.solr.schema.FieldTypePluginLoader  – TokenFilterFactory is using deprecated 5.0.0 emulation. You should at some point declare and reindex to at least 6.0, because 5.x emulation is deprecated and will be removed in 7.0
9901 [qtp477289012-16] WARN  org.apache.solr.schema.FieldTypePluginLoader  – TokenFilterFactory is using deprecated 5.0.0 emulation. You should at some point declare and reindex to at least 6.0, because 5.x emulation is deprecated and will be removed in 7.0
9903 [qtp477289012-16] WARN  org.apache.solr.schema.FieldTypePluginLoader  – TokenizerFactory is using deprecated 5.0.0 emulation. You should at some point declare and reindex to at least 6.0, because 5.x emulation is deprecated and will be removed in 7.0
9904 [qtp477289012-16] WARN  org.apache.solr.schema.FieldTypePluginLoader  – TokenFilterFactory is using deprecated 5.0.0 emulation. You should at some point declare and reindex to at least 6.0, because 5.x emulation is deprecated and will be removed in 7.0
9904 [qtp477289012-16] WARN  org.apache.solr.schema.FieldTypePluginLoader  – TokenFilterFactory is using deprecated 5.0.0 emulation. You should at some point declare and reindex to at least 6.0, because 5.x emulation is deprecated and will be removed in 7.0
9904 [qtp477289012-16] WARN  org.apache.solr.schema.FieldTypePluginLoader  – TokenFilterFactory is using deprecated 5.0.0 emulation. You should at some point declare and reindex to at least 6.0, because 5.x emulation is deprecated and will be removed in 7.0
9906 [qtp477289012-16] WARN  org.apache.solr.schema.FieldTypePluginLoader  – TokenizerFactory is using deprecated 5.0.0 emulation. You should at some point declare and reindex to at least 6.0, because 5.x emulation is deprecated and will be removed in 7.0
9907 [qtp477289012-16] WARN  org.apache.solr.schema.FieldTypePluginLoader  – TokenFilterFactory is using deprecated 5.0.0 emulation. You should at some point declare and reindex to at least 6.0, because 5.x emulation is deprecated and will be removed in 7.0
9907 [qtp477289012-16] WARN  org.apache.solr.schema.FieldTypePluginLoader  – TokenFilterFactory is using deprecated 5.0.0 emulation. You should at some point declare and reindex to at least 6.0, because 5.x emulation is deprecated and will be removed in 7.0
9907 [qtp477289012-16] WARN  org.apache.solr.schema.FieldTypePluginLoader  – TokenFilterFactory is using deprecated 5.0.0 emulation. You should at some point declare and reindex to at least 6.0, because 5.x emulation is deprecated and will be removed in 7.0
9909 [qtp477289012-16] WARN  org.apache.solr.schema.FieldTypePluginLoader  – TokenizerFactory is using deprecated 5.0.0 emulation. You should at some point declare and reindex to at least 6.0, because 5.x emulation is deprecated and will be removed in 7.0
9910 [qtp477289012-16] WARN  org.apache.solr.schema.FieldTypePluginLoader  – TokenFilterFactory is using deprecated 5.0.0 emulation. You should at some point declare and reindex to at least 6.0, because 5.x emulation is deprecated and will be removed in 7.0
9910 [qtp477289012-16] WARN  org.apache.solr.schema.FieldTypePluginLoader  – TokenFilterFactory is using deprecated 5.0.0 emulation. You should at some point declare and reindex to at least 6.0, because 5.x emulation is deprecated and will be removed in 7.0
9910 [qtp477289012-16] WARN  org.apache.solr.schema.FieldTypePluginLoader  – TokenFilterFactory is using deprecated 5.0.0 emulation. You should at some point declare and reindex to at least 6.0, because 5.x emulation is deprecated and will be removed in 7.0
9913 [qtp477289012-16] WARN  org.apache.solr.schema.FieldTypePluginLoader  – TokenizerFactory is using deprecated 5.0.0 emulation. You should at some point declare and reindex to at least 6.0, because 5.x emulation is deprecated and will be removed in 7.0
9914 [qtp477289012-16] WARN  org.apache.solr.schema.FieldTypePluginLoader  – TokenFilterFactory is using deprecated 5.0.0 emulation. You should at some point declare and reindex to at least 6.0, because 5.x emulation is deprecated and will be removed in 7.0
9914 [qtp477289012-16] WARN  org.apache.solr.schema.FieldTypePluginLoader  – TokenFilterFactory is using deprecated 5.0.0 emulation. You should at some point declare and reindex to at least 6.0, because 5.x emulation is deprecated and will be removed in 7.0
9914 [qtp477289012-16] WARN  org.apache.solr.schema.FieldTypePluginLoader  – TokenFilterFactory is using deprecated 5.0.0 emulation. You should at some point declare and reindex to at least 6.0, because 5.x emulation is deprecated and will be removed in 7.0
9914 [qtp477289012-16] WARN  org.apache.solr.schema.FieldTypePluginLoader  – TokenFilterFactory is using deprecated 5.0.0 emulation. You should at some point declare and reindex to at least 6.0, because 5.x emulation is deprecated and will be removed in 7.0
9917 [qtp477289012-16] WARN  org.apache.solr.schema.FieldTypePluginLoader  – TokenizerFactory is using deprecated 5.0.0 emulation. You should at some point declare and reindex to at least 6.0, because 5.x emulation is deprecated and will be removed in 7.0
9927 [qtp477289012-16] WARN  org.apache.solr.schema.FieldTypePluginLoader  – TokenFilterFactory is using deprecated 5.0.0 emulation. You should at some point declare and reindex to at least 6.0, because 5.x emulation is deprecated and will be removed in 7.0
9927 [qtp477289012-16] WARN  org.apache.solr.schema.FieldTypePluginLoader  – TokenFilterFactory is using deprecated 5.0.0 emulation. You should at some point declare and reindex to at least 6.0, because 5.x emulation is deprecated and will be removed in 7.0
9928 [qtp477289012-16] WARN  org.apache.solr.schema.FieldTypePluginLoader  – TokenFilterFactory is using deprecated 5.0.0 emulation. You should at some point declare and reindex to at least 6.0, because 5.x emulation is deprecated and will be removed in 7.0
9928 [qtp477289012-16] WARN  org.apache.solr.schema.FieldTypePluginLoader  – TokenFilterFactory is using deprecated 5.0.0 emulation. You should at some point declare and reindex to at least 6.0, because 5.x emulation is deprecated and will be removed in 7.0
9929 [qtp477289012-16] WARN  org.apache.solr.schema.FieldTypePluginLoader  – TokenFilterFactory is using deprecated 5.0.0 emulation. You should at some point declare and reindex to at least 6.0, because 5.x emulation is deprecated and will be removed in 7.0
9930 [qtp477289012-16] WARN  org.apache.solr.schema.FieldTypePluginLoader  – TokenFilterFactory is using deprecated 5.0.0 emulation. You should at some point declare and reindex to at least 6.0, because 5.x emulation is deprecated and will be removed in 7.0
9936 [qtp477289012-16] WARN  org.apache.solr.schema.FieldTypePluginLoader  – TokenizerFactory is using deprecated 5.0.0 emulation. You should at some point declare and reindex to at least 6.0, because 5.x emulation is deprecated and will be removed in 7.0
9936 [qtp477289012-16] WARN  org.apache.solr.schema.FieldTypePluginLoader  – TokenFilterFactory is using deprecated 5.0.0 emulation. You should at some point declare and reindex to at least 6.0, because 5.x emulation is deprecated and will be removed in 7.0
9936 [qtp477289012-16] WARN  org.apache.solr.schema.FieldTypePluginLoader  – TokenFilterFactory is using deprecated 5.0.0 emulation. You should at some point declare and reindex to at least 6.0, because 5.x emulation is deprecated and will be removed in 7.0
9937 [qtp477289012-16] WARN  org.apache.solr.schema.FieldTypePluginLoader  – TokenFilterFactory is using deprecated 5.0.0 emulation. You should at some point declare and reindex to at least 6.0, because 5.x emulation is deprecated and will be removed in 7.0
9941 [qtp477289012-16] WARN  org.apache.solr.schema.FieldTypePluginLoader  – TokenizerFactory is using deprecated 5.0.0 emulation. You should at some point declare and reindex to at least 6.0, because 5.x emulation is deprecated and will be removed in 7.0
9942 [qtp477289012-16] WARN  org.apache.solr.schema.FieldTypePluginLoader  – TokenFilterFactory is using deprecated 5.0.0 emulation. You should at some point declare and reindex to at least 6.0, because 5.x emulation is deprecated and will be removed in 7.0
9942 [qtp477289012-16] WARN  org.apache.solr.schema.FieldTypePluginLoader  – TokenFilterFactory is using deprecated 5.0.0 emulation. You should at some point declare and reindex to at least 6.0, because 5.x emulation is deprecated and will be removed in 7.0
9942 [qtp477289012-16] WARN  org.apache.solr.schema.FieldTypePluginLoader  – TokenFilterFactory is using deprecated 5.0.0 emulation. You should at some point declare and reindex to at least 6.0, because 5.x emulation is deprecated and will be removed in 7.0
9943 [qtp477289012-16] WARN  org.apache.solr.schema.FieldTypePluginLoader  – TokenFilterFactory is using deprecated 5.0.0 emulation. You should at some point declare and reindex to at least 6.0, because 5.x emulation is deprecated and will be removed in 7.0
9947 [qtp477289012-16] WARN  org.apache.solr.schema.FieldTypePluginLoader  – TokenizerFactory is using deprecated 5.0.0 emulation. You should at some point declare and reindex to at least 6.0, because 5.x emulation is deprecated and will be removed in 7.0
9948 [qtp477289012-16] WARN  org.apache.solr.schema.FieldTypePluginLoader  – TokenFilterFactory is using deprecated 5.0.0 emulation. You should at some point declare and reindex to at least 6.0, because 5.x emulation is deprecated and will be removed in 7.0
9948 [qtp477289012-16] WARN  org.apache.solr.schema.FieldTypePluginLoader  – TokenFilterFactory is using deprecated 5.0.0 emulation. You should at some point declare and reindex to at least 6.0, because 5.x emulation is deprecated and will be removed in 7.0
9948 [qtp477289012-16] WARN  org.apache.solr.schema.FieldTypePluginLoader  – TokenFilterFactory is using deprecated 5.0.0 emulation. You should at some point declare and reindex to at least 6.0, because 5.x emulation is deprecated and will be removed in 7.0
9956 [qtp477289012-16] WARN  org.apache.solr.schema.FieldTypePluginLoader  – TokenizerFactory is using deprecated 5.0.0 emulation. You should at some point declare and reindex to at least 6.0, because 5.x emulation is deprecated and will be removed in 7.0
9956 [qtp477289012-16] WARN  org.apache.solr.schema.FieldTypePluginLoader  – TokenFilterFactory is using deprecated 5.0.0 emulation. You should at some point declare and reindex to at least 6.0, because 5.x emulation is deprecated and will be removed in 7.0
9956 [qtp477289012-16] WARN  org.apache.solr.schema.FieldTypePluginLoader  – TokenFilterFactory is using deprecated 5.0.0 emulation. You should at some point declare and reindex to at least 6.0, because 5.x emulation is deprecated and will be removed in 7.0
9957 [qtp477289012-16] WARN  org.apache.solr.schema.FieldTypePluginLoader  – TokenFilterFactory is using deprecated 5.0.0 emulation. You should at some point declare and reindex to at least 6.0, because 5.x emulation is deprecated and will be removed in 7.0
9962 [qtp477289012-16] WARN  org.apache.solr.schema.FieldTypePluginLoader  – TokenizerFactory is using deprecated 5.0.0 emulation. You should at some point declare and reindex to at least 6.0, because 5.x emulation is deprecated and will be removed in 7.0
9962 [qtp477289012-16] WARN  org.apache.solr.schema.FieldTypePluginLoader  – TokenFilterFactory is using deprecated 5.0.0 emulation. You should at some point declare and reindex to at least 6.0, because 5.x emulation is deprecated and will be removed in 7.0
9962 [qtp477289012-16] WARN  org.apache.solr.schema.FieldTypePluginLoader  – TokenFilterFactory is using deprecated 5.0.0 emulation. You should at some point declare and reindex to at least 6.0, because 5.x emulation is deprecated and will be removed in 7.0
9963 [qtp477289012-16] WARN  org.apache.solr.schema.FieldTypePluginLoader  – TokenFilterFactory is using deprecated 5.0.0 emulation. You should at some point declare and reindex to at least 6.0, because 5.x emulation is deprecated and will be removed in 7.0
9965 [qtp477289012-16] WARN  org.apache.solr.schema.FieldTypePluginLoader  – TokenizerFactory is using deprecated 5.0.0 emulation. You should at some point declare and reindex to at least 6.0, because 5.x emulation is deprecated and will be removed in 7.0
9965 [qtp477289012-16] WARN  org.apache.solr.schema.FieldTypePluginLoader  – TokenFilterFactory is using deprecated 5.0.0 emulation. You should at some point declare and reindex to at least 6.0, because 5.x emulation is deprecated and will be removed in 7.0
9966 [qtp477289012-16] WARN  org.apache.solr.schema.FieldTypePluginLoader  – TokenFilterFactory is using deprecated 5.0.0 emulation. You should at some point declare and reindex to at least 6.0, because 5.x emulation is deprecated and will be removed in 7.0
9966 [qtp477289012-16] WARN  org.apache.solr.schema.FieldTypePluginLoader  – TokenFilterFactory is using deprecated 5.0.0 emulation. You should at some point declare and reindex to at least 6.0, because 5.x emulation is deprecated and will be removed in 7.0
9969 [qtp477289012-16] WARN  org.apache.solr.schema.FieldTypePluginLoader  – TokenizerFactory is using deprecated 5.0.0 emulation. You should at some point declare and reindex to at least 6.0, because 5.x emulation is deprecated and will be removed in 7.0
9969 [qtp477289012-16] WARN  org.apache.solr.schema.FieldTypePluginLoader  – TokenFilterFactory is using deprecated 5.0.0 emulation. You should at some point declare and reindex to at least 6.0, because 5.x emulation is deprecated and will be removed in 7.0
9969 [qtp477289012-16] WARN  org.apache.solr.schema.FieldTypePluginLoader  – TokenFilterFactory is using deprecated 5.0.0 emulation. You should at some point declare and reindex to at least 6.0, because 5.x emulation is deprecated and will be removed in 7.0
9970 [qtp477289012-16] WARN  org.apache.solr.schema.FieldTypePluginLoader  – TokenFilterFactory is using deprecated 5.0.0 emulation. You should at some point declare and reindex to at least 6.0, because 5.x emulation is deprecated and will be removed in 7.0
9972 [qtp477289012-16] WARN  org.apache.solr.schema.FieldTypePluginLoader  – TokenizerFactory is using deprecated 5.0.0 emulation. You should at some point declare and reindex to at least 6.0, because 5.x emulation is deprecated and will be removed in 7.0
9973 [qtp477289012-16] WARN  org.apache.solr.schema.FieldTypePluginLoader  – TokenFilterFactory is using deprecated 5.0.0 emulation. You should at some point declare and reindex to at least 6.0, because 5.x emulation is deprecated and will be removed in 7.0
9973 [qtp477289012-16] WARN  org.apache.solr.schema.FieldTypePluginLoader  – TokenFilterFactory is using deprecated 5.0.0 emulation. You should at some point declare and reindex to at least 6.0, because 5.x emulation is deprecated and will be removed in 7.0
9976 [qtp477289012-16] WARN  org.apache.solr.schema.FieldTypePluginLoader  – TokenizerFactory is using deprecated 5.0.0 emulation. You should at some point declare and reindex to at least 6.0, because 5.x emulation is deprecated and will be removed in 7.0
9976 [qtp477289012-16] WARN  org.apache.solr.schema.FieldTypePluginLoader  – TokenFilterFactory is using deprecated 5.0.0 emulation. You should at some point declare and reindex to at least 6.0, because 5.x emulation is deprecated and will be removed in 7.0
9977 [qtp477289012-16] WARN  org.apache.solr.schema.FieldTypePluginLoader  – TokenFilterFactory is using deprecated 5.0.0 emulation. You should at some point declare and reindex to at least 6.0, because 5.x emulation is deprecated and will be removed in 7.0
9978 [qtp477289012-16] WARN  org.apache.solr.schema.FieldTypePluginLoader  – TokenFilterFactory is using deprecated 5.0.0 emulation. You should at some point declare and reindex to at least 6.0, because 5.x emulation is deprecated and will be removed in 7.0
9978 [qtp477289012-16] WARN  org.apache.solr.schema.FieldTypePluginLoader  – TokenFilterFactory is using deprecated 5.0.0 emulation. You should at some point declare and reindex to at least 6.0, because 5.x emulation is deprecated and will be removed in 7.0
10023 [qtp477289012-16] INFO  org.apache.solr.schema.IndexSchema  – unique key field: id
10098 [qtp477289012-16] INFO  org.apache.solr.schema.FileExchangeRateProvider  – Reloading exchange rates from file currency.xml
10104 [qtp477289012-16] INFO  org.apache.solr.schema.FileExchangeRateProvider  – Reloading exchange rates from file currency.xml
10195 [qtp477289012-16] INFO  org.apache.solr.core.CoreContainer  – Creating SolrCore 'cmu' using configuration from instancedir /Users/jie/Documents/data/infosense/dumpling/solr_trunk/solr/server/solr/cmu/
10196 [qtp477289012-16] INFO  org.apache.solr.core.SolrCore  – solr.NRTCachingDirectoryFactory
10203 [qtp477289012-16] INFO  org.apache.solr.core.SolrCore  – [cmu] Opening new SolrCore at /Users/jie/Documents/data/infosense/dumpling/solr_trunk/solr/server/solr/cmu/, dataDir=/Users/jie/Documents/data/infosense/dumpling/solr_trunk/solr/server/solr/cmu/data/
10205 [qtp477289012-16] INFO  org.apache.solr.core.JmxMonitoredMap  – No JMX servers found, not exposing Solr information with JMX.
10217 [qtp477289012-16] INFO  org.apache.solr.core.SolrCore  – [cmu] Added SolrEventListener for newSearcher: org.apache.solr.core.QuerySenderListener{queries=[]}
10217 [qtp477289012-16] INFO  org.apache.solr.core.SolrCore  – [cmu] Added SolrEventListener for firstSearcher: org.apache.solr.core.QuerySenderListener{queries=[{q=static firstSearcher warming in solrconfig.xml}]}
10246 [qtp477289012-16] INFO  org.apache.solr.core.CachingDirectoryFactory  – return new directory for /Users/jie/Documents/data/infosense/dumpling/solr_trunk/solr/server/solr/cmu/data
10247 [qtp477289012-16] INFO  org.apache.solr.core.SolrCore  – New index directory detected: old=null new=/Users/jie/Documents/data/infosense/dumpling/solr_trunk/solr/server/solr/cmu/data/index/
10248 [qtp477289012-16] INFO  org.apache.solr.core.CachingDirectoryFactory  – return new directory for /Users/jie/Documents/data/infosense/dumpling/solr_trunk/solr/server/solr/cmu/data/index
10264 [qtp477289012-16] INFO  org.apache.solr.core.PluginBag  – queryResponseWriter : 'velocity' created with startup=lazy 
10269 [qtp477289012-16] INFO  org.apache.solr.response.XSLTResponseWriter  – xsltCacheLifetimeSeconds=5
10389 [qtp477289012-16] INFO  org.apache.solr.update.processor.UpdateRequestProcessorChain  – creating updateRequestProcessorChain "uuid"
10401 [qtp477289012-16] INFO  org.apache.solr.update.processor.UpdateRequestProcessorChain  – inserting DistributedUpdateProcessorFactory into updateRequestProcessorChain "uuid"
10401 [qtp477289012-16] INFO  org.apache.solr.core.SolrCore  – no updateRequestProcessorChain defined as default, creating implicit default
10440 [qtp477289012-16] INFO  org.apache.solr.handler.loader.XMLLoader  – xsltCacheLifetimeSeconds=60
10443 [qtp477289012-16] INFO  org.apache.solr.handler.loader.XMLLoader  – xsltCacheLifetimeSeconds=60
10446 [qtp477289012-16] INFO  org.apache.solr.handler.loader.XMLLoader  – xsltCacheLifetimeSeconds=60
10448 [qtp477289012-16] INFO  org.apache.solr.handler.loader.XMLLoader  – xsltCacheLifetimeSeconds=60
10518 [qtp477289012-16] INFO  org.apache.solr.core.PluginBag  – requestHandler : '/update/extract' created with startup=lazy 
10519 [qtp477289012-16] INFO  org.apache.solr.core.PluginBag  – requestHandler : '/analysis/field' created with startup=lazy 
10519 [qtp477289012-16] INFO  org.apache.solr.core.PluginBag  – requestHandler : '/analysis/document' created with startup=lazy 
10523 [qtp477289012-16] WARN  org.apache.solr.core.SolrResourceLoader  – Solr loaded a deprecated plugin/analysis class [solr.admin.AdminHandlers]. Please consult documentation how to replace it accordingly.
10527 [qtp477289012-16] INFO  org.apache.solr.core.PluginBag  – requestHandler : '/spell' created with startup=lazy 
10527 [qtp477289012-16] INFO  org.apache.solr.core.PluginBag  – requestHandler : '/suggest' created with startup=lazy 
10527 [qtp477289012-16] INFO  org.apache.solr.core.PluginBag  – requestHandler : '/tvrh' created with startup=lazy 
10528 [qtp477289012-16] INFO  org.apache.solr.core.PluginBag  – requestHandler : '/terms' created with startup=lazy 
10528 [qtp477289012-16] INFO  org.apache.solr.core.PluginBag  – requestHandler : '/elevate' created with startup=lazy 
10528 [qtp477289012-16] INFO  org.apache.solr.core.RequestHandlers  – Registered paths: /admin/mbeans,/browse,/update/json/docs,/admin/luke,/get,/admin/properties,/elevate,/update/json,/admin/threads,/query,/analysis/field,/analysis/document,/spell,/update/csv,/tvrh,/select,/admin/segments,/admin/system,/suggest,/replication,/config,/schema,/admin/plugins,/admin/logging,/admin,/admin/ping,/update,/admin/file,/winwin,/debug/dump,/terms,/dataimport,/update/extract
10530 [qtp477289012-16] INFO  org.apache.solr.core.SolrCore  – Using default statsCache cache: org.apache.solr.search.stats.LocalStatsCache
10540 [qtp477289012-16] INFO  org.apache.solr.update.UpdateHandler  – Using UpdateLog implementation: org.apache.solr.update.UpdateLog
10540 [qtp477289012-16] INFO  org.apache.solr.update.UpdateLog  – Initializing UpdateLog: dataDir= defaultSyncLevel=FLUSH numRecordsToKeep=100 maxNumLogsToKeep=10
10551 [qtp477289012-16] INFO  org.apache.solr.core.SolrCore  – Hard AutoCommit: if uncommited for 15000ms; 
10551 [qtp477289012-16] INFO  org.apache.solr.core.SolrCore  – Soft AutoCommit: disabled
10598 [qtp477289012-16] INFO  org.apache.solr.core.SolrCore  – SolrDeletionPolicy.onInit: commits: num=1
	commit{dir=NRTCachingDirectory(MMapDirectory@/Users/jie/Documents/data/infosense/dumpling/solr_trunk/solr/server/solr/cmu/data/index lockFactory=org.apache.lucene.store.NativeFSLockFactory@9b42f2b; maxCacheMB=48.0 maxMergeSizeMB=4.0),segFN=segments_1,generation=1}
10598 [qtp477289012-16] INFO  org.apache.solr.core.SolrCore  – newest commit generation = 1
10609 [qtp477289012-16] INFO  org.apache.solr.search.SolrIndexSearcher  – Opening Searcher@5b3e2f26[cmu] main
10614 [qtp477289012-16] INFO  org.apache.solr.rest.ManagedResourceStorage  – File-based storage initialized to use dir: /Users/jie/Documents/data/infosense/dumpling/solr_trunk/solr/server/solr/cmu/conf
10614 [qtp477289012-16] INFO  org.apache.solr.rest.RestManager  – Initializing RestManager with initArgs: {storageDir=/Users/jie/Documents/data/infosense/dumpling/solr_trunk/solr/server/solr/cmu/conf}
10621 [qtp477289012-16] INFO  org.apache.solr.rest.ManagedResourceStorage  – Reading _rest_managed.json using file:dir=/Users/jie/Documents/data/infosense/dumpling/solr_trunk/solr/server/solr/cmu/conf
10622 [qtp477289012-16] INFO  org.apache.solr.rest.RestManager  – Initializing 0 registered ManagedResources
10627 [qtp477289012-16] INFO  org.apache.solr.handler.component.SpellCheckComponent  – Initializing spell checkers
10643 [qtp477289012-16] INFO  org.apache.solr.spelling.DirectSolrSpellChecker  – init: {name=default,field=text,classname=solr.DirectSolrSpellChecker,distanceMeasure=internal,accuracy=0.5,maxEdits=2,minPrefix=1,maxInspections=5,minQueryLength=4,maxQueryFrequency=0.01}
10657 [qtp477289012-16] INFO  org.apache.solr.handler.component.SpellCheckComponent  – No queryConverter defined, using default converter
10659 [qtp477289012-16] INFO  org.apache.solr.handler.component.SuggestComponent  – Initializing SuggestComponent
10661 [qtp477289012-16] INFO  org.apache.solr.spelling.suggest.SolrSuggester  – init: {name=mySuggester,lookupImpl=FuzzyLookupFactory,dictionaryImpl=DocumentDictionaryFactory,field=cat,weightField=price,suggestAnalyzerFieldType=string}
10694 [qtp477289012-16] INFO  org.apache.solr.spelling.suggest.SolrSuggester  – Dictionary loaded with params: {name=mySuggester,lookupImpl=FuzzyLookupFactory,dictionaryImpl=DocumentDictionaryFactory,field=cat,weightField=price,suggestAnalyzerFieldType=string}
10695 [qtp477289012-16] INFO  org.apache.solr.handler.component.SuggestComponent  – Registering searcher listener for suggester: mySuggester - SuggesterListener [core=org.apache.solr.core.SolrCore@5e029b4f, suggester=SolrSuggester [ name=mySuggester, sourceLocation=null, storeDir=, lookupImpl=FuzzyLookupFactory, dictionaryImpl=DocumentDictionaryFactory, sizeInBytes=0 ], buildOnCommit=false, buildOnOptimize=false, buildOnStartup=true, isCoreReload=false]
10696 [qtp477289012-16] INFO  org.apache.solr.handler.component.QueryElevationComponent  – Loading QueryElevation from: /Users/jie/Documents/data/infosense/dumpling/solr_trunk/solr/server/solr/cmu/conf/elevate.xml
10724 [qtp477289012-16] INFO  org.apache.solr.handler.ReplicationHandler  – Commits will be reserved for  10000
10737 [qtp477289012-16] WARN  org.apache.solr.handler.admin.AdminHandlers  – <requestHandler name="/admin/" 
 class="solr.admin.AdminHandlers" /> is deprecated . It is not required anymore
10738 [searcherExecutor-6-thread-1] INFO  org.apache.solr.core.SolrCore  – QuerySenderListener sending requests to Searcher@5b3e2f26[cmu] main{ExitableDirectoryReader(UninvertingDirectoryReader())}
10741 [qtp477289012-16] INFO  org.apache.solr.core.CoreContainer  – registering core: cmu
10743 [qtp477289012-16] INFO  org.apache.solr.servlet.SolrDispatchFilter  – [admin] webapp=null path=/admin/cores params={schema=schema.xml&dataDir=data&name=cmu&indexInfo=false&action=CREATE&collection=&shard=&wt=json&instanceDir=cmu&config=solrconfig.xml&_=1426187629442} status=0 QTime=1720 
10814 [searcherExecutor-6-thread-1] INFO  org.apache.solr.core.SolrCore.Request  – [cmu] webapp=null path=null params={q=static+firstSearcher+warming+in+solrconfig.xml&distrib=false&event=firstSearcher} hits=0 status=0 QTime=75 
10815 [searcherExecutor-6-thread-1] INFO  org.apache.solr.core.SolrCore  – QuerySenderListener done.
10815 [searcherExecutor-6-thread-1] INFO  org.apache.solr.handler.component.SpellCheckComponent  – Loading spell index for spellchecker: default
10816 [searcherExecutor-6-thread-1] INFO  org.apache.solr.handler.component.SpellCheckComponent  – Loading spell index for spellchecker: wordbreak
10816 [searcherExecutor-6-thread-1] INFO  org.apache.solr.handler.component.SuggestComponent  – buildOnStartup: mySuggester
10816 [searcherExecutor-6-thread-1] INFO  org.apache.solr.spelling.suggest.SolrSuggester  – SolrSuggester.build(mySuggester)
10833 [searcherExecutor-6-thread-1] INFO  org.apache.solr.core.SolrCore  – [cmu] Registered new searcher Searcher@5b3e2f26[cmu] main{ExitableDirectoryReader(UninvertingDirectoryReader())}
10835 [qtp477289012-15] INFO  org.apache.solr.servlet.SolrDispatchFilter  – [admin] webapp=null path=/admin/cores params={wt=json&_=1426187631348} status=0 QTime=29 
10951 [qtp477289012-15] INFO  org.apache.solr.servlet.SolrDispatchFilter  – [admin] webapp=null path=/admin/cores params={wt=json&_=1426187631429} status=0 QTime=1 
13496 [qtp477289012-16] INFO  org.apache.solr.core.SolrCore.Request  – [cmu] webapp=/solr path=/admin/file params={file=admin-extra.menu-top.html&contentType=text/html;charset%3Dutf-8&_=1426187634050} status=0 QTime=1 
13505 [qtp477289012-15] INFO  org.apache.solr.core.SolrCore.Request  – [cmu] webapp=/solr path=/admin/file params={file=admin-extra.menu-bottom.html&contentType=text/html;charset%3Dutf-8&_=1426187634051} status=0 QTime=1 
13581 [qtp477289012-23] INFO  org.apache.solr.core.SolrCore.Request  – [cmu] webapp=/solr path=/admin/luke params={show=index&numTerms=0&wt=json&_=1426187634090} status=0 QTime=1 
13598 [qtp477289012-24] INFO  org.apache.solr.core.SolrCore.Request  – [cmu] webapp=/solr path=/replication params={wt=json&command=details&_=1426187634107} status=0 QTime=1 
13634 [qtp477289012-15] INFO  org.apache.solr.core.SolrCore.Request  – [cmu] webapp=/solr path=/admin/file params={file=admin-extra.html&_=1426187634114} status=0 QTime=0 
13660 [qtp477289012-20] INFO  org.apache.solr.core.SolrCore.Request  – [cmu] webapp=/solr path=/admin/ping params={action=status&wt=json&_=1426187634116} status=503 QTime=4 
13665 [qtp477289012-16] INFO  org.apache.solr.core.SolrCore.Request  – [cmu] webapp=/solr path=/admin/system params={wt=json&_=1426187634112} status=0 QTime=50 
14616 [qtp477289012-22] INFO  org.apache.solr.core.SolrCore.Request  – [cmu] webapp=/solr path=/admin/mbeans params={cat=QUERYHANDLER&wt=json&_=1426187635157} status=0 QTime=5 
14684 [qtp477289012-24] INFO  org.apache.solr.core.SolrCore.Request  – [cmu] webapp=/solr path=/admin/mbeans params={cat=QUERYHANDLER&wt=json&_=1426187635236} status=0 QTime=0 
14769 [qtp477289012-22] INFO  org.apache.solr.core.SolrCore.Request  – [cmu] webapp=/solr path=/dataimport params={indent=true&command=show-config&_=1426187635237} status=0 QTime=7 
14770 [qtp477289012-23] INFO  org.apache.solr.core.SolrCore.Request  – [cmu] webapp=/solr path=/dataimport params={indent=true&wt=json&command=status&_=1426187635245} status=0 QTime=1 
54669 [qtp477289012-24] INFO  org.apache.solr.core.SolrCore.Request  – [cmu] webapp=/solr path=/update params={wt=json} status=0 QTime=52 
55670 [commitScheduler-9-thread-1] INFO  org.apache.solr.update.UpdateHandler  – start commit{,optimize=false,openSearcher=true,waitSearcher=true,expungeDeletes=false,softCommit=true,prepareCommit=false}
55724 [commitScheduler-9-thread-1] INFO  org.apache.solr.search.SolrIndexSearcher  – Opening Searcher@5dc816a8[cmu] main
55727 [commitScheduler-9-thread-1] INFO  org.apache.solr.update.UpdateHandler  – end_commit_flush
55728 [searcherExecutor-6-thread-1] INFO  org.apache.solr.core.SolrCore  – QuerySenderListener sending requests to Searcher@5dc816a8[cmu] main{ExitableDirectoryReader(UninvertingDirectoryReader(Uninverting(_0(6.0.0):C1)))}
55729 [searcherExecutor-6-thread-1] INFO  org.apache.solr.core.SolrCore  – QuerySenderListener done.
55729 [searcherExecutor-6-thread-1] INFO  org.apache.solr.core.SolrCore  – [cmu] Registered new searcher Searcher@5dc816a8[cmu] main{ExitableDirectoryReader(UninvertingDirectoryReader(Uninverting(_0(6.0.0):C1)))}
59924 [qtp477289012-15] INFO  org.apache.solr.core.SolrCore.Request  – [cmu] webapp=/solr path=/update params={wt=json} status=0 QTime=4 
60925 [commitScheduler-9-thread-1] INFO  org.apache.solr.update.UpdateHandler  – start commit{,optimize=false,openSearcher=true,waitSearcher=true,expungeDeletes=false,softCommit=true,prepareCommit=false}
60937 [commitScheduler-9-thread-1] INFO  org.apache.solr.search.SolrIndexSearcher  – Opening Searcher@2b552d1b[cmu] main
60937 [commitScheduler-9-thread-1] INFO  org.apache.solr.update.UpdateHandler  – end_commit_flush
60937 [searcherExecutor-6-thread-1] INFO  org.apache.solr.core.SolrCore  – QuerySenderListener sending requests to Searcher@2b552d1b[cmu] main{ExitableDirectoryReader(UninvertingDirectoryReader(Uninverting(_0(6.0.0):C1) Uninverting(_1(6.0.0):C1)))}
60937 [searcherExecutor-6-thread-1] INFO  org.apache.solr.core.SolrCore  – QuerySenderListener done.
60937 [searcherExecutor-6-thread-1] INFO  org.apache.solr.core.SolrCore  – [cmu] Registered new searcher Searcher@2b552d1b[cmu] main{ExitableDirectoryReader(UninvertingDirectoryReader(Uninverting(_0(6.0.0):C1) Uninverting(_1(6.0.0):C1)))}
67933 [qtp477289012-16] INFO  org.apache.solr.core.SolrCore.Request  – [cmu] webapp=/solr path=/update params={wt=json} status=0 QTime=2 
68934 [commitScheduler-9-thread-1] INFO  org.apache.solr.update.UpdateHandler  – start commit{,optimize=false,openSearcher=true,waitSearcher=true,expungeDeletes=false,softCommit=true,prepareCommit=false}
68944 [commitScheduler-9-thread-1] INFO  org.apache.solr.search.SolrIndexSearcher  – Opening Searcher@7fce60d8[cmu] main
68945 [commitScheduler-9-thread-1] INFO  org.apache.solr.update.UpdateHandler  – end_commit_flush
68946 [searcherExecutor-6-thread-1] INFO  org.apache.solr.core.SolrCore  – QuerySenderListener sending requests to Searcher@7fce60d8[cmu] main{ExitableDirectoryReader(UninvertingDirectoryReader(Uninverting(_0(6.0.0):C1) Uninverting(_1(6.0.0):C1) Uninverting(_2(6.0.0):C1)))}
68947 [searcherExecutor-6-thread-1] INFO  org.apache.solr.core.SolrCore  – QuerySenderListener done.
68947 [searcherExecutor-6-thread-1] INFO  org.apache.solr.core.SolrCore  – [cmu] Registered new searcher Searcher@7fce60d8[cmu] main{ExitableDirectoryReader(UninvertingDirectoryReader(Uninverting(_0(6.0.0):C1) Uninverting(_1(6.0.0):C1) Uninverting(_2(6.0.0):C1)))}
69670 [commitScheduler-8-thread-1] INFO  org.apache.solr.update.UpdateHandler  – start commit{,optimize=false,openSearcher=false,waitSearcher=true,expungeDeletes=false,softCommit=false,prepareCommit=false}
69686 [commitScheduler-8-thread-1] INFO  org.apache.solr.core.SolrCore  – SolrDeletionPolicy.onCommit: commits: num=2
	commit{dir=NRTCachingDirectory(MMapDirectory@/Users/jie/Documents/data/infosense/dumpling/solr_trunk/solr/server/solr/cmu/data/index lockFactory=org.apache.lucene.store.NativeFSLockFactory@9b42f2b; maxCacheMB=48.0 maxMergeSizeMB=4.0),segFN=segments_1,generation=1}
	commit{dir=NRTCachingDirectory(MMapDirectory@/Users/jie/Documents/data/infosense/dumpling/solr_trunk/solr/server/solr/cmu/data/index lockFactory=org.apache.lucene.store.NativeFSLockFactory@9b42f2b; maxCacheMB=48.0 maxMergeSizeMB=4.0),segFN=segments_2,generation=2}
69686 [commitScheduler-8-thread-1] INFO  org.apache.solr.core.SolrCore  – newest commit generation = 2
69687 [commitScheduler-8-thread-1] INFO  org.apache.solr.update.UpdateHandler  – end_commit_flush
76013 [qtp477289012-21] INFO  org.apache.solr.core.SolrCore.Request  – [cmu] webapp=/solr path=/update params={wt=json} status=0 QTime=3 
77013 [commitScheduler-9-thread-1] INFO  org.apache.solr.update.UpdateHandler  – start commit{,optimize=false,openSearcher=true,waitSearcher=true,expungeDeletes=false,softCommit=true,prepareCommit=false}
77022 [commitScheduler-9-thread-1] INFO  org.apache.solr.search.SolrIndexSearcher  – Opening Searcher@5c922b26[cmu] main
77023 [commitScheduler-9-thread-1] INFO  org.apache.solr.update.UpdateHandler  – end_commit_flush
77023 [searcherExecutor-6-thread-1] INFO  org.apache.solr.core.SolrCore  – QuerySenderListener sending requests to Searcher@5c922b26[cmu] main{ExitableDirectoryReader(UninvertingDirectoryReader(Uninverting(_0(6.0.0):C1) Uninverting(_1(6.0.0):C1) Uninverting(_2(6.0.0):C1) Uninverting(_3(6.0.0):C1)))}
77023 [searcherExecutor-6-thread-1] INFO  org.apache.solr.core.SolrCore  – QuerySenderListener done.
77023 [searcherExecutor-6-thread-1] INFO  org.apache.solr.core.SolrCore  – [cmu] Registered new searcher Searcher@5c922b26[cmu] main{ExitableDirectoryReader(UninvertingDirectoryReader(Uninverting(_0(6.0.0):C1) Uninverting(_1(6.0.0):C1) Uninverting(_2(6.0.0):C1) Uninverting(_3(6.0.0):C1)))}
83253 [qtp477289012-24] INFO  org.apache.solr.core.SolrCore.Request  – [cmu] webapp=/solr path=/select params={q=*:*&indent=true&wt=json&_=1426187703801} hits=4 status=0 QTime=5 
91015 [commitScheduler-8-thread-1] INFO  org.apache.solr.update.UpdateHandler  – start commit{,optimize=false,openSearcher=false,waitSearcher=true,expungeDeletes=false,softCommit=false,prepareCommit=false}
91024 [commitScheduler-8-thread-1] INFO  org.apache.solr.core.SolrCore  – SolrDeletionPolicy.onCommit: commits: num=2
	commit{dir=NRTCachingDirectory(MMapDirectory@/Users/jie/Documents/data/infosense/dumpling/solr_trunk/solr/server/solr/cmu/data/index lockFactory=org.apache.lucene.store.NativeFSLockFactory@9b42f2b; maxCacheMB=48.0 maxMergeSizeMB=4.0),segFN=segments_2,generation=2}
	commit{dir=NRTCachingDirectory(MMapDirectory@/Users/jie/Documents/data/infosense/dumpling/solr_trunk/solr/server/solr/cmu/data/index lockFactory=org.apache.lucene.store.NativeFSLockFactory@9b42f2b; maxCacheMB=48.0 maxMergeSizeMB=4.0),segFN=segments_3,generation=3}
91024 [commitScheduler-8-thread-1] INFO  org.apache.solr.core.SolrCore  – newest commit generation = 3
91025 [commitScheduler-8-thread-1] INFO  org.apache.solr.update.UpdateHandler  – end_commit_flush
102346 [qtp477289012-20] INFO  org.apache.solr.core.SolrCore.Request  – [cmu] webapp=/solr path=/winwin params={q=docContent:aaaa&indent=true&wt=json&_=1426187722887} hits=3 status=0 QTime=10 
109121 [qtp477289012-16] INFO  org.apache.solr.core.SolrCore.Request  – [cmu] webapp=/solr path=/winwin params={q=docContent:bbbb&indent=true&wt=json&_=1426187729666} hits=4 status=0 QTime=8 
138003 [qtp477289012-24] INFO  org.apache.solr.core.SolrCore.Request  – [cmu] webapp=/solr path=/winwin params={q=docContent:bbbb&indent=true&wt=json&_=1426187752417} hits=4 status=0 QTime=6139 
Listening for transport dt_socket at address: 1044
