INFO  - 2015-03-12 19:13:40.567; org.eclipse.jetty.util.log.Log; Logging initialized @6302ms
INFO  - 2015-03-12 19:13:40.756; org.eclipse.jetty.server.Server; jetty-9.2.9.v20150224
WARN  - 2015-03-12 19:13:40.776; org.eclipse.jetty.server.handler.RequestLogHandler; !RequestLog
INFO  - 2015-03-12 19:13:40.779; org.eclipse.jetty.deploy.providers.ScanningAppProvider; Deployment monitor [file:/Users/jie/Documents/data/infosense/dumpling/solr_trunk/solr/server/contexts/] at interval 0
INFO  - 2015-03-12 19:13:41.254; org.eclipse.jetty.webapp.StandardDescriptorProcessor; NO JSP Support for /solr, did not find org.apache.jasper.servlet.JspServlet
WARN  - 2015-03-12 19:13:41.268; org.eclipse.jetty.security.ConstraintSecurityHandler; ServletContext@o.e.j.w.WebAppContext@7e07db1f{/solr,file:/Users/jie/Documents/data/infosense/dumpling/solr_trunk/solr/server/solr-webapp/webapp/,STARTING}{/solr.war} has uncovered http methods for path: /
INFO  - 2015-03-12 19:13:41.294; org.apache.solr.servlet.SolrDispatchFilter; SolrDispatchFilter.init()WebAppClassLoader=904058452@35e2d654
INFO  - 2015-03-12 19:13:41.305; org.apache.solr.core.SolrResourceLoader; JNDI not configured for solr (NoInitialContextEx)
INFO  - 2015-03-12 19:13:41.305; org.apache.solr.core.SolrResourceLoader; using system property solr.solr.home: /Users/jie/Documents/data/infosense/dumpling/solr_trunk/solr/server/solr
INFO  - 2015-03-12 19:13:41.306; org.apache.solr.core.SolrResourceLoader; new SolrResourceLoader for directory: '/Users/jie/Documents/data/infosense/dumpling/solr_trunk/solr/server/solr/'
INFO  - 2015-03-12 19:13:41.389; org.apache.solr.core.SolrXmlConfig; Loading container configuration from /Users/jie/Documents/data/infosense/dumpling/solr_trunk/solr/server/solr/solr.xml
INFO  - 2015-03-12 19:13:41.452; org.apache.solr.core.CorePropertiesLocator; Config-defined core root directory: /Users/jie/Documents/data/infosense/dumpling/solr_trunk/solr/server/solr
INFO  - 2015-03-12 19:13:41.468; org.apache.solr.core.CoreContainer; New CoreContainer 1355887174
INFO  - 2015-03-12 19:13:41.469; org.apache.solr.core.CoreContainer; Loading cores into CoreContainer [instanceDir=/Users/jie/Documents/data/infosense/dumpling/solr_trunk/solr/server/solr/]
INFO  - 2015-03-12 19:13:41.469; org.apache.solr.core.CoreContainer; loading shared library: /Users/jie/Documents/data/infosense/dumpling/solr_trunk/solr/server/solr/lib
WARN  - 2015-03-12 19:13:41.469; org.apache.solr.core.SolrResourceLoader; Can't find (or read) directory to add to classloader: lib (resolved as: /Users/jie/Documents/data/infosense/dumpling/solr_trunk/solr/server/solr/lib).
INFO  - 2015-03-12 19:13:41.485; org.apache.solr.handler.component.HttpShardHandlerFactory; Setting socketTimeout to: 600000
INFO  - 2015-03-12 19:13:41.485; org.apache.solr.handler.component.HttpShardHandlerFactory; Setting urlScheme to: null
INFO  - 2015-03-12 19:13:41.489; org.apache.solr.handler.component.HttpShardHandlerFactory; Setting connTimeout to: 60000
INFO  - 2015-03-12 19:13:41.489; org.apache.solr.handler.component.HttpShardHandlerFactory; Setting maxConnectionsPerHost to: 20
INFO  - 2015-03-12 19:13:41.489; org.apache.solr.handler.component.HttpShardHandlerFactory; Setting maxConnections to: 10000
INFO  - 2015-03-12 19:13:41.489; org.apache.solr.handler.component.HttpShardHandlerFactory; Setting corePoolSize to: 0
INFO  - 2015-03-12 19:13:41.490; org.apache.solr.handler.component.HttpShardHandlerFactory; Setting maximumPoolSize to: 2147483647
INFO  - 2015-03-12 19:13:41.490; org.apache.solr.handler.component.HttpShardHandlerFactory; Setting maxThreadIdleTime to: 5
INFO  - 2015-03-12 19:13:41.490; org.apache.solr.handler.component.HttpShardHandlerFactory; Setting sizeOfQueue to: -1
INFO  - 2015-03-12 19:13:41.490; org.apache.solr.handler.component.HttpShardHandlerFactory; Setting fairnessPolicy to: false
INFO  - 2015-03-12 19:13:41.490; org.apache.solr.handler.component.HttpShardHandlerFactory; Setting useRetries to: false
INFO  - 2015-03-12 19:13:41.616; org.apache.solr.update.UpdateShardHandler; Creating UpdateShardHandler HTTP client with params: socketTimeout=600000&connTimeout=60000&retry=true
INFO  - 2015-03-12 19:13:41.618; org.apache.solr.logging.LogWatcher; SLF4J impl is org.slf4j.impl.Log4jLoggerFactory
INFO  - 2015-03-12 19:13:41.619; org.apache.solr.logging.LogWatcher; Registering Log Listener [Log4j (org.slf4j.impl.Log4jLoggerFactory)]
INFO  - 2015-03-12 19:13:41.620; org.apache.solr.core.CoreContainer; Node Name: 
INFO  - 2015-03-12 19:13:41.647; org.apache.solr.core.CorePropertiesLocator; Looking for core definitions underneath /Users/jie/Documents/data/infosense/dumpling/solr_trunk/solr/server/solr
INFO  - 2015-03-12 19:13:41.651; org.apache.solr.core.CorePropertiesLocator; Found 0 core definitions
INFO  - 2015-03-12 19:13:41.653; org.apache.solr.servlet.SolrDispatchFilter; user.dir=/Users/jie/Documents/data/infosense/dumpling/solr_trunk/solr/server
INFO  - 2015-03-12 19:13:41.653; org.apache.solr.servlet.SolrDispatchFilter; SolrDispatchFilter.init() done
INFO  - 2015-03-12 19:13:41.665; org.eclipse.jetty.server.handler.ContextHandler; Started o.e.j.w.WebAppContext@7e07db1f{/solr,file:/Users/jie/Documents/data/infosense/dumpling/solr_trunk/solr/server/solr-webapp/webapp/,AVAILABLE}{/solr.war}
INFO  - 2015-03-12 19:13:41.675; org.eclipse.jetty.server.AbstractConnector; Started ServerConnector@1cbf6e72{HTTP/1.1}{0.0.0.0:8983}
INFO  - 2015-03-12 19:13:41.676; org.eclipse.jetty.server.Server; Started @7414ms
INFO  - 2015-03-12 19:13:49.635; org.apache.solr.handler.admin.CoreAdminHandler; core create command schema=schema.xml&dataDir=data&name=cmu&indexInfo=false&action=CREATE&collection=&shard=&wt=json&instanceDir=cmu&config=solrconfig.xml&_=1426187629442
INFO  - 2015-03-12 19:13:49.638; org.apache.solr.core.SolrResourceLoader; new SolrResourceLoader for directory: '/Users/jie/Documents/data/infosense/dumpling/solr_trunk/solr/server/solr/cmu/'
INFO  - 2015-03-12 19:13:49.722; org.apache.solr.core.SolrConfig; current version of requestparams : -1
INFO  - 2015-03-12 19:13:49.730; org.apache.solr.core.SolrConfig; Adding specified lib dirs to ClassLoader
INFO  - 2015-03-12 19:13:49.733; org.apache.solr.core.SolrResourceLoader; Adding 'file:/Users/jie/Documents/data/infosense/dumpling/solr_trunk/solr/dist/solr-dataimporthandler-6.0.0-SNAPSHOT.jar' to classloader
INFO  - 2015-03-12 19:13:49.733; org.apache.solr.core.SolrResourceLoader; Adding 'file:/Users/jie/Documents/data/infosense/dumpling/solr_trunk/solr/dist/solr-dataimporthandler-extras-6.0.0-SNAPSHOT.jar' to classloader
INFO  - 2015-03-12 19:13:49.736; org.apache.solr.core.SolrResourceLoader; Adding 'file:/Users/jie/Documents/data/infosense/dumpling/solr_trunk/solr/contrib/extraction/lib/apache-mime4j-core-0.7.2.jar' to classloader
INFO  - 2015-03-12 19:13:49.737; org.apache.solr.core.SolrResourceLoader; Adding 'file:/Users/jie/Documents/data/infosense/dumpling/solr_trunk/solr/contrib/extraction/lib/apache-mime4j-dom-0.7.2.jar' to classloader
INFO  - 2015-03-12 19:13:49.737; org.apache.solr.core.SolrResourceLoader; Adding 'file:/Users/jie/Documents/data/infosense/dumpling/solr_trunk/solr/contrib/extraction/lib/aspectjrt-1.8.0.jar' to classloader
INFO  - 2015-03-12 19:13:49.738; org.apache.solr.core.SolrResourceLoader; Adding 'file:/Users/jie/Documents/data/infosense/dumpling/solr_trunk/solr/contrib/extraction/lib/bcmail-jdk15-1.45.jar' to classloader
INFO  - 2015-03-12 19:13:49.738; org.apache.solr.core.SolrResourceLoader; Adding 'file:/Users/jie/Documents/data/infosense/dumpling/solr_trunk/solr/contrib/extraction/lib/bcprov-jdk15-1.45.jar' to classloader
INFO  - 2015-03-12 19:13:49.739; org.apache.solr.core.SolrResourceLoader; Adding 'file:/Users/jie/Documents/data/infosense/dumpling/solr_trunk/solr/contrib/extraction/lib/boilerpipe-1.1.0.jar' to classloader
INFO  - 2015-03-12 19:13:49.739; org.apache.solr.core.SolrResourceLoader; Adding 'file:/Users/jie/Documents/data/infosense/dumpling/solr_trunk/solr/contrib/extraction/lib/commons-compress-1.8.1.jar' to classloader
INFO  - 2015-03-12 19:13:49.739; org.apache.solr.core.SolrResourceLoader; Adding 'file:/Users/jie/Documents/data/infosense/dumpling/solr_trunk/solr/contrib/extraction/lib/fontbox-1.8.8.jar' to classloader
INFO  - 2015-03-12 19:13:49.740; org.apache.solr.core.SolrResourceLoader; Adding 'file:/Users/jie/Documents/data/infosense/dumpling/solr_trunk/solr/contrib/extraction/lib/icu4j-54.1.jar' to classloader
INFO  - 2015-03-12 19:13:49.740; org.apache.solr.core.SolrResourceLoader; Adding 'file:/Users/jie/Documents/data/infosense/dumpling/solr_trunk/solr/contrib/extraction/lib/isoparser-1.0.2.jar' to classloader
INFO  - 2015-03-12 19:13:49.740; org.apache.solr.core.SolrResourceLoader; Adding 'file:/Users/jie/Documents/data/infosense/dumpling/solr_trunk/solr/contrib/extraction/lib/java-libpst-0.8.1.jar' to classloader
INFO  - 2015-03-12 19:13:49.741; org.apache.solr.core.SolrResourceLoader; Adding 'file:/Users/jie/Documents/data/infosense/dumpling/solr_trunk/solr/contrib/extraction/lib/jdom-1.0.jar' to classloader
INFO  - 2015-03-12 19:13:49.741; org.apache.solr.core.SolrResourceLoader; Adding 'file:/Users/jie/Documents/data/infosense/dumpling/solr_trunk/solr/contrib/extraction/lib/jempbox-1.8.8.jar' to classloader
INFO  - 2015-03-12 19:13:49.741; org.apache.solr.core.SolrResourceLoader; Adding 'file:/Users/jie/Documents/data/infosense/dumpling/solr_trunk/solr/contrib/extraction/lib/jhighlight-1.0.jar' to classloader
INFO  - 2015-03-12 19:13:49.742; org.apache.solr.core.SolrResourceLoader; Adding 'file:/Users/jie/Documents/data/infosense/dumpling/solr_trunk/solr/contrib/extraction/lib/jmatio-1.0.jar' to classloader
INFO  - 2015-03-12 19:13:49.742; org.apache.solr.core.SolrResourceLoader; Adding 'file:/Users/jie/Documents/data/infosense/dumpling/solr_trunk/solr/contrib/extraction/lib/juniversalchardet-1.0.3.jar' to classloader
INFO  - 2015-03-12 19:13:49.742; org.apache.solr.core.SolrResourceLoader; Adding 'file:/Users/jie/Documents/data/infosense/dumpling/solr_trunk/solr/contrib/extraction/lib/metadata-extractor-2.6.2.jar' to classloader
INFO  - 2015-03-12 19:13:49.743; org.apache.solr.core.SolrResourceLoader; Adding 'file:/Users/jie/Documents/data/infosense/dumpling/solr_trunk/solr/contrib/extraction/lib/pdfbox-1.8.8.jar' to classloader
INFO  - 2015-03-12 19:13:49.743; org.apache.solr.core.SolrResourceLoader; Adding 'file:/Users/jie/Documents/data/infosense/dumpling/solr_trunk/solr/contrib/extraction/lib/poi-3.11.jar' to classloader
INFO  - 2015-03-12 19:13:49.743; org.apache.solr.core.SolrResourceLoader; Adding 'file:/Users/jie/Documents/data/infosense/dumpling/solr_trunk/solr/contrib/extraction/lib/poi-ooxml-3.11.jar' to classloader
INFO  - 2015-03-12 19:13:49.744; org.apache.solr.core.SolrResourceLoader; Adding 'file:/Users/jie/Documents/data/infosense/dumpling/solr_trunk/solr/contrib/extraction/lib/poi-ooxml-schemas-3.11.jar' to classloader
INFO  - 2015-03-12 19:13:49.744; org.apache.solr.core.SolrResourceLoader; Adding 'file:/Users/jie/Documents/data/infosense/dumpling/solr_trunk/solr/contrib/extraction/lib/poi-scratchpad-3.11.jar' to classloader
INFO  - 2015-03-12 19:13:49.744; org.apache.solr.core.SolrResourceLoader; Adding 'file:/Users/jie/Documents/data/infosense/dumpling/solr_trunk/solr/contrib/extraction/lib/rome-1.0.jar' to classloader
INFO  - 2015-03-12 19:13:49.744; org.apache.solr.core.SolrResourceLoader; Adding 'file:/Users/jie/Documents/data/infosense/dumpling/solr_trunk/solr/contrib/extraction/lib/tagsoup-1.2.1.jar' to classloader
INFO  - 2015-03-12 19:13:49.744; org.apache.solr.core.SolrResourceLoader; Adding 'file:/Users/jie/Documents/data/infosense/dumpling/solr_trunk/solr/contrib/extraction/lib/tika-core-1.7.jar' to classloader
INFO  - 2015-03-12 19:13:49.744; org.apache.solr.core.SolrResourceLoader; Adding 'file:/Users/jie/Documents/data/infosense/dumpling/solr_trunk/solr/contrib/extraction/lib/tika-java7-1.7.jar' to classloader
INFO  - 2015-03-12 19:13:49.745; org.apache.solr.core.SolrResourceLoader; Adding 'file:/Users/jie/Documents/data/infosense/dumpling/solr_trunk/solr/contrib/extraction/lib/tika-parsers-1.7.jar' to classloader
INFO  - 2015-03-12 19:13:49.745; org.apache.solr.core.SolrResourceLoader; Adding 'file:/Users/jie/Documents/data/infosense/dumpling/solr_trunk/solr/contrib/extraction/lib/tika-xmp-1.7.jar' to classloader
INFO  - 2015-03-12 19:13:49.745; org.apache.solr.core.SolrResourceLoader; Adding 'file:/Users/jie/Documents/data/infosense/dumpling/solr_trunk/solr/contrib/extraction/lib/vorbis-java-core-0.6.jar' to classloader
INFO  - 2015-03-12 19:13:49.745; org.apache.solr.core.SolrResourceLoader; Adding 'file:/Users/jie/Documents/data/infosense/dumpling/solr_trunk/solr/contrib/extraction/lib/vorbis-java-tika-0.6.jar' to classloader
INFO  - 2015-03-12 19:13:49.745; org.apache.solr.core.SolrResourceLoader; Adding 'file:/Users/jie/Documents/data/infosense/dumpling/solr_trunk/solr/contrib/extraction/lib/xercesImpl-2.9.1.jar' to classloader
INFO  - 2015-03-12 19:13:49.745; org.apache.solr.core.SolrResourceLoader; Adding 'file:/Users/jie/Documents/data/infosense/dumpling/solr_trunk/solr/contrib/extraction/lib/xmlbeans-2.6.0.jar' to classloader
INFO  - 2015-03-12 19:13:49.746; org.apache.solr.core.SolrResourceLoader; Adding 'file:/Users/jie/Documents/data/infosense/dumpling/solr_trunk/solr/contrib/extraction/lib/xmpcore-5.1.2.jar' to classloader
INFO  - 2015-03-12 19:13:49.746; org.apache.solr.core.SolrResourceLoader; Adding 'file:/Users/jie/Documents/data/infosense/dumpling/solr_trunk/solr/contrib/extraction/lib/xz-1.5.jar' to classloader
INFO  - 2015-03-12 19:13:49.746; org.apache.solr.core.SolrResourceLoader; Adding 'file:/Users/jie/Documents/data/infosense/dumpling/solr_trunk/solr/dist/solr-cell-6.0.0-SNAPSHOT.jar' to classloader
INFO  - 2015-03-12 19:13:49.747; org.apache.solr.core.SolrResourceLoader; Adding 'file:/Users/jie/Documents/data/infosense/dumpling/solr_trunk/solr/contrib/clustering/lib/attributes-binder-1.2.1.jar' to classloader
INFO  - 2015-03-12 19:13:49.747; org.apache.solr.core.SolrResourceLoader; Adding 'file:/Users/jie/Documents/data/infosense/dumpling/solr_trunk/solr/contrib/clustering/lib/carrot2-mini-3.9.0.jar' to classloader
INFO  - 2015-03-12 19:13:49.748; org.apache.solr.core.SolrResourceLoader; Adding 'file:/Users/jie/Documents/data/infosense/dumpling/solr_trunk/solr/contrib/clustering/lib/hppc-0.5.2.jar' to classloader
INFO  - 2015-03-12 19:13:49.748; org.apache.solr.core.SolrResourceLoader; Adding 'file:/Users/jie/Documents/data/infosense/dumpling/solr_trunk/solr/contrib/clustering/lib/jackson-core-asl-1.9.13.jar' to classloader
INFO  - 2015-03-12 19:13:49.748; org.apache.solr.core.SolrResourceLoader; Adding 'file:/Users/jie/Documents/data/infosense/dumpling/solr_trunk/solr/contrib/clustering/lib/jackson-mapper-asl-1.9.13.jar' to classloader
INFO  - 2015-03-12 19:13:49.748; org.apache.solr.core.SolrResourceLoader; Adding 'file:/Users/jie/Documents/data/infosense/dumpling/solr_trunk/solr/contrib/clustering/lib/mahout-collections-1.0.jar' to classloader
INFO  - 2015-03-12 19:13:49.748; org.apache.solr.core.SolrResourceLoader; Adding 'file:/Users/jie/Documents/data/infosense/dumpling/solr_trunk/solr/contrib/clustering/lib/mahout-math-0.6.jar' to classloader
INFO  - 2015-03-12 19:13:49.748; org.apache.solr.core.SolrResourceLoader; Adding 'file:/Users/jie/Documents/data/infosense/dumpling/solr_trunk/solr/contrib/clustering/lib/simple-xml-2.7.jar' to classloader
INFO  - 2015-03-12 19:13:49.749; org.apache.solr.core.SolrResourceLoader; Adding 'file:/Users/jie/Documents/data/infosense/dumpling/solr_trunk/solr/dist/solr-clustering-6.0.0-SNAPSHOT.jar' to classloader
INFO  - 2015-03-12 19:13:49.749; org.apache.solr.core.SolrResourceLoader; Adding 'file:/Users/jie/Documents/data/infosense/dumpling/solr_trunk/solr/contrib/langid/lib/jsonic-1.2.7.jar' to classloader
INFO  - 2015-03-12 19:13:49.750; org.apache.solr.core.SolrResourceLoader; Adding 'file:/Users/jie/Documents/data/infosense/dumpling/solr_trunk/solr/contrib/langid/lib/langdetect-1.1-20120112.jar' to classloader
INFO  - 2015-03-12 19:13:49.751; org.apache.solr.core.SolrResourceLoader; Adding 'file:/Users/jie/Documents/data/infosense/dumpling/solr_trunk/solr/dist/solr-langid-6.0.0-SNAPSHOT.jar' to classloader
INFO  - 2015-03-12 19:13:49.751; org.apache.solr.core.SolrResourceLoader; Adding 'file:/Users/jie/Documents/data/infosense/dumpling/solr_trunk/solr/contrib/velocity/lib/commons-beanutils-1.8.3.jar' to classloader
INFO  - 2015-03-12 19:13:49.752; org.apache.solr.core.SolrResourceLoader; Adding 'file:/Users/jie/Documents/data/infosense/dumpling/solr_trunk/solr/contrib/velocity/lib/commons-collections-3.2.1.jar' to classloader
INFO  - 2015-03-12 19:13:49.753; org.apache.solr.core.SolrResourceLoader; Adding 'file:/Users/jie/Documents/data/infosense/dumpling/solr_trunk/solr/contrib/velocity/lib/velocity-1.7.jar' to classloader
INFO  - 2015-03-12 19:13:49.753; org.apache.solr.core.SolrResourceLoader; Adding 'file:/Users/jie/Documents/data/infosense/dumpling/solr_trunk/solr/contrib/velocity/lib/velocity-tools-2.0.jar' to classloader
INFO  - 2015-03-12 19:13:49.755; org.apache.solr.core.SolrResourceLoader; Adding 'file:/Users/jie/Documents/data/infosense/dumpling/solr_trunk/solr/dist/solr-velocity-6.0.0-SNAPSHOT.jar' to classloader
INFO  - 2015-03-12 19:13:49.834; org.apache.solr.update.SolrIndexConfig; IndexWriter infoStream solr logging is enabled
INFO  - 2015-03-12 19:13:49.844; org.apache.solr.core.SolrConfig; Using Lucene MatchVersion: 5.0.0
INFO  - 2015-03-12 19:13:49.977; org.apache.solr.core.SolrConfig; Loaded SolrConfig: solrconfig.xml
INFO  - 2015-03-12 19:13:49.984; org.apache.solr.schema.IndexSchema; Reading Solr Schema from /Users/jie/Documents/data/infosense/dumpling/solr_trunk/solr/server/solr/cmu/conf/schema.xml
INFO  - 2015-03-12 19:13:50.055; org.apache.solr.schema.IndexSchema; [cmu] Schema name=example-DIH-solr
WARN  - 2015-03-12 19:13:50.155; org.apache.solr.schema.FieldTypePluginLoader; TokenizerFactory is using deprecated 5.0.0 emulation. You should at some point declare and reindex to at least 6.0, because 5.x emulation is deprecated and will be removed in 7.0
WARN  - 2015-03-12 19:13:50.161; org.apache.solr.schema.FieldTypePluginLoader; TokenizerFactory is using deprecated 5.0.0 emulation. You should at some point declare and reindex to at least 6.0, because 5.x emulation is deprecated and will be removed in 7.0
WARN  - 2015-03-12 19:13:50.162; org.apache.solr.schema.FieldTypePluginLoader; TokenFilterFactory is using deprecated 5.0.0 emulation. You should at some point declare and reindex to at least 6.0, because 5.x emulation is deprecated and will be removed in 7.0
WARN  - 2015-03-12 19:13:50.163; org.apache.solr.schema.FieldTypePluginLoader; TokenFilterFactory is using deprecated 5.0.0 emulation. You should at some point declare and reindex to at least 6.0, because 5.x emulation is deprecated and will be removed in 7.0
WARN  - 2015-03-12 19:13:50.165; org.apache.solr.schema.FieldTypePluginLoader; TokenFilterFactory is using deprecated 5.0.0 emulation. You should at some point declare and reindex to at least 6.0, because 5.x emulation is deprecated and will be removed in 7.0
WARN  - 2015-03-12 19:13:50.168; org.apache.solr.schema.FieldTypePluginLoader; TokenizerFactory is using deprecated 5.0.0 emulation. You should at some point declare and reindex to at least 6.0, because 5.x emulation is deprecated and will be removed in 7.0
WARN  - 2015-03-12 19:13:50.169; org.apache.solr.schema.FieldTypePluginLoader; TokenFilterFactory is using deprecated 5.0.0 emulation. You should at some point declare and reindex to at least 6.0, because 5.x emulation is deprecated and will be removed in 7.0
WARN  - 2015-03-12 19:13:50.171; org.apache.solr.schema.FieldTypePluginLoader; TokenFilterFactory is using deprecated 5.0.0 emulation. You should at some point declare and reindex to at least 6.0, because 5.x emulation is deprecated and will be removed in 7.0
WARN  - 2015-03-12 19:13:50.175; org.apache.solr.schema.FieldTypePluginLoader; TokenizerFactory is using deprecated 5.0.0 emulation. You should at some point declare and reindex to at least 6.0, because 5.x emulation is deprecated and will be removed in 7.0
WARN  - 2015-03-12 19:13:50.176; org.apache.solr.schema.FieldTypePluginLoader; TokenFilterFactory is using deprecated 5.0.0 emulation. You should at some point declare and reindex to at least 6.0, because 5.x emulation is deprecated and will be removed in 7.0
WARN  - 2015-03-12 19:13:50.177; org.apache.solr.schema.FieldTypePluginLoader; TokenFilterFactory is using deprecated 5.0.0 emulation. You should at some point declare and reindex to at least 6.0, because 5.x emulation is deprecated and will be removed in 7.0
WARN  - 2015-03-12 19:13:50.177; org.apache.solr.schema.FieldTypePluginLoader; TokenFilterFactory is using deprecated 5.0.0 emulation. You should at some point declare and reindex to at least 6.0, because 5.x emulation is deprecated and will be removed in 7.0
WARN  - 2015-03-12 19:13:50.178; org.apache.solr.schema.FieldTypePluginLoader; TokenFilterFactory is using deprecated 5.0.0 emulation. You should at some point declare and reindex to at least 6.0, because 5.x emulation is deprecated and will be removed in 7.0
WARN  - 2015-03-12 19:13:50.179; org.apache.solr.schema.FieldTypePluginLoader; TokenFilterFactory is using deprecated 5.0.0 emulation. You should at some point declare and reindex to at least 6.0, because 5.x emulation is deprecated and will be removed in 7.0
WARN  - 2015-03-12 19:13:50.181; org.apache.solr.schema.FieldTypePluginLoader; TokenFilterFactory is using deprecated 5.0.0 emulation. You should at some point declare and reindex to at least 6.0, because 5.x emulation is deprecated and will be removed in 7.0
WARN  - 2015-03-12 19:13:50.184; org.apache.solr.schema.FieldTypePluginLoader; TokenizerFactory is using deprecated 5.0.0 emulation. You should at some point declare and reindex to at least 6.0, because 5.x emulation is deprecated and will be removed in 7.0
WARN  - 2015-03-12 19:13:50.185; org.apache.solr.schema.FieldTypePluginLoader; TokenFilterFactory is using deprecated 5.0.0 emulation. You should at some point declare and reindex to at least 6.0, because 5.x emulation is deprecated and will be removed in 7.0
WARN  - 2015-03-12 19:13:50.185; org.apache.solr.schema.FieldTypePluginLoader; TokenFilterFactory is using deprecated 5.0.0 emulation. You should at some point declare and reindex to at least 6.0, because 5.x emulation is deprecated and will be removed in 7.0
WARN  - 2015-03-12 19:13:50.186; org.apache.solr.schema.FieldTypePluginLoader; TokenFilterFactory is using deprecated 5.0.0 emulation. You should at some point declare and reindex to at least 6.0, because 5.x emulation is deprecated and will be removed in 7.0
WARN  - 2015-03-12 19:13:50.186; org.apache.solr.schema.FieldTypePluginLoader; TokenFilterFactory is using deprecated 5.0.0 emulation. You should at some point declare and reindex to at least 6.0, because 5.x emulation is deprecated and will be removed in 7.0
WARN  - 2015-03-12 19:13:50.187; org.apache.solr.schema.FieldTypePluginLoader; TokenFilterFactory is using deprecated 5.0.0 emulation. You should at some point declare and reindex to at least 6.0, because 5.x emulation is deprecated and will be removed in 7.0
WARN  - 2015-03-12 19:13:50.189; org.apache.solr.schema.FieldTypePluginLoader; TokenizerFactory is using deprecated 5.0.0 emulation. You should at some point declare and reindex to at least 6.0, because 5.x emulation is deprecated and will be removed in 7.0
WARN  - 2015-03-12 19:13:50.190; org.apache.solr.schema.FieldTypePluginLoader; TokenFilterFactory is using deprecated 5.0.0 emulation. You should at some point declare and reindex to at least 6.0, because 5.x emulation is deprecated and will be removed in 7.0
WARN  - 2015-03-12 19:13:50.191; org.apache.solr.schema.FieldTypePluginLoader; TokenFilterFactory is using deprecated 5.0.0 emulation. You should at some point declare and reindex to at least 6.0, because 5.x emulation is deprecated and will be removed in 7.0
WARN  - 2015-03-12 19:13:50.191; org.apache.solr.schema.FieldTypePluginLoader; TokenFilterFactory is using deprecated 5.0.0 emulation. You should at some point declare and reindex to at least 6.0, because 5.x emulation is deprecated and will be removed in 7.0
WARN  - 2015-03-12 19:13:50.193; org.apache.solr.schema.FieldTypePluginLoader; TokenFilterFactory is using deprecated 5.0.0 emulation. You should at some point declare and reindex to at least 6.0, because 5.x emulation is deprecated and will be removed in 7.0
WARN  - 2015-03-12 19:13:50.194; org.apache.solr.schema.FieldTypePluginLoader; TokenFilterFactory is using deprecated 5.0.0 emulation. You should at some point declare and reindex to at least 6.0, because 5.x emulation is deprecated and will be removed in 7.0
WARN  - 2015-03-12 19:13:50.194; org.apache.solr.schema.FieldTypePluginLoader; TokenFilterFactory is using deprecated 5.0.0 emulation. You should at some point declare and reindex to at least 6.0, because 5.x emulation is deprecated and will be removed in 7.0
WARN  - 2015-03-12 19:13:50.197; org.apache.solr.schema.FieldTypePluginLoader; TokenizerFactory is using deprecated 5.0.0 emulation. You should at some point declare and reindex to at least 6.0, because 5.x emulation is deprecated and will be removed in 7.0
WARN  - 2015-03-12 19:13:50.198; org.apache.solr.schema.FieldTypePluginLoader; TokenFilterFactory is using deprecated 5.0.0 emulation. You should at some point declare and reindex to at least 6.0, because 5.x emulation is deprecated and will be removed in 7.0
WARN  - 2015-03-12 19:13:50.198; org.apache.solr.schema.FieldTypePluginLoader; TokenFilterFactory is using deprecated 5.0.0 emulation. You should at some point declare and reindex to at least 6.0, because 5.x emulation is deprecated and will be removed in 7.0
WARN  - 2015-03-12 19:13:50.199; org.apache.solr.schema.FieldTypePluginLoader; TokenFilterFactory is using deprecated 5.0.0 emulation. You should at some point declare and reindex to at least 6.0, because 5.x emulation is deprecated and will be removed in 7.0
WARN  - 2015-03-12 19:13:50.199; org.apache.solr.schema.FieldTypePluginLoader; TokenFilterFactory is using deprecated 5.0.0 emulation. You should at some point declare and reindex to at least 6.0, because 5.x emulation is deprecated and will be removed in 7.0
WARN  - 2015-03-12 19:13:50.200; org.apache.solr.schema.FieldTypePluginLoader; TokenFilterFactory is using deprecated 5.0.0 emulation. You should at some point declare and reindex to at least 6.0, because 5.x emulation is deprecated and will be removed in 7.0
WARN  - 2015-03-12 19:13:50.204; org.apache.solr.schema.FieldTypePluginLoader; TokenizerFactory is using deprecated 5.0.0 emulation. You should at some point declare and reindex to at least 6.0, because 5.x emulation is deprecated and will be removed in 7.0
WARN  - 2015-03-12 19:13:50.204; org.apache.solr.schema.FieldTypePluginLoader; TokenFilterFactory is using deprecated 5.0.0 emulation. You should at some point declare and reindex to at least 6.0, because 5.x emulation is deprecated and will be removed in 7.0
WARN  - 2015-03-12 19:13:50.205; org.apache.solr.schema.FieldTypePluginLoader; TokenFilterFactory is using deprecated 5.0.0 emulation. You should at some point declare and reindex to at least 6.0, because 5.x emulation is deprecated and will be removed in 7.0
WARN  - 2015-03-12 19:13:50.206; org.apache.solr.schema.FieldTypePluginLoader; TokenFilterFactory is using deprecated 5.0.0 emulation. You should at some point declare and reindex to at least 6.0, because 5.x emulation is deprecated and will be removed in 7.0
WARN  - 2015-03-12 19:13:50.206; org.apache.solr.schema.FieldTypePluginLoader; TokenFilterFactory is using deprecated 5.0.0 emulation. You should at some point declare and reindex to at least 6.0, because 5.x emulation is deprecated and will be removed in 7.0
WARN  - 2015-03-12 19:13:50.207; org.apache.solr.schema.FieldTypePluginLoader; TokenFilterFactory is using deprecated 5.0.0 emulation. You should at some point declare and reindex to at least 6.0, because 5.x emulation is deprecated and will be removed in 7.0
WARN  - 2015-03-12 19:13:50.207; org.apache.solr.schema.FieldTypePluginLoader; TokenFilterFactory is using deprecated 5.0.0 emulation. You should at some point declare and reindex to at least 6.0, because 5.x emulation is deprecated and will be removed in 7.0
WARN  - 2015-03-12 19:13:50.210; org.apache.solr.schema.FieldTypePluginLoader; TokenFilterFactory is using deprecated 5.0.0 emulation. You should at some point declare and reindex to at least 6.0, because 5.x emulation is deprecated and will be removed in 7.0
WARN  - 2015-03-12 19:13:50.215; org.apache.solr.schema.FieldTypePluginLoader; TokenizerFactory is using deprecated 5.0.0 emulation. You should at some point declare and reindex to at least 6.0, because 5.x emulation is deprecated and will be removed in 7.0
WARN  - 2015-03-12 19:13:50.216; org.apache.solr.schema.FieldTypePluginLoader; TokenFilterFactory is using deprecated 5.0.0 emulation. You should at some point declare and reindex to at least 6.0, because 5.x emulation is deprecated and will be removed in 7.0
WARN  - 2015-03-12 19:13:50.216; org.apache.solr.schema.FieldTypePluginLoader; TokenFilterFactory is using deprecated 5.0.0 emulation. You should at some point declare and reindex to at least 6.0, because 5.x emulation is deprecated and will be removed in 7.0
WARN  - 2015-03-12 19:13:50.217; org.apache.solr.schema.FieldTypePluginLoader; TokenFilterFactory is using deprecated 5.0.0 emulation. You should at some point declare and reindex to at least 6.0, because 5.x emulation is deprecated and will be removed in 7.0
WARN  - 2015-03-12 19:13:50.223; org.apache.solr.schema.FieldTypePluginLoader; TokenizerFactory is using deprecated 5.0.0 emulation. You should at some point declare and reindex to at least 6.0, because 5.x emulation is deprecated and will be removed in 7.0
WARN  - 2015-03-12 19:13:50.225; org.apache.solr.schema.FieldTypePluginLoader; TokenFilterFactory is using deprecated 5.0.0 emulation. You should at some point declare and reindex to at least 6.0, because 5.x emulation is deprecated and will be removed in 7.0
WARN  - 2015-03-12 19:13:50.227; org.apache.solr.schema.FieldTypePluginLoader; TokenFilterFactory is using deprecated 5.0.0 emulation. You should at some point declare and reindex to at least 6.0, because 5.x emulation is deprecated and will be removed in 7.0
WARN  - 2015-03-12 19:13:50.228; org.apache.solr.schema.FieldTypePluginLoader; TokenFilterFactory is using deprecated 5.0.0 emulation. You should at some point declare and reindex to at least 6.0, because 5.x emulation is deprecated and will be removed in 7.0
WARN  - 2015-03-12 19:13:50.238; org.apache.solr.schema.FieldTypePluginLoader; TokenizerFactory is using deprecated 5.0.0 emulation. You should at some point declare and reindex to at least 6.0, because 5.x emulation is deprecated and will be removed in 7.0
WARN  - 2015-03-12 19:13:50.241; org.apache.solr.schema.FieldTypePluginLoader; TokenFilterFactory is using deprecated 5.0.0 emulation. You should at some point declare and reindex to at least 6.0, because 5.x emulation is deprecated and will be removed in 7.0
WARN  - 2015-03-12 19:13:50.241; org.apache.solr.schema.FieldTypePluginLoader; TokenFilterFactory is using deprecated 5.0.0 emulation. You should at some point declare and reindex to at least 6.0, because 5.x emulation is deprecated and will be removed in 7.0
WARN  - 2015-03-12 19:13:50.242; org.apache.solr.schema.FieldTypePluginLoader; TokenFilterFactory is using deprecated 5.0.0 emulation. You should at some point declare and reindex to at least 6.0, because 5.x emulation is deprecated and will be removed in 7.0
WARN  - 2015-03-12 19:13:50.248; org.apache.solr.schema.FieldTypePluginLoader; TokenizerFactory is using deprecated 5.0.0 emulation. You should at some point declare and reindex to at least 6.0, because 5.x emulation is deprecated and will be removed in 7.0
WARN  - 2015-03-12 19:13:50.249; org.apache.solr.schema.FieldTypePluginLoader; TokenFilterFactory is using deprecated 5.0.0 emulation. You should at some point declare and reindex to at least 6.0, because 5.x emulation is deprecated and will be removed in 7.0
WARN  - 2015-03-12 19:13:50.254; org.apache.solr.schema.FieldTypePluginLoader; TokenizerFactory is using deprecated 5.0.0 emulation. You should at some point declare and reindex to at least 6.0, because 5.x emulation is deprecated and will be removed in 7.0
WARN  - 2015-03-12 19:13:50.255; org.apache.solr.schema.FieldTypePluginLoader; TokenFilterFactory is using deprecated 5.0.0 emulation. You should at some point declare and reindex to at least 6.0, because 5.x emulation is deprecated and will be removed in 7.0
WARN  - 2015-03-12 19:13:50.263; org.apache.solr.schema.FieldTypePluginLoader; TokenizerFactory is using deprecated 5.0.0 emulation. You should at some point declare and reindex to at least 6.0, because 5.x emulation is deprecated and will be removed in 7.0
WARN  - 2015-03-12 19:13:50.264; org.apache.solr.schema.FieldTypePluginLoader; TokenFilterFactory is using deprecated 5.0.0 emulation. You should at some point declare and reindex to at least 6.0, because 5.x emulation is deprecated and will be removed in 7.0
WARN  - 2015-03-12 19:13:50.266; org.apache.solr.schema.FieldTypePluginLoader; TokenizerFactory is using deprecated 5.0.0 emulation. You should at some point declare and reindex to at least 6.0, because 5.x emulation is deprecated and will be removed in 7.0
WARN  - 2015-03-12 19:13:50.268; org.apache.solr.schema.FieldTypePluginLoader; TokenizerFactory is using deprecated 5.0.0 emulation. You should at some point declare and reindex to at least 6.0, because 5.x emulation is deprecated and will be removed in 7.0
WARN  - 2015-03-12 19:13:50.271; org.apache.solr.schema.FieldTypePluginLoader; TokenizerFactory is using deprecated 5.0.0 emulation. You should at some point declare and reindex to at least 6.0, because 5.x emulation is deprecated and will be removed in 7.0
WARN  - 2015-03-12 19:13:50.275; org.apache.solr.schema.FieldTypePluginLoader; TokenizerFactory is using deprecated 5.0.0 emulation. You should at some point declare and reindex to at least 6.0, because 5.x emulation is deprecated and will be removed in 7.0
WARN  - 2015-03-12 19:13:50.377; org.apache.solr.schema.FieldTypePluginLoader; TokenizerFactory is using deprecated 5.0.0 emulation. You should at some point declare and reindex to at least 6.0, because 5.x emulation is deprecated and will be removed in 7.0
WARN  - 2015-03-12 19:13:50.378; org.apache.solr.schema.FieldTypePluginLoader; TokenFilterFactory is using deprecated 5.0.0 emulation. You should at some point declare and reindex to at least 6.0, because 5.x emulation is deprecated and will be removed in 7.0
WARN  - 2015-03-12 19:13:50.378; org.apache.solr.schema.FieldTypePluginLoader; TokenFilterFactory is using deprecated 5.0.0 emulation. You should at some point declare and reindex to at least 6.0, because 5.x emulation is deprecated and will be removed in 7.0
WARN  - 2015-03-12 19:13:50.379; org.apache.solr.schema.FieldTypePluginLoader; TokenFilterFactory is using deprecated 5.0.0 emulation. You should at some point declare and reindex to at least 6.0, because 5.x emulation is deprecated and will be removed in 7.0
WARN  - 2015-03-12 19:13:50.380; org.apache.solr.schema.FieldTypePluginLoader; TokenFilterFactory is using deprecated 5.0.0 emulation. You should at some point declare and reindex to at least 6.0, because 5.x emulation is deprecated and will be removed in 7.0
WARN  - 2015-03-12 19:13:50.384; org.apache.solr.schema.FieldTypePluginLoader; TokenizerFactory is using deprecated 5.0.0 emulation. You should at some point declare and reindex to at least 6.0, because 5.x emulation is deprecated and will be removed in 7.0
WARN  - 2015-03-12 19:13:50.384; org.apache.solr.schema.FieldTypePluginLoader; TokenFilterFactory is using deprecated 5.0.0 emulation. You should at some point declare and reindex to at least 6.0, because 5.x emulation is deprecated and will be removed in 7.0
WARN  - 2015-03-12 19:13:50.385; org.apache.solr.schema.FieldTypePluginLoader; TokenFilterFactory is using deprecated 5.0.0 emulation. You should at some point declare and reindex to at least 6.0, because 5.x emulation is deprecated and will be removed in 7.0
WARN  - 2015-03-12 19:13:50.385; org.apache.solr.schema.FieldTypePluginLoader; TokenFilterFactory is using deprecated 5.0.0 emulation. You should at some point declare and reindex to at least 6.0, because 5.x emulation is deprecated and will be removed in 7.0
WARN  - 2015-03-12 19:13:50.390; org.apache.solr.schema.FieldTypePluginLoader; TokenizerFactory is using deprecated 5.0.0 emulation. You should at some point declare and reindex to at least 6.0, because 5.x emulation is deprecated and will be removed in 7.0
WARN  - 2015-03-12 19:13:50.390; org.apache.solr.schema.FieldTypePluginLoader; TokenFilterFactory is using deprecated 5.0.0 emulation. You should at some point declare and reindex to at least 6.0, because 5.x emulation is deprecated and will be removed in 7.0
WARN  - 2015-03-12 19:13:50.391; org.apache.solr.schema.FieldTypePluginLoader; TokenFilterFactory is using deprecated 5.0.0 emulation. You should at some point declare and reindex to at least 6.0, because 5.x emulation is deprecated and will be removed in 7.0
WARN  - 2015-03-12 19:13:50.392; org.apache.solr.schema.FieldTypePluginLoader; TokenFilterFactory is using deprecated 5.0.0 emulation. You should at some point declare and reindex to at least 6.0, because 5.x emulation is deprecated and will be removed in 7.0
WARN  - 2015-03-12 19:13:50.392; org.apache.solr.schema.FieldTypePluginLoader; TokenFilterFactory is using deprecated 5.0.0 emulation. You should at some point declare and reindex to at least 6.0, because 5.x emulation is deprecated and will be removed in 7.0
WARN  - 2015-03-12 19:13:50.396; org.apache.solr.schema.FieldTypePluginLoader; TokenizerFactory is using deprecated 5.0.0 emulation. You should at some point declare and reindex to at least 6.0, because 5.x emulation is deprecated and will be removed in 7.0
WARN  - 2015-03-12 19:13:50.396; org.apache.solr.schema.FieldTypePluginLoader; TokenFilterFactory is using deprecated 5.0.0 emulation. You should at some point declare and reindex to at least 6.0, because 5.x emulation is deprecated and will be removed in 7.0
WARN  - 2015-03-12 19:13:50.397; org.apache.solr.schema.FieldTypePluginLoader; TokenFilterFactory is using deprecated 5.0.0 emulation. You should at some point declare and reindex to at least 6.0, because 5.x emulation is deprecated and will be removed in 7.0
WARN  - 2015-03-12 19:13:50.397; org.apache.solr.schema.FieldTypePluginLoader; TokenFilterFactory is using deprecated 5.0.0 emulation. You should at some point declare and reindex to at least 6.0, because 5.x emulation is deprecated and will be removed in 7.0
WARN  - 2015-03-12 19:13:50.400; org.apache.solr.schema.FieldTypePluginLoader; TokenizerFactory is using deprecated 5.0.0 emulation. You should at some point declare and reindex to at least 6.0, because 5.x emulation is deprecated and will be removed in 7.0
WARN  - 2015-03-12 19:13:50.400; org.apache.solr.schema.FieldTypePluginLoader; TokenFilterFactory is using deprecated 5.0.0 emulation. You should at some point declare and reindex to at least 6.0, because 5.x emulation is deprecated and will be removed in 7.0
WARN  - 2015-03-12 19:13:50.401; org.apache.solr.schema.FieldTypePluginLoader; TokenFilterFactory is using deprecated 5.0.0 emulation. You should at some point declare and reindex to at least 6.0, because 5.x emulation is deprecated and will be removed in 7.0
WARN  - 2015-03-12 19:13:50.401; org.apache.solr.schema.FieldTypePluginLoader; TokenFilterFactory is using deprecated 5.0.0 emulation. You should at some point declare and reindex to at least 6.0, because 5.x emulation is deprecated and will be removed in 7.0
WARN  - 2015-03-12 19:13:50.402; org.apache.solr.schema.FieldTypePluginLoader; TokenFilterFactory is using deprecated 5.0.0 emulation. You should at some point declare and reindex to at least 6.0, because 5.x emulation is deprecated and will be removed in 7.0
WARN  - 2015-03-12 19:13:50.404; org.apache.solr.schema.FieldTypePluginLoader; TokenizerFactory is using deprecated 5.0.0 emulation. You should at some point declare and reindex to at least 6.0, because 5.x emulation is deprecated and will be removed in 7.0
WARN  - 2015-03-12 19:13:50.405; org.apache.solr.schema.FieldTypePluginLoader; TokenFilterFactory is using deprecated 5.0.0 emulation. You should at some point declare and reindex to at least 6.0, because 5.x emulation is deprecated and will be removed in 7.0
WARN  - 2015-03-12 19:13:50.405; org.apache.solr.schema.FieldTypePluginLoader; TokenFilterFactory is using deprecated 5.0.0 emulation. You should at some point declare and reindex to at least 6.0, because 5.x emulation is deprecated and will be removed in 7.0
WARN  - 2015-03-12 19:13:50.405; org.apache.solr.schema.FieldTypePluginLoader; TokenFilterFactory is using deprecated 5.0.0 emulation. You should at some point declare and reindex to at least 6.0, because 5.x emulation is deprecated and will be removed in 7.0
WARN  - 2015-03-12 19:13:50.408; org.apache.solr.schema.FieldTypePluginLoader; TokenizerFactory is using deprecated 5.0.0 emulation. You should at some point declare and reindex to at least 6.0, because 5.x emulation is deprecated and will be removed in 7.0
WARN  - 2015-03-12 19:13:50.408; org.apache.solr.schema.FieldTypePluginLoader; TokenFilterFactory is using deprecated 5.0.0 emulation. You should at some point declare and reindex to at least 6.0, because 5.x emulation is deprecated and will be removed in 7.0
WARN  - 2015-03-12 19:13:50.408; org.apache.solr.schema.FieldTypePluginLoader; TokenFilterFactory is using deprecated 5.0.0 emulation. You should at some point declare and reindex to at least 6.0, because 5.x emulation is deprecated and will be removed in 7.0
WARN  - 2015-03-12 19:13:50.409; org.apache.solr.schema.FieldTypePluginLoader; TokenFilterFactory is using deprecated 5.0.0 emulation. You should at some point declare and reindex to at least 6.0, because 5.x emulation is deprecated and will be removed in 7.0
WARN  - 2015-03-12 19:13:50.412; org.apache.solr.schema.FieldTypePluginLoader; TokenizerFactory is using deprecated 5.0.0 emulation. You should at some point declare and reindex to at least 6.0, because 5.x emulation is deprecated and will be removed in 7.0
WARN  - 2015-03-12 19:13:50.412; org.apache.solr.schema.FieldTypePluginLoader; TokenFilterFactory is using deprecated 5.0.0 emulation. You should at some point declare and reindex to at least 6.0, because 5.x emulation is deprecated and will be removed in 7.0
WARN  - 2015-03-12 19:13:50.413; org.apache.solr.schema.FieldTypePluginLoader; TokenFilterFactory is using deprecated 5.0.0 emulation. You should at some point declare and reindex to at least 6.0, because 5.x emulation is deprecated and will be removed in 7.0
WARN  - 2015-03-12 19:13:50.413; org.apache.solr.schema.FieldTypePluginLoader; TokenFilterFactory is using deprecated 5.0.0 emulation. You should at some point declare and reindex to at least 6.0, because 5.x emulation is deprecated and will be removed in 7.0
WARN  - 2015-03-12 19:13:50.414; org.apache.solr.schema.FieldTypePluginLoader; TokenFilterFactory is using deprecated 5.0.0 emulation. You should at some point declare and reindex to at least 6.0, because 5.x emulation is deprecated and will be removed in 7.0
WARN  - 2015-03-12 19:13:50.417; org.apache.solr.schema.FieldTypePluginLoader; TokenizerFactory is using deprecated 5.0.0 emulation. You should at some point declare and reindex to at least 6.0, because 5.x emulation is deprecated and will be removed in 7.0
WARN  - 2015-03-12 19:13:50.418; org.apache.solr.schema.FieldTypePluginLoader; TokenFilterFactory is using deprecated 5.0.0 emulation. You should at some point declare and reindex to at least 6.0, because 5.x emulation is deprecated and will be removed in 7.0
WARN  - 2015-03-12 19:13:50.418; org.apache.solr.schema.FieldTypePluginLoader; TokenFilterFactory is using deprecated 5.0.0 emulation. You should at some point declare and reindex to at least 6.0, because 5.x emulation is deprecated and will be removed in 7.0
WARN  - 2015-03-12 19:13:50.419; org.apache.solr.schema.FieldTypePluginLoader; TokenFilterFactory is using deprecated 5.0.0 emulation. You should at some point declare and reindex to at least 6.0, because 5.x emulation is deprecated and will be removed in 7.0
WARN  - 2015-03-12 19:13:50.422; org.apache.solr.schema.FieldTypePluginLoader; TokenizerFactory is using deprecated 5.0.0 emulation. You should at some point declare and reindex to at least 6.0, because 5.x emulation is deprecated and will be removed in 7.0
WARN  - 2015-03-12 19:13:50.422; org.apache.solr.schema.FieldTypePluginLoader; TokenFilterFactory is using deprecated 5.0.0 emulation. You should at some point declare and reindex to at least 6.0, because 5.x emulation is deprecated and will be removed in 7.0
WARN  - 2015-03-12 19:13:50.422; org.apache.solr.schema.FieldTypePluginLoader; TokenFilterFactory is using deprecated 5.0.0 emulation. You should at some point declare and reindex to at least 6.0, because 5.x emulation is deprecated and will be removed in 7.0
WARN  - 2015-03-12 19:13:50.423; org.apache.solr.schema.FieldTypePluginLoader; TokenFilterFactory is using deprecated 5.0.0 emulation. You should at some point declare and reindex to at least 6.0, because 5.x emulation is deprecated and will be removed in 7.0
WARN  - 2015-03-12 19:13:50.427; org.apache.solr.schema.FieldTypePluginLoader; TokenizerFactory is using deprecated 5.0.0 emulation. You should at some point declare and reindex to at least 6.0, because 5.x emulation is deprecated and will be removed in 7.0
WARN  - 2015-03-12 19:13:50.428; org.apache.solr.schema.FieldTypePluginLoader; TokenFilterFactory is using deprecated 5.0.0 emulation. You should at some point declare and reindex to at least 6.0, because 5.x emulation is deprecated and will be removed in 7.0
WARN  - 2015-03-12 19:13:50.428; org.apache.solr.schema.FieldTypePluginLoader; TokenFilterFactory is using deprecated 5.0.0 emulation. You should at some point declare and reindex to at least 6.0, because 5.x emulation is deprecated and will be removed in 7.0
WARN  - 2015-03-12 19:13:50.428; org.apache.solr.schema.FieldTypePluginLoader; TokenFilterFactory is using deprecated 5.0.0 emulation. You should at some point declare and reindex to at least 6.0, because 5.x emulation is deprecated and will be removed in 7.0
WARN  - 2015-03-12 19:13:50.434; org.apache.solr.schema.FieldTypePluginLoader; CharFilterFactory is using deprecated 5.0.0 emulation. You should at some point declare and reindex to at least 6.0, because 5.x emulation is deprecated and will be removed in 7.0
WARN  - 2015-03-12 19:13:50.437; org.apache.solr.schema.FieldTypePluginLoader; TokenizerFactory is using deprecated 5.0.0 emulation. You should at some point declare and reindex to at least 6.0, because 5.x emulation is deprecated and will be removed in 7.0
WARN  - 2015-03-12 19:13:50.437; org.apache.solr.schema.FieldTypePluginLoader; TokenFilterFactory is using deprecated 5.0.0 emulation. You should at some point declare and reindex to at least 6.0, because 5.x emulation is deprecated and will be removed in 7.0
WARN  - 2015-03-12 19:13:50.438; org.apache.solr.schema.FieldTypePluginLoader; TokenFilterFactory is using deprecated 5.0.0 emulation. You should at some point declare and reindex to at least 6.0, because 5.x emulation is deprecated and will be removed in 7.0
WARN  - 2015-03-12 19:13:50.438; org.apache.solr.schema.FieldTypePluginLoader; TokenFilterFactory is using deprecated 5.0.0 emulation. You should at some point declare and reindex to at least 6.0, because 5.x emulation is deprecated and will be removed in 7.0
WARN  - 2015-03-12 19:13:50.439; org.apache.solr.schema.FieldTypePluginLoader; TokenFilterFactory is using deprecated 5.0.0 emulation. You should at some point declare and reindex to at least 6.0, because 5.x emulation is deprecated and will be removed in 7.0
WARN  - 2015-03-12 19:13:50.443; org.apache.solr.schema.FieldTypePluginLoader; TokenizerFactory is using deprecated 5.0.0 emulation. You should at some point declare and reindex to at least 6.0, because 5.x emulation is deprecated and will be removed in 7.0
WARN  - 2015-03-12 19:13:50.444; org.apache.solr.schema.FieldTypePluginLoader; TokenFilterFactory is using deprecated 5.0.0 emulation. You should at some point declare and reindex to at least 6.0, because 5.x emulation is deprecated and will be removed in 7.0
WARN  - 2015-03-12 19:13:50.444; org.apache.solr.schema.FieldTypePluginLoader; TokenFilterFactory is using deprecated 5.0.0 emulation. You should at some point declare and reindex to at least 6.0, because 5.x emulation is deprecated and will be removed in 7.0
WARN  - 2015-03-12 19:13:50.444; org.apache.solr.schema.FieldTypePluginLoader; TokenFilterFactory is using deprecated 5.0.0 emulation. You should at some point declare and reindex to at least 6.0, because 5.x emulation is deprecated and will be removed in 7.0
WARN  - 2015-03-12 19:13:50.448; org.apache.solr.schema.FieldTypePluginLoader; TokenizerFactory is using deprecated 5.0.0 emulation. You should at some point declare and reindex to at least 6.0, because 5.x emulation is deprecated and will be removed in 7.0
WARN  - 2015-03-12 19:13:50.449; org.apache.solr.schema.FieldTypePluginLoader; TokenFilterFactory is using deprecated 5.0.0 emulation. You should at some point declare and reindex to at least 6.0, because 5.x emulation is deprecated and will be removed in 7.0
WARN  - 2015-03-12 19:13:50.449; org.apache.solr.schema.FieldTypePluginLoader; TokenFilterFactory is using deprecated 5.0.0 emulation. You should at some point declare and reindex to at least 6.0, because 5.x emulation is deprecated and will be removed in 7.0
WARN  - 2015-03-12 19:13:50.449; org.apache.solr.schema.FieldTypePluginLoader; TokenFilterFactory is using deprecated 5.0.0 emulation. You should at some point declare and reindex to at least 6.0, because 5.x emulation is deprecated and will be removed in 7.0
WARN  - 2015-03-12 19:13:50.450; org.apache.solr.schema.FieldTypePluginLoader; TokenFilterFactory is using deprecated 5.0.0 emulation. You should at some point declare and reindex to at least 6.0, because 5.x emulation is deprecated and will be removed in 7.0
WARN  - 2015-03-12 19:13:50.458; org.apache.solr.schema.FieldTypePluginLoader; TokenizerFactory is using deprecated 5.0.0 emulation. You should at some point declare and reindex to at least 6.0, because 5.x emulation is deprecated and will be removed in 7.0
WARN  - 2015-03-12 19:13:50.458; org.apache.solr.schema.FieldTypePluginLoader; TokenFilterFactory is using deprecated 5.0.0 emulation. You should at some point declare and reindex to at least 6.0, because 5.x emulation is deprecated and will be removed in 7.0
WARN  - 2015-03-12 19:13:50.459; org.apache.solr.schema.FieldTypePluginLoader; TokenFilterFactory is using deprecated 5.0.0 emulation. You should at some point declare and reindex to at least 6.0, because 5.x emulation is deprecated and will be removed in 7.0
WARN  - 2015-03-12 19:13:50.459; org.apache.solr.schema.FieldTypePluginLoader; TokenFilterFactory is using deprecated 5.0.0 emulation. You should at some point declare and reindex to at least 6.0, because 5.x emulation is deprecated and will be removed in 7.0
WARN  - 2015-03-12 19:13:50.460; org.apache.solr.schema.FieldTypePluginLoader; TokenFilterFactory is using deprecated 5.0.0 emulation. You should at some point declare and reindex to at least 6.0, because 5.x emulation is deprecated and will be removed in 7.0
WARN  - 2015-03-12 19:13:50.460; org.apache.solr.schema.FieldTypePluginLoader; TokenFilterFactory is using deprecated 5.0.0 emulation. You should at some point declare and reindex to at least 6.0, because 5.x emulation is deprecated and will be removed in 7.0
WARN  - 2015-03-12 19:13:50.462; org.apache.solr.schema.FieldTypePluginLoader; TokenizerFactory is using deprecated 5.0.0 emulation. You should at some point declare and reindex to at least 6.0, because 5.x emulation is deprecated and will be removed in 7.0
WARN  - 2015-03-12 19:13:50.463; org.apache.solr.schema.FieldTypePluginLoader; TokenFilterFactory is using deprecated 5.0.0 emulation. You should at some point declare and reindex to at least 6.0, because 5.x emulation is deprecated and will be removed in 7.0
WARN  - 2015-03-12 19:13:50.463; org.apache.solr.schema.FieldTypePluginLoader; TokenFilterFactory is using deprecated 5.0.0 emulation. You should at some point declare and reindex to at least 6.0, because 5.x emulation is deprecated and will be removed in 7.0
WARN  - 2015-03-12 19:13:50.463; org.apache.solr.schema.FieldTypePluginLoader; TokenFilterFactory is using deprecated 5.0.0 emulation. You should at some point declare and reindex to at least 6.0, because 5.x emulation is deprecated and will be removed in 7.0
WARN  - 2015-03-12 19:13:50.466; org.apache.solr.schema.FieldTypePluginLoader; TokenizerFactory is using deprecated 5.0.0 emulation. You should at some point declare and reindex to at least 6.0, because 5.x emulation is deprecated and will be removed in 7.0
WARN  - 2015-03-12 19:13:50.466; org.apache.solr.schema.FieldTypePluginLoader; TokenFilterFactory is using deprecated 5.0.0 emulation. You should at some point declare and reindex to at least 6.0, because 5.x emulation is deprecated and will be removed in 7.0
WARN  - 2015-03-12 19:13:50.467; org.apache.solr.schema.FieldTypePluginLoader; TokenFilterFactory is using deprecated 5.0.0 emulation. You should at some point declare and reindex to at least 6.0, because 5.x emulation is deprecated and will be removed in 7.0
WARN  - 2015-03-12 19:13:50.467; org.apache.solr.schema.FieldTypePluginLoader; TokenFilterFactory is using deprecated 5.0.0 emulation. You should at some point declare and reindex to at least 6.0, because 5.x emulation is deprecated and will be removed in 7.0
WARN  - 2015-03-12 19:13:50.468; org.apache.solr.schema.FieldTypePluginLoader; TokenFilterFactory is using deprecated 5.0.0 emulation. You should at some point declare and reindex to at least 6.0, because 5.x emulation is deprecated and will be removed in 7.0
WARN  - 2015-03-12 19:13:50.468; org.apache.solr.schema.FieldTypePluginLoader; TokenFilterFactory is using deprecated 5.0.0 emulation. You should at some point declare and reindex to at least 6.0, because 5.x emulation is deprecated and will be removed in 7.0
WARN  - 2015-03-12 19:13:50.470; org.apache.solr.schema.FieldTypePluginLoader; TokenizerFactory is using deprecated 5.0.0 emulation. You should at some point declare and reindex to at least 6.0, because 5.x emulation is deprecated and will be removed in 7.0
WARN  - 2015-03-12 19:13:50.471; org.apache.solr.schema.FieldTypePluginLoader; TokenFilterFactory is using deprecated 5.0.0 emulation. You should at some point declare and reindex to at least 6.0, because 5.x emulation is deprecated and will be removed in 7.0
WARN  - 2015-03-12 19:13:50.471; org.apache.solr.schema.FieldTypePluginLoader; TokenFilterFactory is using deprecated 5.0.0 emulation. You should at some point declare and reindex to at least 6.0, because 5.x emulation is deprecated and will be removed in 7.0
WARN  - 2015-03-12 19:13:50.471; org.apache.solr.schema.FieldTypePluginLoader; TokenFilterFactory is using deprecated 5.0.0 emulation. You should at some point declare and reindex to at least 6.0, because 5.x emulation is deprecated and will be removed in 7.0
WARN  - 2015-03-12 19:13:50.473; org.apache.solr.schema.FieldTypePluginLoader; TokenizerFactory is using deprecated 5.0.0 emulation. You should at some point declare and reindex to at least 6.0, because 5.x emulation is deprecated and will be removed in 7.0
WARN  - 2015-03-12 19:13:50.474; org.apache.solr.schema.FieldTypePluginLoader; TokenFilterFactory is using deprecated 5.0.0 emulation. You should at some point declare and reindex to at least 6.0, because 5.x emulation is deprecated and will be removed in 7.0
WARN  - 2015-03-12 19:13:50.474; org.apache.solr.schema.FieldTypePluginLoader; TokenFilterFactory is using deprecated 5.0.0 emulation. You should at some point declare and reindex to at least 6.0, because 5.x emulation is deprecated and will be removed in 7.0
WARN  - 2015-03-12 19:13:50.474; org.apache.solr.schema.FieldTypePluginLoader; TokenFilterFactory is using deprecated 5.0.0 emulation. You should at some point declare and reindex to at least 6.0, because 5.x emulation is deprecated and will be removed in 7.0
WARN  - 2015-03-12 19:13:50.476; org.apache.solr.schema.FieldTypePluginLoader; TokenizerFactory is using deprecated 5.0.0 emulation. You should at some point declare and reindex to at least 6.0, because 5.x emulation is deprecated and will be removed in 7.0
WARN  - 2015-03-12 19:13:50.477; org.apache.solr.schema.FieldTypePluginLoader; TokenFilterFactory is using deprecated 5.0.0 emulation. You should at some point declare and reindex to at least 6.0, because 5.x emulation is deprecated and will be removed in 7.0
WARN  - 2015-03-12 19:13:50.477; org.apache.solr.schema.FieldTypePluginLoader; TokenFilterFactory is using deprecated 5.0.0 emulation. You should at some point declare and reindex to at least 6.0, because 5.x emulation is deprecated and will be removed in 7.0
WARN  - 2015-03-12 19:13:50.477; org.apache.solr.schema.FieldTypePluginLoader; TokenFilterFactory is using deprecated 5.0.0 emulation. You should at some point declare and reindex to at least 6.0, because 5.x emulation is deprecated and will be removed in 7.0
WARN  - 2015-03-12 19:13:50.480; org.apache.solr.schema.FieldTypePluginLoader; TokenizerFactory is using deprecated 5.0.0 emulation. You should at some point declare and reindex to at least 6.0, because 5.x emulation is deprecated and will be removed in 7.0
WARN  - 2015-03-12 19:13:50.481; org.apache.solr.schema.FieldTypePluginLoader; TokenFilterFactory is using deprecated 5.0.0 emulation. You should at some point declare and reindex to at least 6.0, because 5.x emulation is deprecated and will be removed in 7.0
WARN  - 2015-03-12 19:13:50.481; org.apache.solr.schema.FieldTypePluginLoader; TokenFilterFactory is using deprecated 5.0.0 emulation. You should at some point declare and reindex to at least 6.0, because 5.x emulation is deprecated and will be removed in 7.0
WARN  - 2015-03-12 19:13:50.481; org.apache.solr.schema.FieldTypePluginLoader; TokenFilterFactory is using deprecated 5.0.0 emulation. You should at some point declare and reindex to at least 6.0, because 5.x emulation is deprecated and will be removed in 7.0
WARN  - 2015-03-12 19:13:50.481; org.apache.solr.schema.FieldTypePluginLoader; TokenFilterFactory is using deprecated 5.0.0 emulation. You should at some point declare and reindex to at least 6.0, because 5.x emulation is deprecated and will be removed in 7.0
WARN  - 2015-03-12 19:13:50.484; org.apache.solr.schema.FieldTypePluginLoader; TokenizerFactory is using deprecated 5.0.0 emulation. You should at some point declare and reindex to at least 6.0, because 5.x emulation is deprecated and will be removed in 7.0
WARN  - 2015-03-12 19:13:50.494; org.apache.solr.schema.FieldTypePluginLoader; TokenFilterFactory is using deprecated 5.0.0 emulation. You should at some point declare and reindex to at least 6.0, because 5.x emulation is deprecated and will be removed in 7.0
WARN  - 2015-03-12 19:13:50.494; org.apache.solr.schema.FieldTypePluginLoader; TokenFilterFactory is using deprecated 5.0.0 emulation. You should at some point declare and reindex to at least 6.0, because 5.x emulation is deprecated and will be removed in 7.0
WARN  - 2015-03-12 19:13:50.495; org.apache.solr.schema.FieldTypePluginLoader; TokenFilterFactory is using deprecated 5.0.0 emulation. You should at some point declare and reindex to at least 6.0, because 5.x emulation is deprecated and will be removed in 7.0
WARN  - 2015-03-12 19:13:50.495; org.apache.solr.schema.FieldTypePluginLoader; TokenFilterFactory is using deprecated 5.0.0 emulation. You should at some point declare and reindex to at least 6.0, because 5.x emulation is deprecated and will be removed in 7.0
WARN  - 2015-03-12 19:13:50.496; org.apache.solr.schema.FieldTypePluginLoader; TokenFilterFactory is using deprecated 5.0.0 emulation. You should at some point declare and reindex to at least 6.0, because 5.x emulation is deprecated and will be removed in 7.0
WARN  - 2015-03-12 19:13:50.497; org.apache.solr.schema.FieldTypePluginLoader; TokenFilterFactory is using deprecated 5.0.0 emulation. You should at some point declare and reindex to at least 6.0, because 5.x emulation is deprecated and will be removed in 7.0
WARN  - 2015-03-12 19:13:50.503; org.apache.solr.schema.FieldTypePluginLoader; TokenizerFactory is using deprecated 5.0.0 emulation. You should at some point declare and reindex to at least 6.0, because 5.x emulation is deprecated and will be removed in 7.0
WARN  - 2015-03-12 19:13:50.503; org.apache.solr.schema.FieldTypePluginLoader; TokenFilterFactory is using deprecated 5.0.0 emulation. You should at some point declare and reindex to at least 6.0, because 5.x emulation is deprecated and will be removed in 7.0
WARN  - 2015-03-12 19:13:50.503; org.apache.solr.schema.FieldTypePluginLoader; TokenFilterFactory is using deprecated 5.0.0 emulation. You should at some point declare and reindex to at least 6.0, because 5.x emulation is deprecated and will be removed in 7.0
WARN  - 2015-03-12 19:13:50.504; org.apache.solr.schema.FieldTypePluginLoader; TokenFilterFactory is using deprecated 5.0.0 emulation. You should at some point declare and reindex to at least 6.0, because 5.x emulation is deprecated and will be removed in 7.0
WARN  - 2015-03-12 19:13:50.508; org.apache.solr.schema.FieldTypePluginLoader; TokenizerFactory is using deprecated 5.0.0 emulation. You should at some point declare and reindex to at least 6.0, because 5.x emulation is deprecated and will be removed in 7.0
WARN  - 2015-03-12 19:13:50.509; org.apache.solr.schema.FieldTypePluginLoader; TokenFilterFactory is using deprecated 5.0.0 emulation. You should at some point declare and reindex to at least 6.0, because 5.x emulation is deprecated and will be removed in 7.0
WARN  - 2015-03-12 19:13:50.509; org.apache.solr.schema.FieldTypePluginLoader; TokenFilterFactory is using deprecated 5.0.0 emulation. You should at some point declare and reindex to at least 6.0, because 5.x emulation is deprecated and will be removed in 7.0
WARN  - 2015-03-12 19:13:50.509; org.apache.solr.schema.FieldTypePluginLoader; TokenFilterFactory is using deprecated 5.0.0 emulation. You should at some point declare and reindex to at least 6.0, because 5.x emulation is deprecated and will be removed in 7.0
WARN  - 2015-03-12 19:13:50.510; org.apache.solr.schema.FieldTypePluginLoader; TokenFilterFactory is using deprecated 5.0.0 emulation. You should at some point declare and reindex to at least 6.0, because 5.x emulation is deprecated and will be removed in 7.0
WARN  - 2015-03-12 19:13:50.514; org.apache.solr.schema.FieldTypePluginLoader; TokenizerFactory is using deprecated 5.0.0 emulation. You should at some point declare and reindex to at least 6.0, because 5.x emulation is deprecated and will be removed in 7.0
WARN  - 2015-03-12 19:13:50.515; org.apache.solr.schema.FieldTypePluginLoader; TokenFilterFactory is using deprecated 5.0.0 emulation. You should at some point declare and reindex to at least 6.0, because 5.x emulation is deprecated and will be removed in 7.0
WARN  - 2015-03-12 19:13:50.515; org.apache.solr.schema.FieldTypePluginLoader; TokenFilterFactory is using deprecated 5.0.0 emulation. You should at some point declare and reindex to at least 6.0, because 5.x emulation is deprecated and will be removed in 7.0
WARN  - 2015-03-12 19:13:50.515; org.apache.solr.schema.FieldTypePluginLoader; TokenFilterFactory is using deprecated 5.0.0 emulation. You should at some point declare and reindex to at least 6.0, because 5.x emulation is deprecated and will be removed in 7.0
WARN  - 2015-03-12 19:13:50.523; org.apache.solr.schema.FieldTypePluginLoader; TokenizerFactory is using deprecated 5.0.0 emulation. You should at some point declare and reindex to at least 6.0, because 5.x emulation is deprecated and will be removed in 7.0
WARN  - 2015-03-12 19:13:50.523; org.apache.solr.schema.FieldTypePluginLoader; TokenFilterFactory is using deprecated 5.0.0 emulation. You should at some point declare and reindex to at least 6.0, because 5.x emulation is deprecated and will be removed in 7.0
WARN  - 2015-03-12 19:13:50.523; org.apache.solr.schema.FieldTypePluginLoader; TokenFilterFactory is using deprecated 5.0.0 emulation. You should at some point declare and reindex to at least 6.0, because 5.x emulation is deprecated and will be removed in 7.0
WARN  - 2015-03-12 19:13:50.524; org.apache.solr.schema.FieldTypePluginLoader; TokenFilterFactory is using deprecated 5.0.0 emulation. You should at some point declare and reindex to at least 6.0, because 5.x emulation is deprecated and will be removed in 7.0
WARN  - 2015-03-12 19:13:50.529; org.apache.solr.schema.FieldTypePluginLoader; TokenizerFactory is using deprecated 5.0.0 emulation. You should at some point declare and reindex to at least 6.0, because 5.x emulation is deprecated and will be removed in 7.0
WARN  - 2015-03-12 19:13:50.529; org.apache.solr.schema.FieldTypePluginLoader; TokenFilterFactory is using deprecated 5.0.0 emulation. You should at some point declare and reindex to at least 6.0, because 5.x emulation is deprecated and will be removed in 7.0
WARN  - 2015-03-12 19:13:50.529; org.apache.solr.schema.FieldTypePluginLoader; TokenFilterFactory is using deprecated 5.0.0 emulation. You should at some point declare and reindex to at least 6.0, because 5.x emulation is deprecated and will be removed in 7.0
WARN  - 2015-03-12 19:13:50.530; org.apache.solr.schema.FieldTypePluginLoader; TokenFilterFactory is using deprecated 5.0.0 emulation. You should at some point declare and reindex to at least 6.0, because 5.x emulation is deprecated and will be removed in 7.0
WARN  - 2015-03-12 19:13:50.532; org.apache.solr.schema.FieldTypePluginLoader; TokenizerFactory is using deprecated 5.0.0 emulation. You should at some point declare and reindex to at least 6.0, because 5.x emulation is deprecated and will be removed in 7.0
WARN  - 2015-03-12 19:13:50.532; org.apache.solr.schema.FieldTypePluginLoader; TokenFilterFactory is using deprecated 5.0.0 emulation. You should at some point declare and reindex to at least 6.0, because 5.x emulation is deprecated and will be removed in 7.0
WARN  - 2015-03-12 19:13:50.533; org.apache.solr.schema.FieldTypePluginLoader; TokenFilterFactory is using deprecated 5.0.0 emulation. You should at some point declare and reindex to at least 6.0, because 5.x emulation is deprecated and will be removed in 7.0
WARN  - 2015-03-12 19:13:50.533; org.apache.solr.schema.FieldTypePluginLoader; TokenFilterFactory is using deprecated 5.0.0 emulation. You should at some point declare and reindex to at least 6.0, because 5.x emulation is deprecated and will be removed in 7.0
WARN  - 2015-03-12 19:13:50.536; org.apache.solr.schema.FieldTypePluginLoader; TokenizerFactory is using deprecated 5.0.0 emulation. You should at some point declare and reindex to at least 6.0, because 5.x emulation is deprecated and will be removed in 7.0
WARN  - 2015-03-12 19:13:50.536; org.apache.solr.schema.FieldTypePluginLoader; TokenFilterFactory is using deprecated 5.0.0 emulation. You should at some point declare and reindex to at least 6.0, because 5.x emulation is deprecated and will be removed in 7.0
WARN  - 2015-03-12 19:13:50.536; org.apache.solr.schema.FieldTypePluginLoader; TokenFilterFactory is using deprecated 5.0.0 emulation. You should at some point declare and reindex to at least 6.0, because 5.x emulation is deprecated and will be removed in 7.0
WARN  - 2015-03-12 19:13:50.537; org.apache.solr.schema.FieldTypePluginLoader; TokenFilterFactory is using deprecated 5.0.0 emulation. You should at some point declare and reindex to at least 6.0, because 5.x emulation is deprecated and will be removed in 7.0
WARN  - 2015-03-12 19:13:50.539; org.apache.solr.schema.FieldTypePluginLoader; TokenizerFactory is using deprecated 5.0.0 emulation. You should at some point declare and reindex to at least 6.0, because 5.x emulation is deprecated and will be removed in 7.0
WARN  - 2015-03-12 19:13:50.540; org.apache.solr.schema.FieldTypePluginLoader; TokenFilterFactory is using deprecated 5.0.0 emulation. You should at some point declare and reindex to at least 6.0, because 5.x emulation is deprecated and will be removed in 7.0
WARN  - 2015-03-12 19:13:50.540; org.apache.solr.schema.FieldTypePluginLoader; TokenFilterFactory is using deprecated 5.0.0 emulation. You should at some point declare and reindex to at least 6.0, because 5.x emulation is deprecated and will be removed in 7.0
WARN  - 2015-03-12 19:13:50.543; org.apache.solr.schema.FieldTypePluginLoader; TokenizerFactory is using deprecated 5.0.0 emulation. You should at some point declare and reindex to at least 6.0, because 5.x emulation is deprecated and will be removed in 7.0
WARN  - 2015-03-12 19:13:50.543; org.apache.solr.schema.FieldTypePluginLoader; TokenFilterFactory is using deprecated 5.0.0 emulation. You should at some point declare and reindex to at least 6.0, because 5.x emulation is deprecated and will be removed in 7.0
WARN  - 2015-03-12 19:13:50.544; org.apache.solr.schema.FieldTypePluginLoader; TokenFilterFactory is using deprecated 5.0.0 emulation. You should at some point declare and reindex to at least 6.0, because 5.x emulation is deprecated and will be removed in 7.0
WARN  - 2015-03-12 19:13:50.545; org.apache.solr.schema.FieldTypePluginLoader; TokenFilterFactory is using deprecated 5.0.0 emulation. You should at some point declare and reindex to at least 6.0, because 5.x emulation is deprecated and will be removed in 7.0
WARN  - 2015-03-12 19:13:50.545; org.apache.solr.schema.FieldTypePluginLoader; TokenFilterFactory is using deprecated 5.0.0 emulation. You should at some point declare and reindex to at least 6.0, because 5.x emulation is deprecated and will be removed in 7.0
INFO  - 2015-03-12 19:13:50.590; org.apache.solr.schema.IndexSchema; unique key field: id
INFO  - 2015-03-12 19:13:50.665; org.apache.solr.schema.FileExchangeRateProvider; Reloading exchange rates from file currency.xml
INFO  - 2015-03-12 19:13:50.671; org.apache.solr.schema.FileExchangeRateProvider; Reloading exchange rates from file currency.xml
INFO  - 2015-03-12 19:13:50.762; org.apache.solr.core.CoreContainer; Creating SolrCore 'cmu' using configuration from instancedir /Users/jie/Documents/data/infosense/dumpling/solr_trunk/solr/server/solr/cmu/
INFO  - 2015-03-12 19:13:50.763; org.apache.solr.core.SolrCore; solr.NRTCachingDirectoryFactory
INFO  - 2015-03-12 19:13:50.770; org.apache.solr.core.SolrCore; [cmu] Opening new SolrCore at /Users/jie/Documents/data/infosense/dumpling/solr_trunk/solr/server/solr/cmu/, dataDir=/Users/jie/Documents/data/infosense/dumpling/solr_trunk/solr/server/solr/cmu/data/
INFO  - 2015-03-12 19:13:50.772; org.apache.solr.core.JmxMonitoredMap; No JMX servers found, not exposing Solr information with JMX.
INFO  - 2015-03-12 19:13:50.784; org.apache.solr.core.SolrCore; [cmu] Added SolrEventListener for newSearcher: org.apache.solr.core.QuerySenderListener{queries=[]}
INFO  - 2015-03-12 19:13:50.784; org.apache.solr.core.SolrCore; [cmu] Added SolrEventListener for firstSearcher: org.apache.solr.core.QuerySenderListener{queries=[{q=static firstSearcher warming in solrconfig.xml}]}
INFO  - 2015-03-12 19:13:50.813; org.apache.solr.core.CachingDirectoryFactory; return new directory for /Users/jie/Documents/data/infosense/dumpling/solr_trunk/solr/server/solr/cmu/data
INFO  - 2015-03-12 19:13:50.814; org.apache.solr.core.SolrCore; New index directory detected: old=null new=/Users/jie/Documents/data/infosense/dumpling/solr_trunk/solr/server/solr/cmu/data/index/
INFO  - 2015-03-12 19:13:50.815; org.apache.solr.core.CachingDirectoryFactory; return new directory for /Users/jie/Documents/data/infosense/dumpling/solr_trunk/solr/server/solr/cmu/data/index
INFO  - 2015-03-12 19:13:50.831; org.apache.solr.core.PluginBag; queryResponseWriter : 'velocity' created with startup=lazy 
INFO  - 2015-03-12 19:13:50.836; org.apache.solr.response.XSLTResponseWriter; xsltCacheLifetimeSeconds=5
INFO  - 2015-03-12 19:13:50.956; org.apache.solr.update.processor.UpdateRequestProcessorChain; creating updateRequestProcessorChain "uuid"
INFO  - 2015-03-12 19:13:50.968; org.apache.solr.update.processor.UpdateRequestProcessorChain; inserting DistributedUpdateProcessorFactory into updateRequestProcessorChain "uuid"
INFO  - 2015-03-12 19:13:50.968; org.apache.solr.core.SolrCore; no updateRequestProcessorChain defined as default, creating implicit default
INFO  - 2015-03-12 19:13:51.007; org.apache.solr.handler.loader.XMLLoader; xsltCacheLifetimeSeconds=60
INFO  - 2015-03-12 19:13:51.010; org.apache.solr.handler.loader.XMLLoader; xsltCacheLifetimeSeconds=60
INFO  - 2015-03-12 19:13:51.013; org.apache.solr.handler.loader.XMLLoader; xsltCacheLifetimeSeconds=60
INFO  - 2015-03-12 19:13:51.015; org.apache.solr.handler.loader.XMLLoader; xsltCacheLifetimeSeconds=60
INFO  - 2015-03-12 19:13:51.085; org.apache.solr.core.PluginBag; requestHandler : '/update/extract' created with startup=lazy 
INFO  - 2015-03-12 19:13:51.086; org.apache.solr.core.PluginBag; requestHandler : '/analysis/field' created with startup=lazy 
INFO  - 2015-03-12 19:13:51.086; org.apache.solr.core.PluginBag; requestHandler : '/analysis/document' created with startup=lazy 
WARN  - 2015-03-12 19:13:51.090; org.apache.solr.core.SolrResourceLoader; Solr loaded a deprecated plugin/analysis class [solr.admin.AdminHandlers]. Please consult documentation how to replace it accordingly.
INFO  - 2015-03-12 19:13:51.094; org.apache.solr.core.PluginBag; requestHandler : '/spell' created with startup=lazy 
INFO  - 2015-03-12 19:13:51.094; org.apache.solr.core.PluginBag; requestHandler : '/suggest' created with startup=lazy 
INFO  - 2015-03-12 19:13:51.094; org.apache.solr.core.PluginBag; requestHandler : '/tvrh' created with startup=lazy 
INFO  - 2015-03-12 19:13:51.095; org.apache.solr.core.PluginBag; requestHandler : '/terms' created with startup=lazy 
INFO  - 2015-03-12 19:13:51.095; org.apache.solr.core.PluginBag; requestHandler : '/elevate' created with startup=lazy 
INFO  - 2015-03-12 19:13:51.095; org.apache.solr.core.RequestHandlers; Registered paths: /admin/mbeans,/browse,/update/json/docs,/admin/luke,/get,/admin/properties,/elevate,/update/json,/admin/threads,/query,/analysis/field,/analysis/document,/spell,/update/csv,/tvrh,/select,/admin/segments,/admin/system,/suggest,/replication,/config,/schema,/admin/plugins,/admin/logging,/admin,/admin/ping,/update,/admin/file,/winwin,/debug/dump,/terms,/dataimport,/update/extract
INFO  - 2015-03-12 19:13:51.097; org.apache.solr.core.SolrCore; Using default statsCache cache: org.apache.solr.search.stats.LocalStatsCache
INFO  - 2015-03-12 19:13:51.107; org.apache.solr.update.UpdateHandler; Using UpdateLog implementation: org.apache.solr.update.UpdateLog
INFO  - 2015-03-12 19:13:51.107; org.apache.solr.update.UpdateLog; Initializing UpdateLog: dataDir= defaultSyncLevel=FLUSH numRecordsToKeep=100 maxNumLogsToKeep=10
INFO  - 2015-03-12 19:13:51.118; org.apache.solr.update.CommitTracker; Hard AutoCommit: if uncommited for 15000ms; 
INFO  - 2015-03-12 19:13:51.118; org.apache.solr.update.CommitTracker; Soft AutoCommit: disabled
INFO  - 2015-03-12 19:13:51.165; org.apache.solr.core.SolrDeletionPolicy; SolrDeletionPolicy.onInit: commits: num=1
	commit{dir=NRTCachingDirectory(MMapDirectory@/Users/jie/Documents/data/infosense/dumpling/solr_trunk/solr/server/solr/cmu/data/index lockFactory=org.apache.lucene.store.NativeFSLockFactory@9b42f2b; maxCacheMB=48.0 maxMergeSizeMB=4.0),segFN=segments_1,generation=1}
INFO  - 2015-03-12 19:13:51.165; org.apache.solr.core.SolrDeletionPolicy; newest commit generation = 1
INFO  - 2015-03-12 19:13:51.176; org.apache.solr.search.SolrIndexSearcher; Opening Searcher@5b3e2f26[cmu] main
INFO  - 2015-03-12 19:13:51.181; org.apache.solr.rest.ManagedResourceStorage$FileStorageIO; File-based storage initialized to use dir: /Users/jie/Documents/data/infosense/dumpling/solr_trunk/solr/server/solr/cmu/conf
INFO  - 2015-03-12 19:13:51.181; org.apache.solr.rest.RestManager; Initializing RestManager with initArgs: {storageDir=/Users/jie/Documents/data/infosense/dumpling/solr_trunk/solr/server/solr/cmu/conf}
INFO  - 2015-03-12 19:13:51.188; org.apache.solr.rest.ManagedResourceStorage; Reading _rest_managed.json using file:dir=/Users/jie/Documents/data/infosense/dumpling/solr_trunk/solr/server/solr/cmu/conf
INFO  - 2015-03-12 19:13:51.189; org.apache.solr.rest.RestManager; Initializing 0 registered ManagedResources
INFO  - 2015-03-12 19:13:51.194; org.apache.solr.handler.component.SpellCheckComponent; Initializing spell checkers
INFO  - 2015-03-12 19:13:51.210; org.apache.solr.spelling.DirectSolrSpellChecker; init: {name=default,field=text,classname=solr.DirectSolrSpellChecker,distanceMeasure=internal,accuracy=0.5,maxEdits=2,minPrefix=1,maxInspections=5,minQueryLength=4,maxQueryFrequency=0.01}
INFO  - 2015-03-12 19:13:51.224; org.apache.solr.handler.component.SpellCheckComponent; No queryConverter defined, using default converter
INFO  - 2015-03-12 19:13:51.226; org.apache.solr.handler.component.SuggestComponent; Initializing SuggestComponent
INFO  - 2015-03-12 19:13:51.228; org.apache.solr.spelling.suggest.SolrSuggester; init: {name=mySuggester,lookupImpl=FuzzyLookupFactory,dictionaryImpl=DocumentDictionaryFactory,field=cat,weightField=price,suggestAnalyzerFieldType=string}
INFO  - 2015-03-12 19:13:51.261; org.apache.solr.spelling.suggest.SolrSuggester; Dictionary loaded with params: {name=mySuggester,lookupImpl=FuzzyLookupFactory,dictionaryImpl=DocumentDictionaryFactory,field=cat,weightField=price,suggestAnalyzerFieldType=string}
INFO  - 2015-03-12 19:13:51.262; org.apache.solr.handler.component.SuggestComponent; Registering searcher listener for suggester: mySuggester - SuggesterListener [core=org.apache.solr.core.SolrCore@5e029b4f, suggester=SolrSuggester [ name=mySuggester, sourceLocation=null, storeDir=, lookupImpl=FuzzyLookupFactory, dictionaryImpl=DocumentDictionaryFactory, sizeInBytes=0 ], buildOnCommit=false, buildOnOptimize=false, buildOnStartup=true, isCoreReload=false]
INFO  - 2015-03-12 19:13:51.263; org.apache.solr.handler.component.QueryElevationComponent; Loading QueryElevation from: /Users/jie/Documents/data/infosense/dumpling/solr_trunk/solr/server/solr/cmu/conf/elevate.xml
INFO  - 2015-03-12 19:13:51.291; org.apache.solr.handler.ReplicationHandler; Commits will be reserved for  10000
WARN  - 2015-03-12 19:13:51.304; org.apache.solr.handler.admin.AdminHandlers; <requestHandler name="/admin/" 
 class="solr.admin.AdminHandlers" /> is deprecated . It is not required anymore
INFO  - 2015-03-12 19:13:51.305; org.apache.solr.core.QuerySenderListener; QuerySenderListener sending requests to Searcher@5b3e2f26[cmu] main{ExitableDirectoryReader(UninvertingDirectoryReader())}
INFO  - 2015-03-12 19:13:51.308; org.apache.solr.core.CoreContainer; registering core: cmu
INFO  - 2015-03-12 19:13:51.310; org.apache.solr.servlet.SolrDispatchFilter; [admin] webapp=null path=/admin/cores params={schema=schema.xml&dataDir=data&name=cmu&indexInfo=false&action=CREATE&collection=&shard=&wt=json&instanceDir=cmu&config=solrconfig.xml&_=1426187629442} status=0 QTime=1720 
INFO  - 2015-03-12 19:13:51.381; org.apache.solr.core.SolrCore; [cmu] webapp=null path=null params={q=static+firstSearcher+warming+in+solrconfig.xml&distrib=false&event=firstSearcher} hits=0 status=0 QTime=75 
INFO  - 2015-03-12 19:13:51.382; org.apache.solr.core.QuerySenderListener; QuerySenderListener done.
INFO  - 2015-03-12 19:13:51.382; org.apache.solr.handler.component.SpellCheckComponent$SpellCheckerListener; Loading spell index for spellchecker: default
INFO  - 2015-03-12 19:13:51.383; org.apache.solr.handler.component.SpellCheckComponent$SpellCheckerListener; Loading spell index for spellchecker: wordbreak
INFO  - 2015-03-12 19:13:51.383; org.apache.solr.handler.component.SuggestComponent$SuggesterListener; buildOnStartup: mySuggester
INFO  - 2015-03-12 19:13:51.383; org.apache.solr.spelling.suggest.SolrSuggester; SolrSuggester.build(mySuggester)
INFO  - 2015-03-12 19:13:51.400; org.apache.solr.core.SolrCore; [cmu] Registered new searcher Searcher@5b3e2f26[cmu] main{ExitableDirectoryReader(UninvertingDirectoryReader())}
INFO  - 2015-03-12 19:13:51.402; org.apache.solr.servlet.SolrDispatchFilter; [admin] webapp=null path=/admin/cores params={wt=json&_=1426187631348} status=0 QTime=29 
INFO  - 2015-03-12 19:13:51.518; org.apache.solr.servlet.SolrDispatchFilter; [admin] webapp=null path=/admin/cores params={wt=json&_=1426187631429} status=0 QTime=1 
INFO  - 2015-03-12 19:13:54.063; org.apache.solr.core.SolrCore; [cmu] webapp=/solr path=/admin/file params={file=admin-extra.menu-top.html&contentType=text/html;charset%3Dutf-8&_=1426187634050} status=0 QTime=1 
INFO  - 2015-03-12 19:13:54.072; org.apache.solr.core.SolrCore; [cmu] webapp=/solr path=/admin/file params={file=admin-extra.menu-bottom.html&contentType=text/html;charset%3Dutf-8&_=1426187634051} status=0 QTime=1 
INFO  - 2015-03-12 19:13:54.148; org.apache.solr.core.SolrCore; [cmu] webapp=/solr path=/admin/luke params={show=index&numTerms=0&wt=json&_=1426187634090} status=0 QTime=1 
INFO  - 2015-03-12 19:13:54.165; org.apache.solr.core.SolrCore; [cmu] webapp=/solr path=/replication params={wt=json&command=details&_=1426187634107} status=0 QTime=1 
INFO  - 2015-03-12 19:13:54.201; org.apache.solr.core.SolrCore; [cmu] webapp=/solr path=/admin/file params={file=admin-extra.html&_=1426187634114} status=0 QTime=0 
INFO  - 2015-03-12 19:13:54.227; org.apache.solr.core.SolrCore; [cmu] webapp=/solr path=/admin/ping params={action=status&wt=json&_=1426187634116} status=503 QTime=4 
INFO  - 2015-03-12 19:13:54.232; org.apache.solr.core.SolrCore; [cmu] webapp=/solr path=/admin/system params={wt=json&_=1426187634112} status=0 QTime=50 
INFO  - 2015-03-12 19:13:55.183; org.apache.solr.core.SolrCore; [cmu] webapp=/solr path=/admin/mbeans params={cat=QUERYHANDLER&wt=json&_=1426187635157} status=0 QTime=5 
INFO  - 2015-03-12 19:13:55.251; org.apache.solr.core.SolrCore; [cmu] webapp=/solr path=/admin/mbeans params={cat=QUERYHANDLER&wt=json&_=1426187635236} status=0 QTime=0 
INFO  - 2015-03-12 19:13:55.336; org.apache.solr.core.SolrCore; [cmu] webapp=/solr path=/dataimport params={indent=true&command=show-config&_=1426187635237} status=0 QTime=7 
INFO  - 2015-03-12 19:13:55.337; org.apache.solr.core.SolrCore; [cmu] webapp=/solr path=/dataimport params={indent=true&wt=json&command=status&_=1426187635245} status=0 QTime=1 
INFO  - 2015-03-12 19:14:35.236; org.apache.solr.core.SolrCore; [cmu] webapp=/solr path=/update params={wt=json} status=0 QTime=52 
INFO  - 2015-03-12 19:14:36.237; org.apache.solr.update.DirectUpdateHandler2; start commit{,optimize=false,openSearcher=true,waitSearcher=true,expungeDeletes=false,softCommit=true,prepareCommit=false}
INFO  - 2015-03-12 19:14:36.291; org.apache.solr.search.SolrIndexSearcher; Opening Searcher@5dc816a8[cmu] main
INFO  - 2015-03-12 19:14:36.294; org.apache.solr.update.DirectUpdateHandler2; end_commit_flush
INFO  - 2015-03-12 19:14:36.295; org.apache.solr.core.QuerySenderListener; QuerySenderListener sending requests to Searcher@5dc816a8[cmu] main{ExitableDirectoryReader(UninvertingDirectoryReader(Uninverting(_0(6.0.0):C1)))}
INFO  - 2015-03-12 19:14:36.296; org.apache.solr.core.QuerySenderListener; QuerySenderListener done.
INFO  - 2015-03-12 19:14:36.296; org.apache.solr.core.SolrCore; [cmu] Registered new searcher Searcher@5dc816a8[cmu] main{ExitableDirectoryReader(UninvertingDirectoryReader(Uninverting(_0(6.0.0):C1)))}
INFO  - 2015-03-12 19:14:40.491; org.apache.solr.core.SolrCore; [cmu] webapp=/solr path=/update params={wt=json} status=0 QTime=4 
INFO  - 2015-03-12 19:14:41.492; org.apache.solr.update.DirectUpdateHandler2; start commit{,optimize=false,openSearcher=true,waitSearcher=true,expungeDeletes=false,softCommit=true,prepareCommit=false}
INFO  - 2015-03-12 19:14:41.504; org.apache.solr.search.SolrIndexSearcher; Opening Searcher@2b552d1b[cmu] main
INFO  - 2015-03-12 19:14:41.504; org.apache.solr.update.DirectUpdateHandler2; end_commit_flush
INFO  - 2015-03-12 19:14:41.504; org.apache.solr.core.QuerySenderListener; QuerySenderListener sending requests to Searcher@2b552d1b[cmu] main{ExitableDirectoryReader(UninvertingDirectoryReader(Uninverting(_0(6.0.0):C1) Uninverting(_1(6.0.0):C1)))}
INFO  - 2015-03-12 19:14:41.504; org.apache.solr.core.QuerySenderListener; QuerySenderListener done.
INFO  - 2015-03-12 19:14:41.504; org.apache.solr.core.SolrCore; [cmu] Registered new searcher Searcher@2b552d1b[cmu] main{ExitableDirectoryReader(UninvertingDirectoryReader(Uninverting(_0(6.0.0):C1) Uninverting(_1(6.0.0):C1)))}
INFO  - 2015-03-12 19:14:48.500; org.apache.solr.core.SolrCore; [cmu] webapp=/solr path=/update params={wt=json} status=0 QTime=2 
INFO  - 2015-03-12 19:14:49.501; org.apache.solr.update.DirectUpdateHandler2; start commit{,optimize=false,openSearcher=true,waitSearcher=true,expungeDeletes=false,softCommit=true,prepareCommit=false}
INFO  - 2015-03-12 19:14:49.511; org.apache.solr.search.SolrIndexSearcher; Opening Searcher@7fce60d8[cmu] main
INFO  - 2015-03-12 19:14:49.512; org.apache.solr.update.DirectUpdateHandler2; end_commit_flush
INFO  - 2015-03-12 19:14:49.513; org.apache.solr.core.QuerySenderListener; QuerySenderListener sending requests to Searcher@7fce60d8[cmu] main{ExitableDirectoryReader(UninvertingDirectoryReader(Uninverting(_0(6.0.0):C1) Uninverting(_1(6.0.0):C1) Uninverting(_2(6.0.0):C1)))}
INFO  - 2015-03-12 19:14:49.514; org.apache.solr.core.QuerySenderListener; QuerySenderListener done.
INFO  - 2015-03-12 19:14:49.514; org.apache.solr.core.SolrCore; [cmu] Registered new searcher Searcher@7fce60d8[cmu] main{ExitableDirectoryReader(UninvertingDirectoryReader(Uninverting(_0(6.0.0):C1) Uninverting(_1(6.0.0):C1) Uninverting(_2(6.0.0):C1)))}
INFO  - 2015-03-12 19:14:50.237; org.apache.solr.update.DirectUpdateHandler2; start commit{,optimize=false,openSearcher=false,waitSearcher=true,expungeDeletes=false,softCommit=false,prepareCommit=false}
INFO  - 2015-03-12 19:14:50.253; org.apache.solr.core.SolrDeletionPolicy; SolrDeletionPolicy.onCommit: commits: num=2
	commit{dir=NRTCachingDirectory(MMapDirectory@/Users/jie/Documents/data/infosense/dumpling/solr_trunk/solr/server/solr/cmu/data/index lockFactory=org.apache.lucene.store.NativeFSLockFactory@9b42f2b; maxCacheMB=48.0 maxMergeSizeMB=4.0),segFN=segments_1,generation=1}
	commit{dir=NRTCachingDirectory(MMapDirectory@/Users/jie/Documents/data/infosense/dumpling/solr_trunk/solr/server/solr/cmu/data/index lockFactory=org.apache.lucene.store.NativeFSLockFactory@9b42f2b; maxCacheMB=48.0 maxMergeSizeMB=4.0),segFN=segments_2,generation=2}
INFO  - 2015-03-12 19:14:50.253; org.apache.solr.core.SolrDeletionPolicy; newest commit generation = 2
INFO  - 2015-03-12 19:14:50.254; org.apache.solr.update.DirectUpdateHandler2; end_commit_flush
INFO  - 2015-03-12 19:14:56.580; org.apache.solr.core.SolrCore; [cmu] webapp=/solr path=/update params={wt=json} status=0 QTime=3 
INFO  - 2015-03-12 19:14:57.580; org.apache.solr.update.DirectUpdateHandler2; start commit{,optimize=false,openSearcher=true,waitSearcher=true,expungeDeletes=false,softCommit=true,prepareCommit=false}
INFO  - 2015-03-12 19:14:57.589; org.apache.solr.search.SolrIndexSearcher; Opening Searcher@5c922b26[cmu] main
INFO  - 2015-03-12 19:14:57.590; org.apache.solr.update.DirectUpdateHandler2; end_commit_flush
INFO  - 2015-03-12 19:14:57.590; org.apache.solr.core.QuerySenderListener; QuerySenderListener sending requests to Searcher@5c922b26[cmu] main{ExitableDirectoryReader(UninvertingDirectoryReader(Uninverting(_0(6.0.0):C1) Uninverting(_1(6.0.0):C1) Uninverting(_2(6.0.0):C1) Uninverting(_3(6.0.0):C1)))}
INFO  - 2015-03-12 19:14:57.590; org.apache.solr.core.QuerySenderListener; QuerySenderListener done.
INFO  - 2015-03-12 19:14:57.590; org.apache.solr.core.SolrCore; [cmu] Registered new searcher Searcher@5c922b26[cmu] main{ExitableDirectoryReader(UninvertingDirectoryReader(Uninverting(_0(6.0.0):C1) Uninverting(_1(6.0.0):C1) Uninverting(_2(6.0.0):C1) Uninverting(_3(6.0.0):C1)))}
INFO  - 2015-03-12 19:15:03.820; org.apache.solr.core.SolrCore; [cmu] webapp=/solr path=/select params={q=*:*&indent=true&wt=json&_=1426187703801} hits=4 status=0 QTime=5 
INFO  - 2015-03-12 19:15:11.582; org.apache.solr.update.DirectUpdateHandler2; start commit{,optimize=false,openSearcher=false,waitSearcher=true,expungeDeletes=false,softCommit=false,prepareCommit=false}
INFO  - 2015-03-12 19:15:11.591; org.apache.solr.core.SolrDeletionPolicy; SolrDeletionPolicy.onCommit: commits: num=2
	commit{dir=NRTCachingDirectory(MMapDirectory@/Users/jie/Documents/data/infosense/dumpling/solr_trunk/solr/server/solr/cmu/data/index lockFactory=org.apache.lucene.store.NativeFSLockFactory@9b42f2b; maxCacheMB=48.0 maxMergeSizeMB=4.0),segFN=segments_2,generation=2}
	commit{dir=NRTCachingDirectory(MMapDirectory@/Users/jie/Documents/data/infosense/dumpling/solr_trunk/solr/server/solr/cmu/data/index lockFactory=org.apache.lucene.store.NativeFSLockFactory@9b42f2b; maxCacheMB=48.0 maxMergeSizeMB=4.0),segFN=segments_3,generation=3}
INFO  - 2015-03-12 19:15:11.591; org.apache.solr.core.SolrDeletionPolicy; newest commit generation = 3
INFO  - 2015-03-12 19:15:11.592; org.apache.solr.update.DirectUpdateHandler2; end_commit_flush
INFO  - 2015-03-12 19:15:22.913; org.apache.solr.core.SolrCore; [cmu] webapp=/solr path=/winwin params={q=docContent:aaaa&indent=true&wt=json&_=1426187722887} hits=3 status=0 QTime=10 
INFO  - 2015-03-12 19:15:29.688; org.apache.solr.core.SolrCore; [cmu] webapp=/solr path=/winwin params={q=docContent:bbbb&indent=true&wt=json&_=1426187729666} hits=4 status=0 QTime=8 
INFO  - 2015-03-12 19:15:58.570; org.apache.solr.core.SolrCore; [cmu] webapp=/solr path=/winwin params={q=docContent:bbbb&indent=true&wt=json&_=1426187752417} hits=4 status=0 QTime=6139 
